#
# There is insufficient memory for the Java Runtime Environment to continue.
# Native memory allocation (malloc) failed to allocate 1071936 bytes for Chunk::new
# Possible reasons:
#   The system is out of physical RAM or swap space
#   The process is running with CompressedOops enabled, and the Java Heap may be blocking the growth of the native heap
# Possible solutions:
#   Reduce memory load on the system
#   Increase physical memory or swap space
#   Check if swap backing store is full
#   Decrease Java heap size (-Xmx/-Xms)
#   Decrease number of Java threads
#   Decrease Java thread stack sizes (-Xss)
#   Set larger code cache with -XX:ReservedCodeCacheSize=
#   JVM is running with Unscaled Compressed Oops mode in which the Java heap is
#     placed in the first 4GB address space. The Java Heap base address is the
#     maximum limit for the native heap growth. Please use -XX:HeapBaseMinAddress
#     to set the Java Heap base and to place the Java Heap above 4GB virtual address.
# This output file may be truncated or incomplete.
#
#  Out of Memory Error (allocation.cpp:389), pid=16664, tid=0x0000000000003c54
#
# JRE version: OpenJDK Runtime Environment (8.0_212-b04) (build 1.8.0_212-release-1586-b04)
# Java VM: OpenJDK 64-Bit Server VM (25.212-b04 mixed mode windows-amd64 compressed oops)
# Failed to write core dump. Minidumps are not enabled by default on client versions of Windows
#

---------------  T H R E A D  ---------------

Current thread (0x0000000017f3b000):  JavaThread "C2 CompilerThread0" daemon [_thread_in_native, id=15444, stack(0x00000000184f0000,0x00000000185f0000)]

Stack: [0x00000000184f0000,0x00000000185f0000]
[error occurred during error reporting (printing stack bounds), id 0xc0000005]

Native frames: (J=compiled Java code, j=interpreted, Vv=VM code, C=native code)


Current CompileTask:
C2:   3081 3187       4       groovy.lang.MetaClassImpl$1MOPIter::methodNameAction (325 bytes)


---------------  P R O C E S S  ---------------

Java Threads: ( => current thread )
  0x000000001cbce800 JavaThread "Build operations Thread 6" [_thread_blocked, id=17216, stack(0x0000000021fe0000,0x00000000220e0000)]
  0x000000001cbd0000 JavaThread "Build operations Thread 5" [_thread_blocked, id=6456, stack(0x0000000021ee0000,0x0000000021fe0000)]
  0x000000001cbd2800 JavaThread "Build operations Thread 4" [_thread_blocked, id=5624, stack(0x0000000021de0000,0x0000000021ee0000)]
  0x000000001cbcf800 JavaThread "Build operations Thread 3" [_thread_blocked, id=15940, stack(0x0000000021ce0000,0x0000000021de0000)]
  0x000000001cbcb000 JavaThread "Build operations Thread 2" [_thread_blocked, id=6912, stack(0x0000000021be0000,0x0000000021ce0000)]
  0x000000001cbcb800 JavaThread "Build operations" [_thread_blocked, id=10016, stack(0x0000000021ae0000,0x0000000021be0000)]
  0x0000000018af8800 JavaThread "Cache worker for execution history cache (C:\Users\Subin\.gradle\caches\5.6.4\executionHistory)" [_thread_blocked, id=16724, stack(0x000000001fe80000,0x000000001ff80000)]
  0x0000000018af5000 JavaThread "Cache worker for cache directory md-rule (C:\Users\Subin\.gradle\caches\5.6.4\md-rule)" [_thread_blocked, id=15152, stack(0x00000000219e0000,0x0000000021ae0000)]
  0x0000000018afb800 JavaThread "Cache worker for cache directory md-supplier (C:\Users\Subin\.gradle\caches\5.6.4\md-supplier)" [_thread_blocked, id=17128, stack(0x00000000202d0000,0x00000000203d0000)]
  0x0000000018afa000 JavaThread "Cache worker for file hash cache (C:\Users\Subin\Desktop\StudyRoomInfo.0.1.6\.gradle\5.6.4\fileHashes)" [_thread_blocked, id=14728, stack(0x000000001e710000,0x000000001e810000)]
  0x0000000018af5800 JavaThread "Cache worker for journal cache (C:\Users\Subin\.gradle\caches\journal-1)" [_thread_blocked, id=15740, stack(0x000000001c470000,0x000000001c570000)]
  0x0000000018af9800 JavaThread "File lock request listener" [_thread_in_native, id=13668, stack(0x000000001c370000,0x000000001c470000)]
  0x000000001a484800 JavaThread "Cache worker for file hash cache (C:\Users\Subin\.gradle\caches\5.6.4\fileHashes)" [_thread_blocked, id=7140, stack(0x000000001c270000,0x000000001c370000)]
  0x000000001a46c000 JavaThread "Thread-9" [_thread_blocked, id=6420, stack(0x000000001bf70000,0x000000001c070000)]
  0x000000001a478000 JavaThread "Stdin handler" [_thread_blocked, id=16500, stack(0x000000001be70000,0x000000001bf70000)]
  0x000000001a476800 JavaThread "Asynchronous log dispatcher for DefaultDaemonConnection: socket connection from /127.0.0.1:50368 to /127.0.0.1:50369" [_thread_blocked, id=752, stack(0x000000001bd70000,0x000000001be70000)]
  0x000000001a481000 JavaThread "Daemon worker" [_thread_in_vm, id=16948, stack(0x000000001bc70000,0x000000001bd70000)]
  0x000000001a487800 JavaThread "Cancel handler" [_thread_blocked, id=16508, stack(0x000000001bb70000,0x000000001bc70000)]
  0x000000001a41e000 JavaThread "Handler for socket connection from /127.0.0.1:50368 to /127.0.0.1:50369" [_thread_in_native, id=16092, stack(0x000000001b870000,0x000000001b970000)]
  0x000000001a41d800 JavaThread "Daemon" [_thread_blocked, id=12572, stack(0x000000001b770000,0x000000001b870000)]
  0x000000001a3c1800 JavaThread "Daemon periodic checks" [_thread_blocked, id=5848, stack(0x000000001b670000,0x000000001b770000)]
  0x000000001a3b2800 JavaThread "Incoming local TCP Connector on port 50368" [_thread_in_native, id=10996, stack(0x000000001b490000,0x000000001b590000)]
  0x000000001829e800 JavaThread "Daemon health stats" [_thread_blocked, id=12620, stack(0x000000001b190000,0x000000001b290000)]
  0x0000000017fc1800 JavaThread "Service Thread" daemon [_thread_blocked, id=16164, stack(0x00000000187f0000,0x00000000188f0000)]
  0x0000000017f3e000 JavaThread "C1 CompilerThread2" daemon [_thread_blocked, id=13576, stack(0x00000000186f0000,0x00000000187f0000)]
  0x000000001657e800 JavaThread "C2 CompilerThread1" daemon [_thread_in_native, id=16976, stack(0x00000000185f0000,0x00000000186f0000)]
=>0x0000000017f3b000 JavaThread "C2 CompilerThread0" daemon [_thread_in_native, id=15444, stack(0x00000000184f0000,0x00000000185f0000)]
  0x0000000017f3a000 JavaThread "Attach Listener" daemon [_thread_blocked, id=16524, stack(0x00000000183f0000,0x00000000184f0000)]
  0x0000000016571000 JavaThread "Signal Dispatcher" daemon [_thread_blocked, id=16436, stack(0x00000000182f0000,0x00000000183f0000)]
  0x00000000029ac000 JavaThread "Finalizer" daemon [_thread_blocked, id=16620, stack(0x0000000017df0000,0x0000000017ef0000)]
  0x00000000029a5800 JavaThread "Reference Handler" daemon [_thread_blocked, id=16780, stack(0x0000000017cf0000,0x0000000017df0000)]
  0x000000000239d800 JavaThread "main" [_thread_blocked, id=8852, stack(0x00000000027b0000,0x00000000028b0000)]

Other Threads:
  0x0000000016527000 VMThread [stack: 0x0000000017bf0000,0x0000000017cf0000] [id=15448]
  0x0000000017fc4000 WatcherThread [stack: 0x00000000188f0000,0x00000000189f0000] [id=12688]

VM state:not at safepoint (normal execution)

VM Mutex/Monitor currently owned by a thread: None

heap address: 0x00000000a0000000, size: 1536 MB, Compressed Oops mode: 32-bit
Narrow klass base: 0x0000000000000000, Narrow klass shift: 3
Compressed class space size: 1073741824 Address: 0x0000000100000000

Heap:
 PSYoungGen      total 77312K, used 14225K [0x00000000e0000000, 0x00000000e5700000, 0x0000000100000000)
  eden space 66048K, 21% used [0x00000000e0000000,0x00000000e0de46d8,0x00000000e4080000)
  from space 11264K, 0% used [0x00000000e4080000,0x00000000e4080000,0x00000000e4b80000)
  to   space 10752K, 0% used [0x00000000e4b80000,0x00000000e4b80000,0x00000000e5600000)
 ParOldGen       total 60416K, used 16912K [0x00000000a0000000, 0x00000000a3b00000, 0x00000000e0000000)
  object space 60416K, 27% used [0x00000000a0000000,0x00000000a10843e0,0x00000000a3b00000)
 Metaspace       used 35489K, capacity 36452K, committed 36736K, reserved 1081344K
  class space    used 4892K, capacity 5149K, committed 5248K, reserved 1048576K

Card table byte_map: [0x0000000011d70000,0x0000000012080000] byte_map_base: 0x0000000011870000

Marking Bits: (ParMarkBitMap*) 0x00000000561e9f30
 Begin Bits: [0x0000000012880000, 0x0000000014080000)
 End Bits:   [0x0000000014080000, 0x0000000015880000)

Polling page: 0x0000000000aa0000

CodeCache: size=245760Kb used=11420Kb max_used=11420Kb free=234339Kb
 bounds [0x00000000029b0000, 0x00000000034e0000, 0x00000000119b0000]
 total_blobs=4003 nmethods=3298 adapters=617
 compilation: enabled

Compilation events (10 events):
Event: 3.067 Thread 0x0000000017f3e000 nmethod 3311 0x00000000034d8d50 code [0x00000000034d8ea0, 0x00000000034d8fb0]
Event: 3.078 Thread 0x0000000017f3e000 3312   !   2       org.gradle.internal.classloader.CachingClassLoader::loadClass (85 bytes)
Event: 3.078 Thread 0x0000000017f3e000 nmethod 3312 0x00000000034d9010 code [0x00000000034d91c0, 0x00000000034d9548]
Event: 3.078 Thread 0x0000000017f3e000 3313       2       com.google.common.collect.MapMakerInternalMap::get (23 bytes)
Event: 3.078 Thread 0x0000000017f3e000 nmethod 3313 0x00000000034d9710 code [0x00000000034d98a0, 0x00000000034d9ae8]
Event: 3.079 Thread 0x0000000017f3e000 3314       2       com.google.common.collect.MapMakerInternalMap$StrongKeyWeakValueEntry::<init> (15 bytes)
Event: 3.080 Thread 0x0000000017f3e000 nmethod 3314 0x00000000034d9d10 code [0x00000000034d9e60, 0x00000000034d9ff0]
Event: 3.080 Thread 0x0000000017f3e000 3315       2       com.google.common.collect.MapMakerInternalMap$AbstractStrongKeyEntry::<init> (20 bytes)
Event: 3.080 Thread 0x0000000017f3e000 nmethod 3315 0x00000000034da090 code [0x00000000034da1e0, 0x00000000034da350]
Event: 3.080 Thread 0x0000000017f3e000 3316   !   2       com.google.common.collect.MapMakerInternalMap$Segment::runLockedCleanup (34 bytes)

GC Heap History (10 events):
Event: 1.802 GC heap before
{Heap before GC invocations=7 (full 1):
 PSYoungGen      total 76800K, used 8592K [0x00000000e0000000, 0x00000000e5700000, 0x0000000100000000)
  eden space 66048K, 0% used [0x00000000e0000000,0x00000000e0000000,0x00000000e4080000)
  from space 10752K, 79% used [0x00000000e4b80000,0x00000000e53e42a0,0x00000000e5600000)
  to   space 11264K, 0% used [0x00000000e4080000,0x00000000e4080000,0x00000000e4b80000)
 ParOldGen       total 87552K, used 8318K [0x00000000a0000000, 0x00000000a5580000, 0x00000000e0000000)
  object space 87552K, 9% used [0x00000000a0000000,0x00000000a081f9e8,0x00000000a5580000)
 Metaspace       used 20618K, capacity 21182K, committed 21296K, reserved 1067008K
  class space    used 2976K, capacity 3133K, committed 3200K, reserved 1048576K
Event: 1.824 GC heap after
Heap after GC invocations=7 (full 1):
 PSYoungGen      total 76800K, used 0K [0x00000000e0000000, 0x00000000e5700000, 0x0000000100000000)
  eden space 66048K, 0% used [0x00000000e0000000,0x00000000e0000000,0x00000000e4080000)
  from space 10752K, 0% used [0x00000000e4b80000,0x00000000e4b80000,0x00000000e5600000)
  to   space 11264K, 0% used [0x00000000e4080000,0x00000000e4080000,0x00000000e4b80000)
 ParOldGen       total 60416K, used 9555K [0x00000000a0000000, 0x00000000a3b00000, 0x00000000e0000000)
  object space 60416K, 15% used [0x00000000a0000000,0x00000000a0954e38,0x00000000a3b00000)
 Metaspace       used 20618K, capacity 21182K, committed 21296K, reserved 1067008K
  class space    used 2976K, capacity 3133K, committed 3200K, reserved 1048576K
}
Event: 2.296 GC heap before
{Heap before GC invocations=8 (full 1):
 PSYoungGen      total 76800K, used 66048K [0x00000000e0000000, 0x00000000e5700000, 0x0000000100000000)
  eden space 66048K, 100% used [0x00000000e0000000,0x00000000e4080000,0x00000000e4080000)
  from space 10752K, 0% used [0x00000000e4b80000,0x00000000e4b80000,0x00000000e5600000)
  to   space 11264K, 0% used [0x00000000e4080000,0x00000000e4080000,0x00000000e4b80000)
 ParOldGen       total 60416K, used 9555K [0x00000000a0000000, 0x00000000a3b00000, 0x00000000e0000000)
  object space 60416K, 15% used [0x00000000a0000000,0x00000000a0954e38,0x00000000a3b00000)
 Metaspace       used 29071K, capacity 29640K, committed 29952K, reserved 1075200K
  class space    used 3916K, capacity 4071K, committed 4096K, reserved 1048576K
Event: 2.304 GC heap after
Heap after GC invocations=8 (full 1):
 PSYoungGen      total 77312K, used 8208K [0x00000000e0000000, 0x00000000e5700000, 0x0000000100000000)
  eden space 66048K, 0% used [0x00000000e0000000,0x00000000e0000000,0x00000000e4080000)
  from space 11264K, 72% used [0x00000000e4080000,0x00000000e4884198,0x00000000e4b80000)
  to   space 10752K, 0% used [0x00000000e4b80000,0x00000000e4b80000,0x00000000e5600000)
 ParOldGen       total 60416K, used 9563K [0x00000000a0000000, 0x00000000a3b00000, 0x00000000e0000000)
  object space 60416K, 15% used [0x00000000a0000000,0x00000000a0956e38,0x00000000a3b00000)
 Metaspace       used 29071K, capacity 29640K, committed 29952K, reserved 1075200K
  class space    used 3916K, capacity 4071K, committed 4096K, reserved 1048576K
}
Event: 2.612 GC heap before
{Heap before GC invocations=9 (full 1):
 PSYoungGen      total 77312K, used 74256K [0x00000000e0000000, 0x00000000e5700000, 0x0000000100000000)
  eden space 66048K, 100% used [0x00000000e0000000,0x00000000e4080000,0x00000000e4080000)
  from space 11264K, 72% used [0x00000000e4080000,0x00000000e4884198,0x00000000e4b80000)
  to   space 10752K, 0% used [0x00000000e4b80000,0x00000000e4b80000,0x00000000e5600000)
 ParOldGen       total 60416K, used 9563K [0x00000000a0000000, 0x00000000a3b00000, 0x00000000e0000000)
  object space 60416K, 15% used [0x00000000a0000000,0x00000000a0956e38,0x00000000a3b00000)
 Metaspace       used 32243K, capacity 32896K, committed 33152K, reserved 1077248K
  class space    used 4430K, capacity 4623K, committed 4736K, reserved 1048576K
Event: 2.616 GC heap after
Heap after GC invocations=9 (full 1):
 PSYoungGen      total 76800K, used 8811K [0x00000000e0000000, 0x00000000e5700000, 0x0000000100000000)
  eden space 66048K, 0% used [0x00000000e0000000,0x00000000e0000000,0x00000000e4080000)
  from space 10752K, 81% used [0x00000000e4b80000,0x00000000e541af78,0x00000000e5600000)
  to   space 11264K, 0% used [0x00000000e4080000,0x00000000e4080000,0x00000000e4b80000)
 ParOldGen       total 60416K, used 9571K [0x00000000a0000000, 0x00000000a3b00000, 0x00000000e0000000)
  object space 60416K, 15% used [0x00000000a0000000,0x00000000a0958e38,0x00000000a3b00000)
 Metaspace       used 32243K, capacity 32896K, committed 33152K, reserved 1077248K
  class space    used 4430K, capacity 4623K, committed 4736K, reserved 1048576K
}
Event: 2.954 GC heap before
{Heap before GC invocations=10 (full 1):
 PSYoungGen      total 76800K, used 58455K [0x00000000e0000000, 0x00000000e5700000, 0x0000000100000000)
  eden space 66048K, 75% used [0x00000000e0000000,0x00000000e307acc8,0x00000000e4080000)
  from space 10752K, 81% used [0x00000000e4b80000,0x00000000e541af78,0x00000000e5600000)
  to   space 11264K, 0% used [0x00000000e4080000,0x00000000e4080000,0x00000000e4b80000)
 ParOldGen       total 60416K, used 9571K [0x00000000a0000000, 0x00000000a3b00000, 0x00000000e0000000)
  object space 60416K, 15% used [0x00000000a0000000,0x00000000a0958e38,0x00000000a3b00000)
 Metaspace       used 34508K, capacity 35384K, committed 35456K, reserved 1079296K
  class space    used 4739K, capacity 4965K, committed 4992K, reserved 1048576K
Event: 2.960 GC heap after
Heap after GC invocations=10 (full 1):
 PSYoungGen      total 77312K, used 9890K [0x00000000e0000000, 0x00000000e5700000, 0x0000000100000000)
  eden space 66048K, 0% used [0x00000000e0000000,0x00000000e0000000,0x00000000e4080000)
  from space 11264K, 87% used [0x00000000e4080000,0x00000000e4a28ad8,0x00000000e4b80000)
  to   space 10752K, 0% used [0x00000000e4b80000,0x00000000e4b80000,0x00000000e5600000)
 ParOldGen       total 60416K, used 9579K [0x00000000a0000000, 0x00000000a3b00000, 0x00000000e0000000)
  object space 60416K, 15% used [0x00000000a0000000,0x00000000a095ae38,0x00000000a3b00000)
 Metaspace       used 34508K, capacity 35384K, committed 35456K, reserved 1079296K
  class space    used 4739K, capacity 4965K, committed 4992K, reserved 1048576K
}
Event: 2.960 GC heap before
{Heap before GC invocations=11 (full 2):
 PSYoungGen      total 77312K, used 9890K [0x00000000e0000000, 0x00000000e5700000, 0x0000000100000000)
  eden space 66048K, 0% used [0x00000000e0000000,0x00000000e0000000,0x00000000e4080000)
  from space 11264K, 87% used [0x00000000e4080000,0x00000000e4a28ad8,0x00000000e4b80000)
  to   space 10752K, 0% used [0x00000000e4b80000,0x00000000e4b80000,0x00000000e5600000)
 ParOldGen       total 60416K, used 9579K [0x00000000a0000000, 0x00000000a3b00000, 0x00000000e0000000)
  object space 60416K, 15% used [0x00000000a0000000,0x00000000a095ae38,0x00000000a3b00000)
 Metaspace       used 34508K, capacity 35384K, committed 35456K, reserved 1079296K
  class space    used 4739K, capacity 4965K, committed 4992K, reserved 1048576K
Event: 2.991 GC heap after
Heap after GC invocations=11 (full 2):
 PSYoungGen      total 77312K, used 0K [0x00000000e0000000, 0x00000000e5700000, 0x0000000100000000)
  eden space 66048K, 0% used [0x00000000e0000000,0x00000000e0000000,0x00000000e4080000)
  from space 11264K, 0% used [0x00000000e4080000,0x00000000e4080000,0x00000000e4b80000)
  to   space 10752K, 0% used [0x00000000e4b80000,0x00000000e4b80000,0x00000000e5600000)
 ParOldGen       total 60416K, used 16912K [0x00000000a0000000, 0x00000000a3b00000, 0x00000000e0000000)
  object space 60416K, 27% used [0x00000000a0000000,0x00000000a10843e0,0x00000000a3b00000)
 Metaspace       used 34494K, capacity 35336K, committed 35456K, reserved 1079296K
  class space    used 4734K, capacity 4957K, committed 4992K, reserved 1048576K
}

Deoptimization events (10 events):
Event: 2.812 Thread 0x000000001cbce800 Uncommon trap: reason=class_check action=maybe_recompile pc=0x0000000002f82a20 method=java.util.concurrent.ConcurrentHashMap.putVal(Ljava/lang/Object;Ljava/lang/Object;Z)Ljava/lang/Object; @ 192
Event: 2.812 Thread 0x000000001cbd0000 Uncommon trap: reason=unstable_if action=reinterpret pc=0x0000000003328e98 method=java.util.concurrent.ConcurrentHashMap.get(Ljava/lang/Object;)Ljava/lang/Object; @ 86
Event: 2.812 Thread 0x000000001cbce800 Uncommon trap: reason=unstable_if action=reinterpret pc=0x0000000003328e98 method=java.util.concurrent.ConcurrentHashMap.get(Ljava/lang/Object;)Ljava/lang/Object; @ 86
Event: 2.813 Thread 0x000000001cbcb000 Uncommon trap: reason=class_check action=maybe_recompile pc=0x0000000002f82a20 method=java.util.concurrent.ConcurrentHashMap.putVal(Ljava/lang/Object;Ljava/lang/Object;Z)Ljava/lang/Object; @ 192
Event: 2.813 Thread 0x000000001cbcf800 Uncommon trap: reason=class_check action=maybe_recompile pc=0x0000000002f82a20 method=java.util.concurrent.ConcurrentHashMap.putVal(Ljava/lang/Object;Ljava/lang/Object;Z)Ljava/lang/Object; @ 192
Event: 2.813 Thread 0x000000001cbcb000 Uncommon trap: reason=unstable_if action=reinterpret pc=0x0000000002f829e4 method=java.util.concurrent.ConcurrentHashMap.putVal(Ljava/lang/Object;Ljava/lang/Object;Z)Ljava/lang/Object; @ 98
Event: 2.817 Thread 0x000000001cbcb800 Uncommon trap: reason=unstable_if action=reinterpret pc=0x0000000002e4ed9c method=java.util.concurrent.ConcurrentHashMap.addCount(JI)V @ 34
Event: 2.905 Thread 0x000000001a481000 Uncommon trap: reason=unstable_if action=reinterpret pc=0x0000000002cbf8cc method=java.util.jar.JarFile.match([C[B[I[I)Z @ 29
Event: 2.935 Thread 0x000000001a481000 Uncommon trap: reason=unstable_if action=reinterpret pc=0x0000000002e538cc method=java.util.WeakHashMap.expungeStaleEntries()V @ 66
Event: 2.996 Thread 0x000000001a481000 Uncommon trap: reason=range_check action=make_not_entrant pc=0x0000000003337d5c method=java.lang.String.charAt(I)C @ 27

Classes redefined (0 events):
No events

Internal exceptions (10 events):
Event: 3.018 Thread 0x000000001a481000 Exception <a 'java/lang/ClassNotFoundException': org/gradle/api/internal/AbstractTaskBeanInfo> (0x00000000e03f8f30) thrown at [D:\src\AOSP-openjdk-cygwin\jdk8u\hotspot\src\share\vm\classfile\systemDictionary.cpp, line 210]
Event: 3.019 Thread 0x000000001a481000 Exception <a 'java/lang/ClassNotFoundException': org/gradle/api/internal/AbstractTaskCustomizer> (0x00000000e042bdf8) thrown at [D:\src\AOSP-openjdk-cygwin\jdk8u\hotspot\src\share\vm\classfile\systemDictionary.cpp, line 210]
Event: 3.020 Thread 0x000000001a481000 Exception <a 'java/lang/ClassNotFoundException': org/gradle/api/DefaultTaskCustomizer> (0x00000000e04b78f8) thrown at [D:\src\AOSP-openjdk-cygwin\jdk8u\hotspot\src\share\vm\classfile\systemDictionary.cpp, line 210]
Event: 3.021 Thread 0x000000001a481000 Exception <a 'java/lang/ClassNotFoundException': org/gradle/api/internal/ConventionTaskCustomizer> (0x00000000e04f9f70) thrown at [D:\src\AOSP-openjdk-cygwin\jdk8u\hotspot\src\share\vm\classfile\systemDictionary.cpp, line 210]
Event: 3.021 Thread 0x000000001a481000 Exception <a 'java/lang/ClassNotFoundException': org/gradle/api/tasks/DeleteCustomizer> (0x00000000e0538fb8) thrown at [D:\src\AOSP-openjdk-cygwin\jdk8u\hotspot\src\share\vm\classfile\systemDictionary.cpp, line 210]
Event: 3.022 Thread 0x000000001a481000 Exception <a 'java/lang/ClassNotFoundException': org/gradle/api/tasks/Delete_DecoratedCustomizer> (0x00000000e0585ad8) thrown at [D:\src\AOSP-openjdk-cygwin\jdk8u\hotspot\src\share\vm\classfile\systemDictionary.cpp, line 210]
Event: 3.036 Thread 0x000000001a481000 Exception <a 'java/lang/ClassNotFoundException': build_883wlxvxvtpc9f8r70ulo6psfBeanInfo> (0x00000000e06a4e00) thrown at [D:\src\AOSP-openjdk-cygwin\jdk8u\hotspot\src\share\vm\classfile\systemDictionary.cpp, line 210]
Event: 3.036 Thread 0x000000001a481000 Exception <a 'java/lang/ClassNotFoundException': build_883wlxvxvtpc9f8r70ulo6psfCustomizer> (0x00000000e06b1810) thrown at [D:\src\AOSP-openjdk-cygwin\jdk8u\hotspot\src\share\vm\classfile\systemDictionary.cpp, line 210]
Event: 3.039 Thread 0x000000001a481000 Exception <a 'java/lang/ClassNotFoundException': org/gradle/api/internal/plugins/DefaultObjectConfigurationActionBeanInfo> (0x00000000e0734888) thrown at [D:\src\AOSP-openjdk-cygwin\jdk8u\hotspot\src\share\vm\classfile\systemDictionary.cpp, line 210]
Event: 3.040 Thread 0x000000001a481000 Exception <a 'java/lang/ClassNotFoundException': org/gradle/api/internal/plugins/DefaultObjectConfigurationActionCustomizer> (0x00000000e07776e8) thrown at [D:\src\AOSP-openjdk-cygwin\jdk8u\hotspot\src\share\vm\classfile\systemDictionary.cpp, line 210]

Events (10 events):
Event: 3.079 loading class com/google/common/collect/ImmutableSet$SetBuilderImpl
Event: 3.079 loading class com/google/common/collect/ImmutableSet$SetBuilderImpl done
Event: 3.079 loading class com/google/common/collect/ImmutableSet$RegularSetBuilderImpl
Event: 3.079 loading class com/google/common/collect/ImmutableSet$RegularSetBuilderImpl done
Event: 3.079 loading class com/google/common/collect/Iterators
Event: 3.079 loading class com/google/common/collect/Iterators done
Event: 3.080 loading class com/google/common/collect/Iterators$9
Event: 3.080 loading class com/google/common/collect/Iterators$9 done
Event: 3.080 loading class com/google/common/collect/Iterators$5
Event: 3.080 loading class com/google/common/collect/Iterators$5 done


Dynamic libraries:
0x00007ff7ece00000 - 0x00007ff7ece31000 	C:\Program Files\Android\Android Studio\jre\bin\java.exe
0x00007fffc0ae0000 - 0x00007fffc0cd0000 	C:\WINDOWS\SYSTEM32\ntdll.dll
0x00007fffc09e0000 - 0x00007fffc0a92000 	C:\WINDOWS\System32\KERNEL32.DLL
0x00007fffbdb50000 - 0x00007fffbddf3000 	C:\WINDOWS\System32\KERNELBASE.dll
0x00007fffbf9e0000 - 0x00007fffbfa83000 	C:\WINDOWS\System32\ADVAPI32.dll
0x00007fffbf5a0000 - 0x00007fffbf63e000 	C:\WINDOWS\System32\msvcrt.dll
0x00007fffbf940000 - 0x00007fffbf9d7000 	C:\WINDOWS\System32\sechost.dll
0x00007fffbf6c0000 - 0x00007fffbf7e0000 	C:\WINDOWS\System32\RPCRT4.dll
0x00007fffbfd70000 - 0x00007fffbff04000 	C:\WINDOWS\System32\USER32.dll
0x00007fffbdb20000 - 0x00007fffbdb41000 	C:\WINDOWS\System32\win32u.dll
0x00007fffbec20000 - 0x00007fffbec46000 	C:\WINDOWS\System32\GDI32.dll
0x00007fffbdf30000 - 0x00007fffbe0c4000 	C:\WINDOWS\System32\gdi32full.dll
0x00007fffbe3d0000 - 0x00007fffbe46e000 	C:\WINDOWS\System32\msvcp_win.dll
0x00007fffbe120000 - 0x00007fffbe21a000 	C:\WINDOWS\System32\ucrtbase.dll
0x00007fffa9a90000 - 0x00007fffa9d15000 	C:\WINDOWS\WinSxS\amd64_microsoft.windows.common-controls_6595b64144ccf1df_6.0.18362.720_none_e6beb5c51314836b\COMCTL32.dll
0x00007fffc0010000 - 0x00007fffc0346000 	C:\WINDOWS\System32\combase.dll
0x00007fffbde00000 - 0x00007fffbde80000 	C:\WINDOWS\System32\bcryptPrimitives.dll
0x00007fffbebf0000 - 0x00007fffbec1e000 	C:\WINDOWS\System32\IMM32.DLL
0x0000000055080000 - 0x0000000055152000 	C:\Program Files\Android\Android Studio\jre\jre\bin\msvcr100.dll
0x0000000055a20000 - 0x0000000056266000 	C:\Program Files\Android\Android Studio\jre\jre\bin\server\jvm.dll
0x00007fffbff10000 - 0x00007fffbff18000 	C:\WINDOWS\System32\PSAPI.DLL
0x00007fffa9f50000 - 0x00007fffa9f59000 	C:\WINDOWS\SYSTEM32\WSOCK32.dll
0x00007fffbb600000 - 0x00007fffbb624000 	C:\WINDOWS\SYSTEM32\WINMM.dll
0x00007fffbec50000 - 0x00007fffbecbf000 	C:\WINDOWS\System32\WS2_32.dll
0x00007fffb8740000 - 0x00007fffb874a000 	C:\WINDOWS\SYSTEM32\VERSION.dll
0x00007fffbb4f0000 - 0x00007fffbb51d000 	C:\WINDOWS\SYSTEM32\WINMMBASE.dll
0x00007fffbdad0000 - 0x00007fffbdb1a000 	C:\WINDOWS\System32\cfgmgr32.dll
0x00007fffa9db0000 - 0x00007fffa9dbf000 	C:\Program Files\Android\Android Studio\jre\jre\bin\verify.dll
0x00007fffa9370000 - 0x00007fffa9399000 	C:\Program Files\Android\Android Studio\jre\jre\bin\java.dll
0x00007fffa9d40000 - 0x00007fffa9d56000 	C:\Program Files\Android\Android Studio\jre\jre\bin\zip.dll
0x00007fffbede0000 - 0x00007fffbf4c5000 	C:\WINDOWS\System32\SHELL32.dll
0x00007fffbfcc0000 - 0x00007fffbfd69000 	C:\WINDOWS\System32\shcore.dll
0x00007fffbe470000 - 0x00007fffbebf0000 	C:\WINDOWS\System32\windows.storage.dll
0x00007fffbda60000 - 0x00007fffbda83000 	C:\WINDOWS\System32\profapi.dll
0x00007fffbda10000 - 0x00007fffbda5a000 	C:\WINDOWS\System32\powrprof.dll
0x00007fffbda00000 - 0x00007fffbda10000 	C:\WINDOWS\System32\UMPDC.dll
0x00007fffbecd0000 - 0x00007fffbed22000 	C:\WINDOWS\System32\shlwapi.dll
0x00007fffbdab0000 - 0x00007fffbdac1000 	C:\WINDOWS\System32\kernel.appcore.dll
0x00007fffbe0d0000 - 0x00007fffbe0e7000 	C:\WINDOWS\System32\cryptsp.dll
0x00007fffa9750000 - 0x00007fffa976a000 	C:\Program Files\Android\Android Studio\jre\jre\bin\net.dll
0x00007fffb2b50000 - 0x00007fffb2d25000 	C:\WINDOWS\SYSTEM32\urlmon.dll
0x00007fffb3760000 - 0x00007fffb3a06000 	C:\WINDOWS\SYSTEM32\iertutil.dll
0x00007fffbd440000 - 0x00007fffbd44c000 	C:\WINDOWS\SYSTEM32\CRYPTBASE.DLL
0x00007fffbd270000 - 0x00007fffbd2d7000 	C:\WINDOWS\system32\mswsock.dll
0x00007fffa8bb0000 - 0x00007fffa8bc3000 	C:\Program Files\Android\Android Studio\jre\jre\bin\nio.dll
0x00007fffa4370000 - 0x00007fffa4396000 	C:\Users\Subin\.gradle\native\30\windows-amd64\native-platform.dll
0x00007fffa8b30000 - 0x00007fffa8b3d000 	C:\Program Files\Android\Android Studio\jre\jre\bin\management.dll
0x00007fffbcde0000 - 0x00007fffbce13000 	C:\WINDOWS\system32\rsaenh.dll
0x00007fffbe0f0000 - 0x00007fffbe116000 	C:\WINDOWS\System32\bcrypt.dll
0x00007fffbd920000 - 0x00007fffbd945000 	C:\WINDOWS\SYSTEM32\USERENV.dll
0x00007fffbcf80000 - 0x00007fffbcfba000 	C:\WINDOWS\SYSTEM32\IPHLPAPI.DLL
0x00007fffbecc0000 - 0x00007fffbecc8000 	C:\WINDOWS\System32\NSI.dll
0x00007fffb79b0000 - 0x00007fffb79c6000 	C:\WINDOWS\SYSTEM32\dhcpcsvc6.DLL
0x00007fffb84e0000 - 0x00007fffb84fc000 	C:\WINDOWS\SYSTEM32\dhcpcsvc.DLL
0x00007fffbcfc0000 - 0x00007fffbd08a000 	C:\WINDOWS\SYSTEM32\DNSAPI.dll

VM Arguments:
jvm_args: -Xmx1536m -Dfile.encoding=x-windows-949 -Duser.country=KR -Duser.language=ko -Duser.variant 
java_command: org.gradle.launcher.daemon.bootstrap.GradleDaemon 5.6.4
java_class_path (initial): C:\Users\Subin\.gradle\wrapper\dists\gradle-5.6.4-all\ankdp27end7byghfw1q2sw75f\gradle-5.6.4\lib\gradle-launcher-5.6.4.jar
Launcher Type: SUN_STANDARD

Environment Variables:
PATH=C:\Program Files (x86)\NAT Service;C:\WINDOWS\system32;C:\WINDOWS;C:\WINDOWS\System32\Wbem;C:\WINDOWS\System32\WindowsPowerShell\v1.0\;C:\WINDOWS\System32\OpenSSH\;C:\Program Files (x86)\Brackets\command;C:\Program Files\Git\cmd;C:\Users\Subin\AppData\Local\Microsoft\WindowsApps;C:\Program Files\Bandizip\;
USERNAME=Subin
OS=Windows_NT
PROCESSOR_IDENTIFIER=Intel64 Family 6 Model 158 Stepping 10, GenuineIntel



---------------  S Y S T E M  ---------------

OS: Windows 10.0 , 64 bit Build 18362 (10.0.18362.329)

CPU:total 6 (initial active 6) (6 cores per cpu, 1 threads per core) family 6 model 158 stepping 10, cmov, cx8, fxsr, mmx, sse, sse2, sse3, ssse3, sse4.1, sse4.2, popcnt, avx, avx2, aes, clmul, erms, 3dnowpref, lzcnt, tsc, tscinvbit, bmi1, bmi2, adx

Memory: 4k page, physical 8320968k(2763368k free), swap 8320968k(6012k free)

vm_info: OpenJDK 64-Bit Server VM (25.212-b04) for windows-amd64 JRE (1.8.0_212-release-1586-b04), built by "builder" with MS VC++ 10.0 (VS2010)

time: Mon Mar 16 03:37:51 2020
timezone: 대한민국 표준시
elapsed time: 3 seconds (0d 0h 0m 3s)

