#
# There is insufficient memory for the Java Runtime Environment to continue.
# Native memory allocation (malloc) failed to allocate 1137536 bytes for Chunk::new
# Possible reasons:
#   The system is out of physical RAM or swap space
#   The process is running with CompressedOops enabled, and the Java Heap may be blocking the growth of the native heap
# Possible solutions:
#   Reduce memory load on the system
#   Increase physical memory or swap space
#   Check if swap backing store is full
#   Decrease Java heap size (-Xmx/-Xms)
#   Decrease number of Java threads
#   Decrease Java thread stack sizes (-Xss)
#   Set larger code cache with -XX:ReservedCodeCacheSize=
#   JVM is running with Unscaled Compressed Oops mode in which the Java heap is
#     placed in the first 4GB address space. The Java Heap base address is the
#     maximum limit for the native heap growth. Please use -XX:HeapBaseMinAddress
#     to set the Java Heap base and to place the Java Heap above 4GB virtual address.
# This output file may be truncated or incomplete.
#
#  Out of Memory Error (allocation.cpp:389), pid=14852, tid=0x0000000000003a8c
#
# JRE version: OpenJDK Runtime Environment (8.0_212-b04) (build 1.8.0_212-release-1586-b04)
# Java VM: OpenJDK 64-Bit Server VM (25.212-b04 mixed mode windows-amd64 compressed oops)
# Failed to write core dump. Minidumps are not enabled by default on client versions of Windows
#

---------------  T H R E A D  ---------------

Current thread (0x000000001675e000):  JavaThread "C2 CompilerThread1" daemon [_thread_in_native, id=14988, stack(0x0000000018850000,0x0000000018950000)]

Stack: [0x0000000018850000,0x0000000018950000]
[error occurred during error reporting (printing stack bounds), id 0xc0000005]

Native frames: (J=compiled Java code, j=interpreted, Vv=VM code, C=native code)


Current CompileTask:
C2: 347416 10387       4       com.sun.org.apache.xerces.internal.impl.XMLNSDocumentScannerImpl::scanStartElement (1026 bytes)


---------------  P R O C E S S  ---------------

Java Threads: ( => current thread )
  0x0000000019b4b000 JavaThread "MarlinRenderer Disposer" daemon [_thread_blocked, id=15908, stack(0x0000000026d00000,0x0000000026e00000)]
  0x0000000019b46800 JavaThread "Java2D Disposer" daemon [_thread_blocked, id=15876, stack(0x0000000026b90000,0x0000000026c90000)]
  0x0000000019b4b800 JavaThread "WorkerExecutor Queue Thread 6" [_thread_in_native, id=15580, stack(0x0000000026890000,0x0000000026990000)]
  0x0000000019efa000 JavaThread "WorkerExecutor Queue Thread 5" [_thread_in_Java, id=16000, stack(0x0000000026790000,0x0000000026890000)]
  0x0000000019efe000 JavaThread "WorkerExecutor Queue Thread 4" [_thread_in_native, id=15760, stack(0x0000000026690000,0x0000000026790000)]
  0x0000000019ef8800 JavaThread "WorkerExecutor Queue Thread 3" [_thread_in_Java, id=16372, stack(0x0000000026590000,0x0000000026690000)]
  0x0000000019efb800 JavaThread "WorkerExecutor Queue Thread 2" [_thread_in_native, id=1376, stack(0x0000000026490000,0x0000000026590000)]
  0x0000000019ef1000 JavaThread "WorkerExecutor Queue" [_thread_in_Java, id=15488, stack(0x0000000026190000,0x0000000026290000)]
  0x0000000019ef7000 JavaThread "Cache worker for execution history cache (C:\Users\Subin\Desktop\StudyRoomInfo.0.1.6\.gradle\5.6.4\executionHistory)" [_thread_blocked, id=15704, stack(0x0000000026090000,0x0000000026190000)]
  0x0000000019ef6800 JavaThread "Execution worker for ':' Thread 5" [_thread_blocked, id=15944, stack(0x0000000025d90000,0x0000000025e90000)]
  0x0000000019eef000 JavaThread "Execution worker for ':' Thread 4" [_thread_blocked, id=9460, stack(0x0000000025b90000,0x0000000025c90000)]
  0x0000000019eef800 JavaThread "Execution worker for ':' Thread 3" [_thread_blocked, id=6908, stack(0x0000000025a90000,0x0000000025b90000)]
  0x0000000019ef5800 JavaThread "Execution worker for ':' Thread 2" [_thread_in_native, id=5784, stack(0x0000000025990000,0x0000000025a90000)]
  0x0000000019ef5000 JavaThread "Execution worker for ':'" [_thread_blocked, id=13560, stack(0x0000000025890000,0x0000000025990000)]
  0x0000000019ef0800 JavaThread "Cache worker for file content cache (C:\Users\Subin\Desktop\StudyRoomInfo.0.1.6\.gradle\5.6.4\fileContent)" [_thread_blocked, id=7060, stack(0x0000000025790000,0x0000000025890000)]
  0x0000000019ef4000 JavaThread "Cache worker for file content cache (C:\Users\Subin\.gradle\caches\5.6.4\fileContent)" [_thread_blocked, id=15748, stack(0x0000000025270000,0x0000000025370000)]
  0x0000000019ef3800 JavaThread "Cache worker for Build Output Cleanup Cache (C:\Users\Subin\Desktop\StudyRoomInfo.0.1.6\.gradle\buildOutputCleanup)" [_thread_blocked, id=10328, stack(0x00000000242d0000,0x00000000243d0000)]
  0x0000000019ef2000 JavaThread "Build operations Thread 6" [_thread_blocked, id=15804, stack(0x0000000022420000,0x0000000022520000)]
  0x0000000019ef2800 JavaThread "Build operations Thread 5" [_thread_blocked, id=15972, stack(0x0000000022320000,0x0000000022420000)]
  0x0000000019641000 JavaThread "Build operations Thread 4" [_thread_blocked, id=7984, stack(0x0000000022220000,0x0000000022320000)]
  0x000000001963e000 JavaThread "Build operations Thread 3" [_thread_blocked, id=15860, stack(0x0000000022120000,0x0000000022220000)]
  0x000000001963d800 JavaThread "Build operations Thread 2" [_thread_blocked, id=7232, stack(0x0000000022020000,0x0000000022120000)]
  0x00000000210a1000 JavaThread "Build operations" [_thread_blocked, id=15856, stack(0x0000000020910000,0x0000000020a10000)]
  0x00000000210a2800 JavaThread "Cache worker for cache directory md-rule (C:\Users\Subin\.gradle\caches\5.6.4\md-rule)" [_thread_blocked, id=15268, stack(0x000000001ee70000,0x000000001ef70000)]
  0x00000000210a2000 JavaThread "Cache worker for cache directory md-supplier (C:\Users\Subin\.gradle\caches\5.6.4\md-supplier)" [_thread_blocked, id=15332, stack(0x000000001ed70000,0x000000001ee70000)]
  0x00000000210a3800 JavaThread "Cache worker for file hash cache (C:\Users\Subin\Desktop\StudyRoomInfo.0.1.6\.gradle\5.6.4\fileHashes)" [_thread_blocked, id=5832, stack(0x000000001ec70000,0x000000001ed70000)]
  0x0000000021098800 JavaThread "Thread-30" [_thread_blocked, id=15880, stack(0x000000001eb70000,0x000000001ec70000)]
  0x000000002109f800 JavaThread "Stdin handler" [_thread_blocked, id=16288, stack(0x000000001c1d0000,0x000000001c2d0000)]
  0x0000000021098000 JavaThread "Asynchronous log dispatcher for DefaultDaemonConnection: socket connection from /127.0.0.1:49795 to /127.0.0.1:49943" [_thread_blocked, id=14760, stack(0x000000001bed0000,0x000000001bfd0000)]
  0x0000000021097000 JavaThread "Daemon worker Thread 2" [_thread_blocked, id=16084, stack(0x000000001b9d0000,0x000000001bad0000)]
  0x000000002109b800 JavaThread "Cancel handler" [_thread_blocked, id=6152, stack(0x0000000000bf0000,0x0000000000cf0000)]
  0x000000002109a000 JavaThread "Handler for socket connection from /127.0.0.1:49795 to /127.0.0.1:49943" [_thread_in_native, id=6052, stack(0x0000000000af0000,0x0000000000bf0000)]
  0x0000000021094000 JavaThread "Daemon Thread 2" [_thread_blocked, id=7820, stack(0x00000000009f0000,0x0000000000af0000)]
  0x0000000021095800 JavaThread "Memory manager" [_thread_blocked, id=15164, stack(0x0000000022520000,0x0000000022620000)]
  0x000000001963f800 JavaThread "Cache worker for execution history cache (C:\Users\Subin\.gradle\caches\5.6.4\executionHistory)" [_thread_blocked, id=15104, stack(0x0000000020610000,0x0000000020710000)]
  0x000000001963f000 JavaThread "Cache worker for journal cache (C:\Users\Subin\.gradle\caches\journal-1)" [_thread_blocked, id=15080, stack(0x000000001c6d0000,0x000000001c7d0000)]
  0x0000000019643800 JavaThread "File lock request listener" [_thread_in_native, id=15076, stack(0x000000001c5d0000,0x000000001c6d0000)]
  0x000000001a1a0800 JavaThread "Cache worker for file hash cache (C:\Users\Subin\.gradle\caches\5.6.4\fileHashes)" [_thread_blocked, id=15072, stack(0x000000001c4d0000,0x000000001c5d0000)]
  0x000000001a715000 JavaThread "Daemon periodic checks" [_thread_blocked, id=15020, stack(0x000000001b8d0000,0x000000001b9d0000)]
  0x000000001a6bd000 JavaThread "Incoming local TCP Connector on port 49795" [_thread_in_native, id=15016, stack(0x000000001b6f0000,0x000000001b7f0000)]
  0x0000000018cfe000 JavaThread "Daemon health stats" [_thread_blocked, id=15012, stack(0x000000001b3f0000,0x000000001b4f0000)]
  0x000000001821f800 JavaThread "Service Thread" daemon [_thread_blocked, id=14996, stack(0x0000000018a50000,0x0000000018b50000)]
  0x000000001819d000 JavaThread "C1 CompilerThread2" daemon [_thread_blocked, id=14992, stack(0x0000000018950000,0x0000000018a50000)]
=>0x000000001675e000 JavaThread "C2 CompilerThread1" daemon [_thread_in_native, id=14988, stack(0x0000000018850000,0x0000000018950000)]
  0x000000001819a000 JavaThread "C2 CompilerThread0" daemon [_thread_in_native, id=14984, stack(0x0000000018750000,0x0000000018850000)]
  0x0000000016750000 JavaThread "Attach Listener" daemon [_thread_blocked, id=14980, stack(0x0000000018650000,0x0000000018750000)]
  0x000000001674f000 JavaThread "Signal Dispatcher" daemon [_thread_blocked, id=14976, stack(0x0000000018550000,0x0000000018650000)]
  0x0000000002b8c000 JavaThread "Finalizer" daemon [_thread_blocked, id=14972, stack(0x0000000017fc0000,0x00000000180c0000)]
  0x0000000002b85800 JavaThread "Reference Handler" daemon [_thread_blocked, id=14968, stack(0x0000000017ec0000,0x0000000017fc0000)]
  0x000000000080d800 JavaThread "main" [_thread_blocked, id=14936, stack(0x0000000002990000,0x0000000002a90000)]

Other Threads:
  0x0000000016707000 VMThread [stack: 0x0000000017dc0000,0x0000000017ec0000] [id=14964]
  0x0000000018220800 WatcherThread [stack: 0x0000000018b50000,0x0000000018c50000] [id=15000]

VM state:not at safepoint (normal execution)

VM Mutex/Monitor currently owned by a thread: None

heap address: 0x00000000a0000000, size: 1536 MB, Compressed Oops mode: 32-bit
Narrow klass base: 0x0000000000000000, Narrow klass shift: 3
Compressed class space size: 1073741824 Address: 0x0000000100000000

Heap:
 PSYoungGen      total 228352K, used 165566K [0x00000000e0000000, 0x00000000efa00000, 0x0000000100000000)
  eden space 209920K, 70% used [0x00000000e0000000,0x00000000e8fb46e8,0x00000000ecd00000)
  from space 18432K, 99% used [0x00000000ee500000,0x00000000ef6fb500,0x00000000ef700000)
  to   space 23040K, 0% used [0x00000000ecd00000,0x00000000ecd00000,0x00000000ee380000)
 ParOldGen       total 134656K, used 40616K [0x00000000a0000000, 0x00000000a8380000, 0x00000000e0000000)
  object space 134656K, 30% used [0x00000000a0000000,0x00000000a27aa2f8,0x00000000a8380000)
 Metaspace       used 77486K, capacity 81208K, committed 81536K, reserved 1120256K
  class space    used 10200K, capacity 11016K, committed 11136K, reserved 1048576K

Card table byte_map: [0x0000000011f50000,0x0000000012260000] byte_map_base: 0x0000000011a50000

Marking Bits: (ParMarkBitMap*) 0x00000000561e9f30
 Begin Bits: [0x0000000012a60000, 0x0000000014260000)
 End Bits:   [0x0000000014260000, 0x0000000015a60000)

Polling page: 0x0000000000dc0000

CodeCache: size=245760Kb used=30360Kb max_used=30368Kb free=215399Kb
 bounds [0x0000000002b90000, 0x0000000004960000, 0x0000000011b90000]
 total_blobs=10368 nmethods=9427 adapters=853
 compilation: enabled

Compilation events (10 events):
Event: 347.411 Thread 0x000000001819d000 nmethod 10735 0x0000000004941150 code [0x00000000049412a0, 0x00000000049413b0]
Event: 347.411 Thread 0x000000001819d000 10740       2       sun.java2d.marlin.MarlinCache::resetTileLine (111 bytes)
Event: 347.411 Thread 0x000000001819d000 nmethod 10740 0x0000000004940cd0 code [0x0000000004940e40, 0x0000000004941048]
Event: 347.412 Thread 0x000000001819d000 10736       1       java.awt.BasicStroke::getEndCap (5 bytes)
Event: 347.412 Thread 0x000000001819d000 nmethod 10736 0x0000000004940a10 code [0x0000000004940b60, 0x0000000004940c70]
Event: 347.412 Thread 0x000000001819d000 10737       1       java.awt.BasicStroke::getLineJoin (5 bytes)
Event: 347.412 Thread 0x000000001819d000 nmethod 10737 0x0000000004940750 code [0x00000000049408a0, 0x00000000049409b0]
Event: 347.412 Thread 0x000000001819d000 10741  s    2       java.awt.geom.Path2D$Double::lineTo (58 bytes)
Event: 347.412 Thread 0x000000001819d000 nmethod 10741 0x0000000004940010 code [0x0000000004940180, 0x0000000004940508]
Event: 347.412 Thread 0x000000001819d000 10742 %     3       sun.java2d.marlin.MarlinTileGenerator::getAlphaRLE @ 1404 (1781 bytes)

GC Heap History (10 events):
Event: 5.497 GC heap before
{Heap before GC invocations=13 (full 2):
 PSYoungGen      total 144896K, used 144662K [0x00000000e0000000, 0x00000000ea080000, 0x0000000100000000)
  eden space 135680K, 100% used [0x00000000e0000000,0x00000000e8480000,0x00000000e8480000)
  from space 9216K, 97% used [0x00000000e9780000,0x00000000ea045bd8,0x00000000ea080000)
  to   space 12288K, 0% used [0x00000000e8880000,0x00000000e8880000,0x00000000e9480000)
 ParOldGen       total 86016K, used 14921K [0x00000000a0000000, 0x00000000a5400000, 0x00000000e0000000)
  object space 86016K, 17% used [0x00000000a0000000,0x00000000a0e92730,0x00000000a5400000)
 Metaspace       used 52115K, capacity 53570K, committed 53888K, reserved 1095680K
  class space    used 6867K, capacity 7261K, committed 7296K, reserved 1048576K
Event: 5.512 GC heap after
Heap after GC invocations=13 (full 2):
 PSYoungGen      total 152064K, used 12269K [0x00000000e0000000, 0x00000000ecf80000, 0x0000000100000000)
  eden space 139776K, 0% used [0x00000000e0000000,0x00000000e0000000,0x00000000e8880000)
  from space 12288K, 99% used [0x00000000e8880000,0x00000000e947b6b0,0x00000000e9480000)
  to   space 16896K, 0% used [0x00000000ebf00000,0x00000000ebf00000,0x00000000ecf80000)
 ParOldGen       total 86016K, used 24465K [0x00000000a0000000, 0x00000000a5400000, 0x00000000e0000000)
  object space 86016K, 28% used [0x00000000a0000000,0x00000000a17e44d0,0x00000000a5400000)
 Metaspace       used 52115K, capacity 53570K, committed 53888K, reserved 1095680K
  class space    used 6867K, capacity 7261K, committed 7296K, reserved 1048576K
}
Event: 6.086 GC heap before
{Heap before GC invocations=14 (full 2):
 PSYoungGen      total 152064K, used 77754K [0x00000000e0000000, 0x00000000ecf80000, 0x0000000100000000)
  eden space 139776K, 46% used [0x00000000e0000000,0x00000000e3ff3160,0x00000000e8880000)
  from space 12288K, 99% used [0x00000000e8880000,0x00000000e947b6b0,0x00000000e9480000)
  to   space 16896K, 0% used [0x00000000ebf00000,0x00000000ebf00000,0x00000000ecf80000)
 ParOldGen       total 86016K, used 24465K [0x00000000a0000000, 0x00000000a5400000, 0x00000000e0000000)
  object space 86016K, 28% used [0x00000000a0000000,0x00000000a17e44d0,0x00000000a5400000)
 Metaspace       used 57164K, capacity 59106K, committed 59136K, reserved 1099776K
  class space    used 7720K, capacity 8176K, committed 8192K, reserved 1048576K
Event: 6.097 GC heap after
Heap after GC invocations=14 (full 2):
 PSYoungGen      total 196096K, used 7039K [0x00000000e0000000, 0x00000000ed300000, 0x0000000100000000)
  eden space 179200K, 0% used [0x00000000e0000000,0x00000000e0000000,0x00000000eaf00000)
  from space 16896K, 41% used [0x00000000ebf00000,0x00000000ec5dfdc8,0x00000000ecf80000)
  to   space 16384K, 0% used [0x00000000eaf00000,0x00000000eaf00000,0x00000000ebf00000)
 ParOldGen       total 86016K, used 32686K [0x00000000a0000000, 0x00000000a5400000, 0x00000000e0000000)
  object space 86016K, 38% used [0x00000000a0000000,0x00000000a1febac8,0x00000000a5400000)
 Metaspace       used 57164K, capacity 59106K, committed 59136K, reserved 1099776K
  class space    used 7720K, capacity 8176K, committed 8192K, reserved 1048576K
}
Event: 6.097 GC heap before
{Heap before GC invocations=15 (full 3):
 PSYoungGen      total 196096K, used 7039K [0x00000000e0000000, 0x00000000ed300000, 0x0000000100000000)
  eden space 179200K, 0% used [0x00000000e0000000,0x00000000e0000000,0x00000000eaf00000)
  from space 16896K, 41% used [0x00000000ebf00000,0x00000000ec5dfdc8,0x00000000ecf80000)
  to   space 16384K, 0% used [0x00000000eaf00000,0x00000000eaf00000,0x00000000ebf00000)
 ParOldGen       total 86016K, used 32686K [0x00000000a0000000, 0x00000000a5400000, 0x00000000e0000000)
  object space 86016K, 38% used [0x00000000a0000000,0x00000000a1febac8,0x00000000a5400000)
 Metaspace       used 57164K, capacity 59106K, committed 59136K, reserved 1099776K
  class space    used 7720K, capacity 8176K, committed 8192K, reserved 1048576K
Event: 6.282 GC heap after
Heap after GC invocations=15 (full 3):
 PSYoungGen      total 196096K, used 0K [0x00000000e0000000, 0x00000000ed300000, 0x0000000100000000)
  eden space 179200K, 0% used [0x00000000e0000000,0x00000000e0000000,0x00000000eaf00000)
  from space 16896K, 0% used [0x00000000ebf00000,0x00000000ebf00000,0x00000000ecf80000)
  to   space 16384K, 0% used [0x00000000eaf00000,0x00000000eaf00000,0x00000000ebf00000)
 ParOldGen       total 134656K, used 33851K [0x00000000a0000000, 0x00000000a8380000, 0x00000000e0000000)
  object space 134656K, 25% used [0x00000000a0000000,0x00000000a210ef18,0x00000000a8380000)
 Metaspace       used 57153K, capacity 59070K, committed 59136K, reserved 1099776K
  class space    used 7717K, capacity 8170K, committed 8192K, reserved 1048576K
}
Event: 7.485 GC heap before
{Heap before GC invocations=16 (full 3):
 PSYoungGen      total 196096K, used 179200K [0x00000000e0000000, 0x00000000ed300000, 0x0000000100000000)
  eden space 179200K, 100% used [0x00000000e0000000,0x00000000eaf00000,0x00000000eaf00000)
  from space 16896K, 0% used [0x00000000ebf00000,0x00000000ebf00000,0x00000000ecf80000)
  to   space 16384K, 0% used [0x00000000eaf00000,0x00000000eaf00000,0x00000000ebf00000)
 ParOldGen       total 134656K, used 33851K [0x00000000a0000000, 0x00000000a8380000, 0x00000000e0000000)
  object space 134656K, 25% used [0x00000000a0000000,0x00000000a210ef18,0x00000000a8380000)
 Metaspace       used 65650K, capacity 68396K, committed 68480K, reserved 1107968K
  class space    used 9069K, capacity 9587K, committed 9600K, reserved 1048576K
Event: 7.497 GC heap after
Heap after GC invocations=16 (full 3):
 PSYoungGen      total 195584K, used 15528K [0x00000000e0000000, 0x00000000ef700000, 0x0000000100000000)
  eden space 179200K, 0% used [0x00000000e0000000,0x00000000e0000000,0x00000000eaf00000)
  from space 16384K, 94% used [0x00000000eaf00000,0x00000000ebe2a0b8,0x00000000ebf00000)
  to   space 18432K, 0% used [0x00000000ee500000,0x00000000ee500000,0x00000000ef700000)
 ParOldGen       total 134656K, used 33859K [0x00000000a0000000, 0x00000000a8380000, 0x00000000e0000000)
  object space 134656K, 25% used [0x00000000a0000000,0x00000000a2110f18,0x00000000a8380000)
 Metaspace       used 65650K, capacity 68396K, committed 68480K, reserved 1107968K
  class space    used 9069K, capacity 9587K, committed 9600K, reserved 1048576K
}
Event: 345.944 GC heap before
{Heap before GC invocations=17 (full 3):
 PSYoungGen      total 195584K, used 194728K [0x00000000e0000000, 0x00000000ef700000, 0x0000000100000000)
  eden space 179200K, 100% used [0x00000000e0000000,0x00000000eaf00000,0x00000000eaf00000)
  from space 16384K, 94% used [0x00000000eaf00000,0x00000000ebe2a0b8,0x00000000ebf00000)
  to   space 18432K, 0% used [0x00000000ee500000,0x00000000ee500000,0x00000000ef700000)
 ParOldGen       total 134656K, used 33859K [0x00000000a0000000, 0x00000000a8380000, 0x00000000e0000000)
  object space 134656K, 25% used [0x00000000a0000000,0x00000000a2110f18,0x00000000a8380000)
 Metaspace       used 73250K, capacity 76714K, committed 76928K, reserved 1116160K
  class space    used 9764K, capacity 10501K, committed 10624K, reserved 1048576K
Event: 345.972 GC heap after
Heap after GC invocations=17 (full 3):
 PSYoungGen      total 228352K, used 18413K [0x00000000e0000000, 0x00000000efa00000, 0x0000000100000000)
  eden space 209920K, 0% used [0x00000000e0000000,0x00000000e0000000,0x00000000ecd00000)
  from space 18432K, 99% used [0x00000000ee500000,0x00000000ef6fb500,0x00000000ef700000)
  to   space 23040K, 0% used [0x00000000ecd00000,0x00000000ecd00000,0x00000000ee380000)
 ParOldGen       total 134656K, used 40616K [0x00000000a0000000, 0x00000000a8380000, 0x00000000e0000000)
  object space 134656K, 30% used [0x00000000a0000000,0x00000000a27aa2f8,0x00000000a8380000)
 Metaspace       used 73250K, capacity 76714K, committed 76928K, reserved 1116160K
  class space    used 9764K, capacity 10501K, committed 10624K, reserved 1048576K
}

Deoptimization events (10 events):
Event: 347.187 Thread 0x0000000019ef5800 Uncommon trap: reason=class_check action=maybe_recompile pc=0x0000000004894de0 method=com.sun.org.apache.xerces.internal.dom.NamedNodeMapImpl.findNamePoint(Ljava/lang/String;I)I @ 54
Event: 347.187 Thread 0x0000000019ef5800 Uncommon trap: reason=class_check action=maybe_recompile pc=0x0000000004894de0 method=com.sun.org.apache.xerces.internal.dom.NamedNodeMapImpl.findNamePoint(Ljava/lang/String;I)I @ 54
Event: 347.237 Thread 0x0000000019ef5800 Uncommon trap: reason=unstable_if action=reinterpret pc=0x00000000048442b4 method=com.android.utils.PositionXmlParser$DomBuilder.getCurrentPosition()Lcom/android/utils/PositionXmlParser$Position; @ 65
Event: 347.237 Thread 0x0000000019ef5800 Uncommon trap: reason=unstable_if action=reinterpret pc=0x0000000004831c34 method=com.android.utils.PositionXmlParser$DomBuilder.getCurrentPosition()Lcom/android/utils/PositionXmlParser$Position; @ 65
Event: 347.238 Thread 0x0000000019ef5800 Uncommon trap: reason=unstable_if action=reinterpret pc=0x00000000047d5c24 method=com.android.utils.PositionXmlParser$DomBuilder.findOpeningTag(Lcom/android/utils/PositionXmlParser$Position;)Lcom/android/utils/PositionXmlParser$Position; @ 81
Event: 347.240 Thread 0x0000000019ef5800 Uncommon trap: reason=unstable_if action=reinterpret pc=0x00000000036bc964 method=com.sun.org.apache.xerces.internal.impl.XMLEntityScanner.scanContent(Lcom/sun/org/apache/xerces/internal/xni/XMLString;)I @ 670
Event: 347.261 Thread 0x0000000019ef5800 Uncommon trap: reason=predicate action=maybe_recompile pc=0x00000000034da5a0 method=java.util.TimSort.binarySort([Ljava/lang/Object;IIILjava/util/Comparator;)V @ 37
Event: 347.288 Thread 0x0000000019b4b800 Uncommon trap: reason=unstable_if action=reinterpret pc=0x000000000488e1f0 method=com.sun.org.apache.xerces.internal.impl.XMLEntityScanner.scanLiteral(ILcom/sun/org/apache/xerces/internal/xni/XMLString;Z)I @ 44
Event: 347.288 Thread 0x0000000019efb800 Uncommon trap: reason=unstable_if action=reinterpret pc=0x0000000002d20e98 method=com.sun.org.apache.xerces.internal.util.XMLAttributesImpl.addAttributeNS(Lcom/sun/org/apache/xerces/internal/xni/QName;Ljava/lang/String;Ljava/lang/String;)V @ 22
Event: 347.288 Thread 0x0000000019b4b800 Uncommon trap: reason=unstable_if action=reinterpret pc=0x0000000002d310a8 method=com.sun.org.apache.xerces.internal.util.XMLAttributesImpl.addAttributeNS(Lcom/sun/org/apache/xerces/internal/xni/QName;Ljava/lang/String;Ljava/lang/String;)V @ 22

Classes redefined (0 events):
No events

Internal exceptions (10 events):
Event: 347.263 Thread 0x0000000019ef5800 Exception <a 'java/lang/NoSuchMethodError': <clinit>> (0x00000000e786a0b8) thrown at [D:\src\AOSP-openjdk-cygwin\jdk8u\hotspot\src\share\vm\prims\jni.cpp, line 1614]
Event: 347.264 Thread 0x0000000019ef5800 Exception <a 'java/lang/NoSuchMethodError': <clinit>> (0x00000000e788f498) thrown at [D:\src\AOSP-openjdk-cygwin\jdk8u\hotspot\src\share\vm\prims\jni.cpp, line 1614]
Event: 347.264 Thread 0x0000000019ef5800 Exception <a 'java/lang/NoSuchMethodError': <clinit>> (0x00000000e78940b0) thrown at [D:\src\AOSP-openjdk-cygwin\jdk8u\hotspot\src\share\vm\prims\jni.cpp, line 1614]
Event: 347.264 Thread 0x0000000019ef5800 Exception <a 'java/lang/NoSuchMethodError': <clinit>> (0x00000000e7897548) thrown at [D:\src\AOSP-openjdk-cygwin\jdk8u\hotspot\src\share\vm\prims\jni.cpp, line 1614]
Event: 347.265 Thread 0x0000000019ef5800 Exception <a 'java/lang/NoSuchMethodError': <clinit>> (0x00000000e78aeb78) thrown at [D:\src\AOSP-openjdk-cygwin\jdk8u\hotspot\src\share\vm\prims\jni.cpp, line 1614]
Event: 347.265 Thread 0x0000000019ef5800 Exception <a 'java/lang/NoSuchMethodError': <clinit>> (0x00000000e78c44f0) thrown at [D:\src\AOSP-openjdk-cygwin\jdk8u\hotspot\src\share\vm\prims\jni.cpp, line 1614]
Event: 347.266 Thread 0x0000000019ef5800 Exception <a 'java/lang/NoSuchMethodError': <clinit>> (0x00000000e78e1be8) thrown at [D:\src\AOSP-openjdk-cygwin\jdk8u\hotspot\src\share\vm\prims\jni.cpp, line 1614]
Event: 347.266 Thread 0x0000000019ef5800 Exception <a 'java/lang/NoSuchMethodError': <clinit>> (0x00000000e78f50a8) thrown at [D:\src\AOSP-openjdk-cygwin\jdk8u\hotspot\src\share\vm\prims\jni.cpp, line 1614]
Event: 347.314 Thread 0x0000000019efa000 Exception <a 'java/io/FileNotFoundException'> (0x00000000e827bf78) thrown at [D:\src\AOSP-openjdk-cygwin\jdk8u\hotspot\src\share\vm\prims\jni.cpp, line 710]
Event: 347.329 Thread 0x0000000019b4b800 Exception <a 'java/io/FileNotFoundException'> (0x00000000e7fcd4a8) thrown at [D:\src\AOSP-openjdk-cygwin\jdk8u\hotspot\src\share\vm\prims\jni.cpp, line 710]

Events (10 events):
Event: 347.413 Thread 0x0000000019ef1000 DEOPT PACKING pc=0x0000000004901b3c sp=0x000000002628d4d0
Event: 347.413 Thread 0x0000000019ef1000 DEOPT UNPACKING pc=0x0000000002bd75d0 sp=0x000000002628d128 mode 0
Event: 347.413 Thread 0x0000000019efa000 DEOPT PACKING pc=0x00000000031ecd1f sp=0x000000002688e300
Event: 347.413 Thread 0x0000000019efa000 DEOPT UNPACKING pc=0x0000000002bd75d0 sp=0x000000002688dff0 mode 0
Event: 347.413 Thread 0x0000000019ef1000 DEOPT PACKING pc=0x0000000004901b3c sp=0x000000002628d410
Event: 347.413 Thread 0x0000000019ef1000 DEOPT UNPACKING pc=0x0000000002bd75d0 sp=0x000000002628d068 mode 0
Event: 347.413 Thread 0x0000000019efa000 DEOPT PACKING pc=0x00000000031ecd1f sp=0x000000002688e300
Event: 347.413 Thread 0x0000000019efa000 DEOPT UNPACKING pc=0x0000000002bd75d0 sp=0x000000002688dff0 mode 0
Event: 347.414 Thread 0x0000000019efa000 DEOPT PACKING pc=0x00000000031ecd1f sp=0x000000002688e300
Event: 347.414 Thread 0x0000000019efa000 DEOPT UNPACKING pc=0x0000000002bd75d0 sp=0x000000002688dff0 mode 0


Dynamic libraries:
0x00007ff7ece00000 - 0x00007ff7ece31000 	C:\Program Files\Android\Android Studio\jre\bin\java.exe
0x00007fffc0ae0000 - 0x00007fffc0cd0000 	C:\WINDOWS\SYSTEM32\ntdll.dll
0x00007fffc09e0000 - 0x00007fffc0a92000 	C:\WINDOWS\System32\KERNEL32.DLL
0x00007fffbdb50000 - 0x00007fffbddf3000 	C:\WINDOWS\System32\KERNELBASE.dll
0x00007fffbf9e0000 - 0x00007fffbfa83000 	C:\WINDOWS\System32\ADVAPI32.dll
0x00007fffbf5a0000 - 0x00007fffbf63e000 	C:\WINDOWS\System32\msvcrt.dll
0x00007fffbf940000 - 0x00007fffbf9d7000 	C:\WINDOWS\System32\sechost.dll
0x00007fffbf6c0000 - 0x00007fffbf7e0000 	C:\WINDOWS\System32\RPCRT4.dll
0x00007fffbfd70000 - 0x00007fffbff04000 	C:\WINDOWS\System32\USER32.dll
0x00007fffbdb20000 - 0x00007fffbdb41000 	C:\WINDOWS\System32\win32u.dll
0x00007fffbec20000 - 0x00007fffbec46000 	C:\WINDOWS\System32\GDI32.dll
0x00007fffbdf30000 - 0x00007fffbe0c4000 	C:\WINDOWS\System32\gdi32full.dll
0x00007fffbe3d0000 - 0x00007fffbe46e000 	C:\WINDOWS\System32\msvcp_win.dll
0x00007fffbe120000 - 0x00007fffbe21a000 	C:\WINDOWS\System32\ucrtbase.dll
0x00007fffa9a90000 - 0x00007fffa9d15000 	C:\WINDOWS\WinSxS\amd64_microsoft.windows.common-controls_6595b64144ccf1df_6.0.18362.720_none_e6beb5c51314836b\COMCTL32.dll
0x00007fffc0010000 - 0x00007fffc0346000 	C:\WINDOWS\System32\combase.dll
0x00007fffbde00000 - 0x00007fffbde80000 	C:\WINDOWS\System32\bcryptPrimitives.dll
0x00007fffbebf0000 - 0x00007fffbec1e000 	C:\WINDOWS\System32\IMM32.DLL
0x0000000055080000 - 0x0000000055152000 	C:\Program Files\Android\Android Studio\jre\jre\bin\msvcr100.dll
0x0000000055a20000 - 0x0000000056266000 	C:\Program Files\Android\Android Studio\jre\jre\bin\server\jvm.dll
0x00007fffbff10000 - 0x00007fffbff18000 	C:\WINDOWS\System32\PSAPI.DLL
0x00007fffa9f50000 - 0x00007fffa9f59000 	C:\WINDOWS\SYSTEM32\WSOCK32.dll
0x00007fffb8740000 - 0x00007fffb874a000 	C:\WINDOWS\SYSTEM32\VERSION.dll
0x00007fffbb600000 - 0x00007fffbb624000 	C:\WINDOWS\SYSTEM32\WINMM.dll
0x00007fffbec50000 - 0x00007fffbecbf000 	C:\WINDOWS\System32\WS2_32.dll
0x00007fffbb4f0000 - 0x00007fffbb51d000 	C:\WINDOWS\SYSTEM32\WINMMBASE.dll
0x00007fffbdad0000 - 0x00007fffbdb1a000 	C:\WINDOWS\System32\cfgmgr32.dll
0x00007fffa9db0000 - 0x00007fffa9dbf000 	C:\Program Files\Android\Android Studio\jre\jre\bin\verify.dll
0x00007fffa9370000 - 0x00007fffa9399000 	C:\Program Files\Android\Android Studio\jre\jre\bin\java.dll
0x00007fffa9d40000 - 0x00007fffa9d56000 	C:\Program Files\Android\Android Studio\jre\jre\bin\zip.dll
0x00007fffbede0000 - 0x00007fffbf4c5000 	C:\WINDOWS\System32\SHELL32.dll
0x00007fffbfcc0000 - 0x00007fffbfd69000 	C:\WINDOWS\System32\shcore.dll
0x00007fffbe470000 - 0x00007fffbebf0000 	C:\WINDOWS\System32\windows.storage.dll
0x00007fffbda60000 - 0x00007fffbda83000 	C:\WINDOWS\System32\profapi.dll
0x00007fffbda10000 - 0x00007fffbda5a000 	C:\WINDOWS\System32\powrprof.dll
0x00007fffbda00000 - 0x00007fffbda10000 	C:\WINDOWS\System32\UMPDC.dll
0x00007fffbecd0000 - 0x00007fffbed22000 	C:\WINDOWS\System32\shlwapi.dll
0x00007fffbdab0000 - 0x00007fffbdac1000 	C:\WINDOWS\System32\kernel.appcore.dll
0x00007fffbe0d0000 - 0x00007fffbe0e7000 	C:\WINDOWS\System32\cryptsp.dll
0x00007fffa9750000 - 0x00007fffa976a000 	C:\Program Files\Android\Android Studio\jre\jre\bin\net.dll
0x00007fffb2b50000 - 0x00007fffb2d25000 	C:\WINDOWS\SYSTEM32\urlmon.dll
0x00007fffb3760000 - 0x00007fffb3a06000 	C:\WINDOWS\SYSTEM32\iertutil.dll
0x00007fffbd440000 - 0x00007fffbd44c000 	C:\WINDOWS\SYSTEM32\CRYPTBASE.DLL
0x00007fffbd270000 - 0x00007fffbd2d7000 	C:\WINDOWS\system32\mswsock.dll
0x00007fffa8bb0000 - 0x00007fffa8bc3000 	C:\Program Files\Android\Android Studio\jre\jre\bin\nio.dll
0x00007fffa4370000 - 0x00007fffa4396000 	C:\Users\Subin\.gradle\native\30\windows-amd64\native-platform.dll
0x00007fffa8b30000 - 0x00007fffa8b3d000 	C:\Program Files\Android\Android Studio\jre\jre\bin\management.dll
0x00007fffbcde0000 - 0x00007fffbce13000 	C:\WINDOWS\system32\rsaenh.dll
0x00007fffbe0f0000 - 0x00007fffbe116000 	C:\WINDOWS\System32\bcrypt.dll
0x00007fffbd920000 - 0x00007fffbd945000 	C:\WINDOWS\SYSTEM32\USERENV.dll
0x00007fffbcf80000 - 0x00007fffbcfba000 	C:\WINDOWS\SYSTEM32\IPHLPAPI.DLL
0x00007fffbecc0000 - 0x00007fffbecc8000 	C:\WINDOWS\System32\NSI.dll
0x00007fffb79b0000 - 0x00007fffb79c6000 	C:\WINDOWS\SYSTEM32\dhcpcsvc6.DLL
0x00007fffb84e0000 - 0x00007fffb84fc000 	C:\WINDOWS\SYSTEM32\dhcpcsvc.DLL
0x00007fffbcfc0000 - 0x00007fffbd08a000 	C:\WINDOWS\SYSTEM32\DNSAPI.dll
0x00007fff8c430000 - 0x00007fff8c5cc000 	C:\Program Files\Android\Android Studio\jre\jre\bin\awt.dll
0x00007fffbf4d0000 - 0x00007fffbf594000 	C:\WINDOWS\System32\OLEAUT32.dll
0x00007fffbc1a0000 - 0x00007fffbc1cd000 	C:\WINDOWS\SYSTEM32\dwmapi.dll
0x00007fffba530000 - 0x00007fffbaaf0000 	C:\WINDOWS\SYSTEM32\d2d1.dll
0x00007fffbbba0000 - 0x00007fffbbc2f000 	C:\WINDOWS\SYSTEM32\apphelp.dll
0x00007fffbbce0000 - 0x00007fffbbd79000 	C:\WINDOWS\system32\uxtheme.dll

VM Arguments:
jvm_args: -Xmx1536m -Dfile.encoding=x-windows-949 -Duser.country=KR -Duser.language=ko -Duser.variant 
java_command: org.gradle.launcher.daemon.bootstrap.GradleDaemon 5.6.4
java_class_path (initial): C:\Users\Subin\.gradle\wrapper\dists\gradle-5.6.4-all\ankdp27end7byghfw1q2sw75f\gradle-5.6.4\lib\gradle-launcher-5.6.4.jar
Launcher Type: SUN_STANDARD

Environment Variables:
PATH=C:\Program Files (x86)\NAT Service;C:\WINDOWS\system32;C:\WINDOWS;C:\WINDOWS\System32\Wbem;C:\WINDOWS\System32\WindowsPowerShell\v1.0\;C:\WINDOWS\System32\OpenSSH\;C:\Program Files (x86)\Brackets\command;C:\Program Files\Git\cmd;C:\Users\Subin\AppData\Local\Microsoft\WindowsApps;C:\Program Files\Bandizip\;
USERNAME=Subin
OS=Windows_NT
PROCESSOR_IDENTIFIER=Intel64 Family 6 Model 158 Stepping 10, GenuineIntel



---------------  S Y S T E M  ---------------

OS: Windows 10.0 , 64 bit Build 18362 (10.0.18362.329)

CPU:total 6 (initial active 6) (6 cores per cpu, 1 threads per core) family 6 model 158 stepping 10, cmov, cx8, fxsr, mmx, sse, sse2, sse3, ssse3, sse4.1, sse4.2, popcnt, avx, avx2, aes, clmul, erms, 3dnowpref, lzcnt, tsc, tscinvbit, bmi1, bmi2, adx

Memory: 4k page, physical 8320968k(2889136k free), swap 8320968k(5696k free)

vm_info: OpenJDK 64-Bit Server VM (25.212-b04) for windows-amd64 JRE (1.8.0_212-release-1586-b04), built by "builder" with MS VC++ 10.0 (VS2010)

time: Mon Mar 16 03:27:28 2020
timezone: 대한민국 표준시
elapsed time: 347 seconds (0d 0h 5m 47s)

