#
# There is insufficient memory for the Java Runtime Environment to continue.
# Native memory allocation (malloc) failed to allocate 816496 bytes for Chunk::new
# Possible reasons:
#   The system is out of physical RAM or swap space
#   The process is running with CompressedOops enabled, and the Java Heap may be blocking the growth of the native heap
# Possible solutions:
#   Reduce memory load on the system
#   Increase physical memory or swap space
#   Check if swap backing store is full
#   Decrease Java heap size (-Xmx/-Xms)
#   Decrease number of Java threads
#   Decrease Java thread stack sizes (-Xss)
#   Set larger code cache with -XX:ReservedCodeCacheSize=
#   JVM is running with Unscaled Compressed Oops mode in which the Java heap is
#     placed in the first 4GB address space. The Java Heap base address is the
#     maximum limit for the native heap growth. Please use -XX:HeapBaseMinAddress
#     to set the Java Heap base and to place the Java Heap above 4GB virtual address.
# This output file may be truncated or incomplete.
#
#  Out of Memory Error (allocation.cpp:389), pid=16152, tid=0x00000000000013cc
#
# JRE version: OpenJDK Runtime Environment (8.0_212-b04) (build 1.8.0_212-release-1586-b04)
# Java VM: OpenJDK 64-Bit Server VM (25.212-b04 mixed mode windows-amd64 compressed oops)
# Failed to write core dump. Minidumps are not enabled by default on client versions of Windows
#

---------------  T H R E A D  ---------------

Current thread (0x000000001805d000):  JavaThread "C2 CompilerThread1" daemon [_thread_in_native, id=5068, stack(0x0000000018710000,0x0000000018810000)]

Stack: [0x0000000018710000,0x0000000018810000]
[error occurred during error reporting (printing stack bounds), id 0xc0000005]

Native frames: (J=compiled Java code, j=interpreted, Vv=VM code, C=native code)


Current CompileTask:
C2:   6800 8276   !   4       java.io.ObjectOutputStream::writeObject0 (619 bytes)


---------------  P R O C E S S  ---------------

Java Threads: ( => current thread )
  0x000000001a9f0000 JavaThread "stdout" [_thread_in_native, id=15244, stack(0x0000000026e10000,0x0000000026f10000)]
  0x000000001a9ef800 JavaThread "stderr" [_thread_new, id=15732, stack(0x0000000000000000,0x0000000000000000)]
  0x000000001a9f2800 JavaThread "stdout" [_thread_new, id=5832, stack(0x0000000000000000,0x0000000000000000)]
  0x000000001a9ee800 JavaThread "stderr" [_thread_blocked, id=15648, stack(0x0000000026b10000,0x0000000026c10000)]
  0x000000001a9ee000 JavaThread "stdout" [_thread_blocked, id=4212, stack(0x0000000026880000,0x0000000026980000)]
  0x0000000020d5a000 JavaThread "stderr" [_thread_blocked, id=15936, stack(0x0000000026780000,0x0000000026880000)]
  0x0000000020d59000 JavaThread "stdout" [_thread_in_native, id=11856, stack(0x0000000026680000,0x0000000026780000)]
  0x0000000020d58800 JavaThread "stderr" [_thread_in_native, id=6428, stack(0x0000000026580000,0x0000000026680000)]
  0x0000000020d57800 JavaThread "stdout" [_thread_in_native, id=13708, stack(0x0000000026480000,0x0000000026580000)]
  0x0000000020d56000 JavaThread "stderr" [_thread_in_native, id=14576, stack(0x0000000026380000,0x0000000026480000)]
  0x0000000020d57000 JavaThread "stdout" [_thread_in_native, id=15772, stack(0x0000000026280000,0x0000000026380000)]
  0x0000000020d4e800 JavaThread "stderr" [_thread_in_native, id=15572, stack(0x0000000026180000,0x0000000026280000)]
  0x0000000020d55800 JavaThread "pool-2-thread-1" [_thread_blocked, id=8236, stack(0x0000000025f20000,0x0000000026020000)]
  0x0000000020d54800 JavaThread "MarlinRenderer Disposer" daemon [_thread_blocked, id=16288, stack(0x0000000025e20000,0x0000000025f20000)]
  0x0000000020d54000 JavaThread "Java2D Disposer" daemon [_thread_blocked, id=15076, stack(0x0000000025b20000,0x0000000025c20000)]
  0x0000000020d4f800 JavaThread "WorkerExecutor Queue Thread 6" [_thread_blocked, id=15268, stack(0x0000000025a20000,0x0000000025b20000)]
  0x0000000020d50000 JavaThread "WorkerExecutor Queue Thread 5" [_thread_blocked, id=15856, stack(0x0000000025920000,0x0000000025a20000)]
  0x0000000020d53000 JavaThread "WorkerExecutor Queue Thread 4" [_thread_in_vm, id=15332, stack(0x0000000025820000,0x0000000025920000)]
  0x0000000020d52800 JavaThread "WorkerExecutor Queue Thread 3" [_thread_blocked, id=15020, stack(0x0000000025720000,0x0000000025820000)]
  0x0000000020d4b000 JavaThread "WorkerExecutor Queue Thread 2" [_thread_blocked, id=7232, stack(0x0000000025620000,0x0000000025720000)]
  0x0000000020d4e000 JavaThread "WorkerExecutor Queue" [_thread_blocked, id=15012, stack(0x0000000025520000,0x0000000025620000)]
  0x0000000020d51000 JavaThread "Cache worker for execution history cache (C:\Users\Subin\Desktop\StudyRoomInfo.0.1.6\.gradle\5.6.4\executionHistory)" [_thread_blocked, id=15000, stack(0x0000000025120000,0x0000000025220000)]
  0x0000000020d51800 JavaThread "Execution worker for ':' Thread 5" [_thread_blocked, id=14996, stack(0x0000000024e20000,0x0000000024f20000)]
  0x0000000020d4c800 JavaThread "Execution worker for ':' Thread 4" [_thread_blocked, id=14992, stack(0x00000000234e0000,0x00000000235e0000)]
  0x000000001c6c7800 JavaThread "Execution worker for ':' Thread 3" [_thread_blocked, id=14984, stack(0x00000000233e0000,0x00000000234e0000)]
  0x000000001c6c6000 JavaThread "Execution worker for ':' Thread 2" [_thread_blocked, id=14980, stack(0x00000000232e0000,0x00000000233e0000)]
  0x000000001c6c5000 JavaThread "Execution worker for ':'" [_thread_blocked, id=14976, stack(0x00000000231e0000,0x00000000232e0000)]
  0x000000001c6c4800 JavaThread "Cache worker for file content cache (C:\Users\Subin\Desktop\StudyRoomInfo.0.1.6\.gradle\5.6.4\fileContent)" [_thread_blocked, id=14972, stack(0x0000000023950000,0x0000000023a50000)]
  0x000000001c6c3800 JavaThread "Cache worker for file content cache (C:\Users\Subin\.gradle\caches\5.6.4\fileContent)" [_thread_blocked, id=14968, stack(0x0000000023850000,0x0000000023950000)]
  0x000000001c6c6800 JavaThread "Memory manager" [_thread_blocked, id=14964, stack(0x0000000022aa0000,0x0000000022ba0000)]
  0x000000001c6c3000 JavaThread "Cache worker for Build Output Cleanup Cache (C:\Users\Subin\Desktop\StudyRoomInfo.0.1.6\.gradle\buildOutputCleanup)" [_thread_blocked, id=14956, stack(0x0000000021b90000,0x0000000021c90000)]
  0x000000001c6c2000 JavaThread "Build operations Thread 6" [_thread_blocked, id=14952, stack(0x00000000221a0000,0x00000000222a0000)]
  0x000000001c6ba800 JavaThread "Build operations Thread 5" [_thread_blocked, id=14948, stack(0x00000000220a0000,0x00000000221a0000)]
  0x000000001c6c1800 JavaThread "Build operations Thread 4" [_thread_blocked, id=14944, stack(0x0000000021fa0000,0x00000000220a0000)]
  0x000000001c6c0800 JavaThread "Build operations Thread 3" [_thread_blocked, id=14940, stack(0x0000000021ea0000,0x0000000021fa0000)]
  0x000000001c6c0000 JavaThread "Build operations Thread 2" [_thread_blocked, id=10060, stack(0x0000000021da0000,0x0000000021ea0000)]
  0x000000001c6b9000 JavaThread "Build operations" [_thread_blocked, id=14244, stack(0x0000000021ca0000,0x0000000021da0000)]
  0x000000001c6bd800 JavaThread "Cache worker for execution history cache (C:\Users\Subin\.gradle\caches\5.6.4\executionHistory)" [_thread_blocked, id=14876, stack(0x0000000021610000,0x0000000021710000)]
  0x000000001c6b8800 JavaThread "Cache worker for cache directory md-rule (C:\Users\Subin\.gradle\caches\5.6.4\md-rule)" [_thread_blocked, id=6440, stack(0x0000000021510000,0x0000000021610000)]
  0x000000001c6bd000 JavaThread "Cache worker for cache directory md-supplier (C:\Users\Subin\.gradle\caches\5.6.4\md-supplier)" [_thread_blocked, id=9148, stack(0x0000000021410000,0x0000000021510000)]
  0x000000001a51f000 JavaThread "Cache worker for file hash cache (C:\Users\Subin\Desktop\StudyRoomInfo.0.1.6\.gradle\5.6.4\fileHashes)" [_thread_blocked, id=2844, stack(0x000000001d660000,0x000000001d760000)]
  0x000000001a51d000 JavaThread "Cache worker for journal cache (C:\Users\Subin\.gradle\caches\journal-1)" [_thread_blocked, id=10804, stack(0x000000001c590000,0x000000001c690000)]
  0x000000001a51e800 JavaThread "File lock request listener" [_thread_in_native, id=14560, stack(0x000000001c490000,0x000000001c590000)]
  0x000000001a51c000 JavaThread "Cache worker for file hash cache (C:\Users\Subin\.gradle\caches\5.6.4\fileHashes)" [_thread_blocked, id=14692, stack(0x000000001c390000,0x000000001c490000)]
  0x000000001a4bd000 JavaThread "Thread-9" [_thread_blocked, id=15324, stack(0x000000001c090000,0x000000001c190000)]
  0x000000001a4bc000 JavaThread "Stdin handler" [_thread_blocked, id=14920, stack(0x000000001bf90000,0x000000001c090000)]
  0x000000001a523800 JavaThread "Asynchronous log dispatcher for DefaultDaemonConnection: socket connection from /127.0.0.1:49959 to /127.0.0.1:49960" [_thread_blocked, id=10996, stack(0x000000001be90000,0x000000001bf90000)]
  0x000000001a515800 JavaThread "Daemon worker" [_thread_blocked, id=15768, stack(0x000000001bd90000,0x000000001be90000)]
  0x000000001a4d8000 JavaThread "Cancel handler" [_thread_blocked, id=15596, stack(0x000000001bc90000,0x000000001bd90000)]
  0x000000001a486800 JavaThread "Handler for socket connection from /127.0.0.1:49959 to /127.0.0.1:49960" [_thread_in_native, id=6248, stack(0x000000001b990000,0x000000001ba90000)]
  0x000000001a481000 JavaThread "Daemon" [_thread_blocked, id=13856, stack(0x000000001b890000,0x000000001b990000)]
  0x000000001a421800 JavaThread "Daemon periodic checks" [_thread_blocked, id=16272, stack(0x000000001b790000,0x000000001b890000)]
  0x000000001a417800 JavaThread "Incoming local TCP Connector on port 49959" [_thread_in_native, id=10100, stack(0x000000001b5b0000,0x000000001b6b0000)]
  0x00000000182f7800 JavaThread "Daemon health stats" [_thread_blocked, id=13796, stack(0x000000001b2b0000,0x000000001b3b0000)]
  0x00000000180d6000 JavaThread "Service Thread" daemon [_thread_blocked, id=16380, stack(0x0000000018910000,0x0000000018a10000)]
  0x000000001805e000 JavaThread "C1 CompilerThread2" daemon [_thread_blocked, id=15460, stack(0x0000000018810000,0x0000000018910000)]
=>0x000000001805d000 JavaThread "C2 CompilerThread1" daemon [_thread_in_native, id=5068, stack(0x0000000018710000,0x0000000018810000)]
  0x0000000016612000 JavaThread "C2 CompilerThread0" daemon [_thread_in_native, id=6056, stack(0x0000000018610000,0x0000000018710000)]
  0x000000001805b000 JavaThread "Attach Listener" daemon [_thread_blocked, id=16312, stack(0x0000000018510000,0x0000000018610000)]
  0x000000001805a000 JavaThread "Signal Dispatcher" daemon [_thread_blocked, id=1708, stack(0x0000000018410000,0x0000000018510000)]
  0x00000000029be000 JavaThread "Finalizer" daemon [_thread_blocked, id=15180, stack(0x0000000017e80000,0x0000000017f80000)]
  0x00000000165eb000 JavaThread "Reference Handler" daemon [_thread_blocked, id=16360, stack(0x0000000017d80000,0x0000000017e80000)]
  0x0000000002a4d800 JavaThread "main" [_thread_blocked, id=11828, stack(0x0000000002450000,0x0000000002550000)]

Other Threads:
  0x00000000165c6800 VMThread [stack: 0x0000000017c80000,0x0000000017d80000] [id=7128]
  0x00000000180dd000 WatcherThread [stack: 0x0000000018a10000,0x0000000018b10000] [id=15036]

VM state:not at safepoint (normal execution)

VM Mutex/Monitor currently owned by a thread:  ([mutex/lock_event])
[0x00000000028c0350] CompiledIC_lock - owner thread: 0x0000000000000000

heap address: 0x00000000a0000000, size: 1536 MB, Compressed Oops mode: 32-bit
Narrow klass base: 0x0000000000000000, Narrow klass shift: 3
Compressed class space size: 1073741824 Address: 0x0000000100000000

Heap:
 PSYoungGen      total 194560K, used 92878K [0x00000000e0000000, 0x00000000f0200000, 0x0000000100000000)
  eden space 175616K, 42% used [0x00000000e0000000,0x00000000e4839300,0x00000000eab80000)
  from space 18944K, 99% used [0x00000000eab80000,0x00000000ebdfa508,0x00000000ebe00000)
  to   space 23040K, 0% used [0x00000000eeb80000,0x00000000eeb80000,0x00000000f0200000)
 ParOldGen       total 132608K, used 33973K [0x00000000a0000000, 0x00000000a8180000, 0x00000000e0000000)
  object space 132608K, 25% used [0x00000000a0000000,0x00000000a212d600,0x00000000a8180000)
 Metaspace       used 63364K, capacity 65800K, committed 66008K, reserved 1105920K
  class space    used 8578K, capacity 9105K, committed 9176K, reserved 1048576K

Card table byte_map: [0x0000000011e10000,0x0000000012120000] byte_map_base: 0x0000000011910000

Marking Bits: (ParMarkBitMap*) 0x00000000561e9f30
 Begin Bits: [0x0000000012920000, 0x0000000014120000)
 End Bits:   [0x0000000014120000, 0x0000000015920000)

Polling page: 0x0000000000c10000

CodeCache: size=245760Kb used=23984Kb max_used=23984Kb free=221775Kb
 bounds [0x0000000002a50000, 0x00000000041e0000, 0x0000000011a50000]
 total_blobs=8403 nmethods=7495 adapters=820
 compilation: enabled

Compilation events (10 events):
Event: 6.759 Thread 0x000000001805e000 8277       2       org.gradle.api.internal.tasks.properties.annotations.AbstractInputFilePropertyAnnotationHandler::shouldVisit (15 bytes)
Event: 6.759 Thread 0x000000001805e000 nmethod 8277 0x00000000041cf150 code [0x00000000041cf2c0, 0x00000000041cf448]
Event: 6.760 Thread 0x000000001805e000 8278   !   2       org.gradle.internal.resources.DefaultResourceLockCoordinationService$DefaultResourceLockState::releaseLocks (76 bytes)
Event: 6.760 Thread 0x000000001805e000 nmethod 8278 0x0000000002c0b450 code [0x0000000002c0b600, 0x0000000002c0b908]
Event: 6.760 Thread 0x000000001805e000 8279       2       java.util.HashMap$HashIterator::<init> (79 bytes)
Event: 6.760 Thread 0x000000001805e000 nmethod 8279 0x00000000041d0810 code [0x00000000041d0980, 0x00000000041d0bf0]
Event: 6.760 Thread 0x000000001805e000 8280       2       java.util.HashSet::iterator (13 bytes)
Event: 6.760 Thread 0x000000001805e000 nmethod 8280 0x0000000002c0b050 code [0x0000000002c0b1c0, 0x0000000002c0b358]
Event: 6.760 Thread 0x000000001805e000 8281   !   2       org.gradle.execution.plan.DefaultExecutionPlan::resolveMutations (256 bytes)
Event: 6.762 Thread 0x000000001805e000 nmethod 8281 0x00000000041d0d10 code [0x00000000041d10e0, 0x00000000041d2618]

GC Heap History (10 events):
Event: 3.743 GC heap before
{Heap before GC invocations=12 (full 2):
 PSYoungGen      total 117760K, used 105984K [0x00000000e0000000, 0x00000000ea600000, 0x0000000100000000)
  eden space 105984K, 100% used [0x00000000e0000000,0x00000000e6780000,0x00000000e6780000)
  from space 11776K, 0% used [0x00000000e6780000,0x00000000e6780000,0x00000000e7300000)
  to   space 12288K, 0% used [0x00000000e9a00000,0x00000000e9a00000,0x00000000ea600000)
 ParOldGen       total 90624K, used 16990K [0x00000000a0000000, 0x00000000a5880000, 0x00000000e0000000)
  object space 90624K, 18% used [0x00000000a0000000,0x00000000a10979d0,0x00000000a5880000)
 Metaspace       used 45001K, capacity 46140K, committed 46336K, reserved 1089536K
  class space    used 6042K, capacity 6350K, committed 6400K, reserved 1048576K
Event: 3.753 GC heap after
Heap after GC invocations=12 (full 2):
 PSYoungGen      total 148992K, used 12283K [0x00000000e0000000, 0x00000000ea600000, 0x0000000100000000)
  eden space 136704K, 0% used [0x00000000e0000000,0x00000000e0000000,0x00000000e8580000)
  from space 12288K, 99% used [0x00000000e9a00000,0x00000000ea5feda0,0x00000000ea600000)
  to   space 14336K, 0% used [0x00000000e8a00000,0x00000000e8a00000,0x00000000e9800000)
 ParOldGen       total 90624K, used 19311K [0x00000000a0000000, 0x00000000a5880000, 0x00000000e0000000)
  object space 90624K, 21% used [0x00000000a0000000,0x00000000a12dbe88,0x00000000a5880000)
 Metaspace       used 45001K, capacity 46140K, committed 46336K, reserved 1089536K
  class space    used 6042K, capacity 6350K, committed 6400K, reserved 1048576K
}
Event: 4.779 GC heap before
{Heap before GC invocations=13 (full 2):
 PSYoungGen      total 148992K, used 148987K [0x00000000e0000000, 0x00000000ea600000, 0x0000000100000000)
  eden space 136704K, 100% used [0x00000000e0000000,0x00000000e8580000,0x00000000e8580000)
  from space 12288K, 99% used [0x00000000e9a00000,0x00000000ea5feda0,0x00000000ea600000)
  to   space 14336K, 0% used [0x00000000e8a00000,0x00000000e8a00000,0x00000000e9800000)
 ParOldGen       total 90624K, used 19311K [0x00000000a0000000, 0x00000000a5880000, 0x00000000e0000000)
  object space 90624K, 21% used [0x00000000a0000000,0x00000000a12dbe88,0x00000000a5880000)
 Metaspace       used 56013K, capacity 57836K, committed 58112K, reserved 1099776K
  class space    used 7710K, capacity 8129K, committed 8192K, reserved 1048576K
Event: 4.795 GC heap after
Heap after GC invocations=13 (full 2):
 PSYoungGen      total 155648K, used 14331K [0x00000000e0000000, 0x00000000ed080000, 0x0000000100000000)
  eden space 141312K, 0% used [0x00000000e0000000,0x00000000e0000000,0x00000000e8a00000)
  from space 14336K, 99% used [0x00000000e8a00000,0x00000000e97fecc0,0x00000000e9800000)
  to   space 18944K, 0% used [0x00000000ebe00000,0x00000000ebe00000,0x00000000ed080000)
 ParOldGen       total 90624K, used 26807K [0x00000000a0000000, 0x00000000a5880000, 0x00000000e0000000)
  object space 90624K, 29% used [0x00000000a0000000,0x00000000a1a2dd78,0x00000000a5880000)
 Metaspace       used 56013K, capacity 57836K, committed 58112K, reserved 1099776K
  class space    used 7710K, capacity 8129K, committed 8192K, reserved 1048576K
}
Event: 4.922 GC heap before
{Heap before GC invocations=14 (full 2):
 PSYoungGen      total 155648K, used 34620K [0x00000000e0000000, 0x00000000ed080000, 0x0000000100000000)
  eden space 141312K, 14% used [0x00000000e0000000,0x00000000e13d06c8,0x00000000e8a00000)
  from space 14336K, 99% used [0x00000000e8a00000,0x00000000e97fecc0,0x00000000e9800000)
  to   space 18944K, 0% used [0x00000000ebe00000,0x00000000ebe00000,0x00000000ed080000)
 ParOldGen       total 90624K, used 26807K [0x00000000a0000000, 0x00000000a5880000, 0x00000000e0000000)
  object space 90624K, 29% used [0x00000000a0000000,0x00000000a1a2dd78,0x00000000a5880000)
 Metaspace       used 57063K, capacity 59056K, committed 59096K, reserved 1099776K
  class space    used 7904K, capacity 8371K, committed 8408K, reserved 1048576K
Event: 4.932 GC heap after
Heap after GC invocations=14 (full 2):
 PSYoungGen      total 194560K, used 2586K [0x00000000e0000000, 0x00000000ee200000, 0x0000000100000000)
  eden space 175616K, 0% used [0x00000000e0000000,0x00000000e0000000,0x00000000eab80000)
  from space 18944K, 13% used [0x00000000ebe00000,0x00000000ec0869c8,0x00000000ed080000)
  to   space 18944K, 0% used [0x00000000eab80000,0x00000000eab80000,0x00000000ebe00000)
 ParOldGen       total 90624K, used 35075K [0x00000000a0000000, 0x00000000a5880000, 0x00000000e0000000)
  object space 90624K, 38% used [0x00000000a0000000,0x00000000a2240eb8,0x00000000a5880000)
 Metaspace       used 57063K, capacity 59056K, committed 59096K, reserved 1099776K
  class space    used 7904K, capacity 8371K, committed 8408K, reserved 1048576K
}
Event: 4.932 GC heap before
{Heap before GC invocations=15 (full 3):
 PSYoungGen      total 194560K, used 2586K [0x00000000e0000000, 0x00000000ee200000, 0x0000000100000000)
  eden space 175616K, 0% used [0x00000000e0000000,0x00000000e0000000,0x00000000eab80000)
  from space 18944K, 13% used [0x00000000ebe00000,0x00000000ec0869c8,0x00000000ed080000)
  to   space 18944K, 0% used [0x00000000eab80000,0x00000000eab80000,0x00000000ebe00000)
 ParOldGen       total 90624K, used 35075K [0x00000000a0000000, 0x00000000a5880000, 0x00000000e0000000)
  object space 90624K, 38% used [0x00000000a0000000,0x00000000a2240eb8,0x00000000a5880000)
 Metaspace       used 57063K, capacity 59056K, committed 59096K, reserved 1099776K
  class space    used 7904K, capacity 8371K, committed 8408K, reserved 1048576K
Event: 5.084 GC heap after
Heap after GC invocations=15 (full 3):
 PSYoungGen      total 194560K, used 0K [0x00000000e0000000, 0x00000000ee200000, 0x0000000100000000)
  eden space 175616K, 0% used [0x00000000e0000000,0x00000000e0000000,0x00000000eab80000)
  from space 18944K, 0% used [0x00000000ebe00000,0x00000000ebe00000,0x00000000ed080000)
  to   space 18944K, 0% used [0x00000000eab80000,0x00000000eab80000,0x00000000ebe00000)
 ParOldGen       total 132608K, used 31191K [0x00000000a0000000, 0x00000000a8180000, 0x00000000e0000000)
  object space 132608K, 23% used [0x00000000a0000000,0x00000000a1e75d30,0x00000000a8180000)
 Metaspace       used 56963K, capacity 58812K, committed 59096K, reserved 1099776K
  class space    used 7872K, capacity 8313K, committed 8408K, reserved 1048576K
}
Event: 6.151 GC heap before
{Heap before GC invocations=16 (full 3):
 PSYoungGen      total 194560K, used 175616K [0x00000000e0000000, 0x00000000ee200000, 0x0000000100000000)
  eden space 175616K, 100% used [0x00000000e0000000,0x00000000eab80000,0x00000000eab80000)
  from space 18944K, 0% used [0x00000000ebe00000,0x00000000ebe00000,0x00000000ed080000)
  to   space 18944K, 0% used [0x00000000eab80000,0x00000000eab80000,0x00000000ebe00000)
 ParOldGen       total 132608K, used 31191K [0x00000000a0000000, 0x00000000a8180000, 0x00000000e0000000)
  object space 132608K, 23% used [0x00000000a0000000,0x00000000a1e75d30,0x00000000a8180000)
 Metaspace       used 60577K, capacity 62926K, committed 63064K, reserved 1103872K
  class space    used 8291K, capacity 8790K, committed 8792K, reserved 1048576K
Event: 6.164 GC heap after
Heap after GC invocations=16 (full 3):
 PSYoungGen      total 194560K, used 18921K [0x00000000e0000000, 0x00000000f0200000, 0x0000000100000000)
  eden space 175616K, 0% used [0x00000000e0000000,0x00000000e0000000,0x00000000eab80000)
  from space 18944K, 99% used [0x00000000eab80000,0x00000000ebdfa508,0x00000000ebe00000)
  to   space 23040K, 0% used [0x00000000eeb80000,0x00000000eeb80000,0x00000000f0200000)
 ParOldGen       total 132608K, used 33973K [0x00000000a0000000, 0x00000000a8180000, 0x00000000e0000000)
  object space 132608K, 25% used [0x00000000a0000000,0x00000000a212d600,0x00000000a8180000)
 Metaspace       used 60577K, capacity 62926K, committed 63064K, reserved 1103872K
  class space    used 8291K, capacity 8790K, committed 8792K, reserved 1048576K
}

Deoptimization events (10 events):
Event: 6.539 Thread 0x000000001c6c6000 Uncommon trap: reason=bimorphic action=maybe_recompile pc=0x0000000003fa3e48 method=com.sun.org.apache.xerces.internal.dom.ParentNode.checkNormalizationAfterInsert(Lcom/sun/org/apache/xerces/internal/dom/ChildNode;)V @ 23
Event: 6.539 Thread 0x000000001c6c6000 Uncommon trap: reason=bimorphic action=maybe_recompile pc=0x0000000003fa3e48 method=com.sun.org.apache.xerces.internal.dom.ParentNode.checkNormalizationAfterInsert(Lcom/sun/org/apache/xerces/internal/dom/ChildNode;)V @ 23
Event: 6.539 Thread 0x000000001c6c6000 Uncommon trap: reason=bimorphic action=maybe_recompile pc=0x0000000003fa3e48 method=com.sun.org.apache.xerces.internal.dom.ParentNode.checkNormalizationAfterInsert(Lcom/sun/org/apache/xerces/internal/dom/ChildNode;)V @ 23
Event: 6.559 Thread 0x000000001c6c6000 Uncommon trap: reason=unstable_if action=reinterpret pc=0x0000000003fb03f8 method=com.android.utils.XmlUtils.toXmlAttributeValue(Ljava/lang/String;)Ljava/lang/String; @ 33
Event: 6.566 Thread 0x000000001c6c6000 Uncommon trap: reason=unstable_if action=reinterpret pc=0x00000000041659e0 method=com.android.utils.XmlUtils.toXmlAttributeValue(Ljava/lang/String;)Ljava/lang/String; @ 27
Event: 6.572 Thread 0x000000001c6c6000 Uncommon trap: reason=unstable_if action=reinterpret pc=0x000000000412244c method=sun.nio.cs.UTF_8$Encoder.encodeArrayLoop(Ljava/nio/CharBuffer;Ljava/nio/ByteBuffer;)Ljava/nio/charset/CoderResult; @ 175
Event: 6.572 Thread 0x000000001c6c6000 Uncommon trap: reason=unstable_if action=reinterpret pc=0x0000000003fe4274 method=sun.nio.cs.UTF_8$Encoder.encodeArrayLoop(Ljava/nio/CharBuffer;Ljava/nio/ByteBuffer;)Ljava/nio/charset/CoderResult; @ 400
Event: 6.572 Thread 0x000000001c6c6000 Uncommon trap: reason=unstable_if action=reinterpret pc=0x0000000003fc9880 method=sun.nio.cs.UTF_8$Encoder.encodeArrayLoop(Ljava/nio/CharBuffer;Ljava/nio/ByteBuffer;)Ljava/nio/charset/CoderResult; @ 166
Event: 6.757 Thread 0x000000001c6c5000 Uncommon trap: reason=unstable_if action=reinterpret pc=0x0000000003c15a1c method=java.util.HashMap$HashIterator.<init>(Ljava/util/HashMap;)V @ 45
Event: 6.757 Thread 0x000000001c6c5000 Uncommon trap: reason=unstable_if action=reinterpret pc=0x00000000040d6504 method=java.util.HashMap$HashIterator.<init>(Ljava/util/HashMap;)V @ 45

Classes redefined (0 events):
No events

Internal exceptions (10 events):
Event: 6.113 Thread 0x000000001c6c6000 Exception <a 'java/lang/NoSuchMethodError': <clinit>> (0x00000000ea1f5760) thrown at [D:\src\AOSP-openjdk-cygwin\jdk8u\hotspot\src\share\vm\prims\jni.cpp, line 1614]
Event: 6.113 Thread 0x000000001c6c6000 Exception <a 'java/lang/NoSuchMethodError': <clinit>> (0x00000000ea20b0d0) thrown at [D:\src\AOSP-openjdk-cygwin\jdk8u\hotspot\src\share\vm\prims\jni.cpp, line 1614]
Event: 6.114 Thread 0x000000001c6c6000 Exception <a 'java/lang/NoSuchMethodError': <clinit>> (0x00000000ea2287a0) thrown at [D:\src\AOSP-openjdk-cygwin\jdk8u\hotspot\src\share\vm\prims\jni.cpp, line 1614]
Event: 6.115 Thread 0x000000001c6c6000 Exception <a 'java/lang/NoSuchMethodError': <clinit>> (0x00000000ea23bd88) thrown at [D:\src\AOSP-openjdk-cygwin\jdk8u\hotspot\src\share\vm\prims\jni.cpp, line 1614]
Event: 6.182 Thread 0x0000000020d50000 Exception <a 'java/io/FileNotFoundException'> (0x00000000e027b9e0) thrown at [D:\src\AOSP-openjdk-cygwin\jdk8u\hotspot\src\share\vm\prims\jni.cpp, line 710]
Event: 6.196 Thread 0x0000000020d53000 Exception <a 'java/io/FileNotFoundException'> (0x00000000e049f188) thrown at [D:\src\AOSP-openjdk-cygwin\jdk8u\hotspot\src\share\vm\prims\jni.cpp, line 710]
Event: 6.722 Thread 0x000000001c6c6000 Exception <a 'java/lang/NoSuchMethodError': <clinit>> (0x00000000e39a1030) thrown at [D:\src\AOSP-openjdk-cygwin\jdk8u\hotspot\src\share\vm\prims\jni.cpp, line 1614]
Event: 6.722 Thread 0x000000001c6c6000 Exception <a 'java/lang/NoSuchMethodError': <clinit>> (0x00000000e39bc4e0) thrown at [D:\src\AOSP-openjdk-cygwin\jdk8u\hotspot\src\share\vm\prims\jni.cpp, line 1614]
Event: 6.722 Thread 0x000000001c6c6000 Exception <a 'java/lang/NoSuchMethodError': <clinit>> (0x00000000e39c13c8) thrown at [D:\src\AOSP-openjdk-cygwin\jdk8u\hotspot\src\share\vm\prims\jni.cpp, line 1614]
Event: 6.723 Thread 0x000000001c6c6000 Exception <a 'java/lang/NoSuchMethodError': <clinit>> (0x00000000e39d2330) thrown at [D:\src\AOSP-openjdk-cygwin\jdk8u\hotspot\src\share\vm\prims\jni.cpp, line 1614]

Events (10 events):
Event: 6.779 Thread 0x0000000020d59000 Thread added: 0x0000000020d59000
Event: 6.785 Thread 0x0000000020d5a000 Thread added: 0x0000000020d5a000
Event: 6.785 Thread 0x000000001a9ee000 Thread added: 0x000000001a9ee000
Event: 6.790 Thread 0x000000001a9ee800 Thread added: 0x000000001a9ee800
Event: 6.791 Thread 0x000000001a9f2800 Thread added: 0x000000001a9f2800
Event: 6.796 Thread 0x000000001a9ef800 Thread added: 0x000000001a9ef800
Event: 6.796 Thread 0x000000001a9f0000 Thread added: 0x000000001a9f0000
Event: 6.798 loading class com/google/common/io/Closeables
Event: 6.798 loading class com/google/common/io/Closeables done
Event: 6.798 Executing VM operation: RevokeBias


Dynamic libraries:
0x00007ff7ece00000 - 0x00007ff7ece31000 	C:\Program Files\Android\Android Studio\jre\bin\java.exe
0x00007fffc0ae0000 - 0x00007fffc0cd0000 	C:\WINDOWS\SYSTEM32\ntdll.dll
0x00007fffc09e0000 - 0x00007fffc0a92000 	C:\WINDOWS\System32\KERNEL32.DLL
0x00007fffbdb50000 - 0x00007fffbddf3000 	C:\WINDOWS\System32\KERNELBASE.dll
0x00007fffbf9e0000 - 0x00007fffbfa83000 	C:\WINDOWS\System32\ADVAPI32.dll
0x00007fffbf5a0000 - 0x00007fffbf63e000 	C:\WINDOWS\System32\msvcrt.dll
0x00007fffbf940000 - 0x00007fffbf9d7000 	C:\WINDOWS\System32\sechost.dll
0x00007fffbf6c0000 - 0x00007fffbf7e0000 	C:\WINDOWS\System32\RPCRT4.dll
0x00007fffbfd70000 - 0x00007fffbff04000 	C:\WINDOWS\System32\USER32.dll
0x00007fffbdb20000 - 0x00007fffbdb41000 	C:\WINDOWS\System32\win32u.dll
0x00007fffbec20000 - 0x00007fffbec46000 	C:\WINDOWS\System32\GDI32.dll
0x00007fffbdf30000 - 0x00007fffbe0c4000 	C:\WINDOWS\System32\gdi32full.dll
0x00007fffbe3d0000 - 0x00007fffbe46e000 	C:\WINDOWS\System32\msvcp_win.dll
0x00007fffbe120000 - 0x00007fffbe21a000 	C:\WINDOWS\System32\ucrtbase.dll
0x00007fffa9a90000 - 0x00007fffa9d15000 	C:\WINDOWS\WinSxS\amd64_microsoft.windows.common-controls_6595b64144ccf1df_6.0.18362.720_none_e6beb5c51314836b\COMCTL32.dll
0x00007fffc0010000 - 0x00007fffc0346000 	C:\WINDOWS\System32\combase.dll
0x00007fffbde00000 - 0x00007fffbde80000 	C:\WINDOWS\System32\bcryptPrimitives.dll
0x00007fffbebf0000 - 0x00007fffbec1e000 	C:\WINDOWS\System32\IMM32.DLL
0x0000000055080000 - 0x0000000055152000 	C:\Program Files\Android\Android Studio\jre\jre\bin\msvcr100.dll
0x0000000055a20000 - 0x0000000056266000 	C:\Program Files\Android\Android Studio\jre\jre\bin\server\jvm.dll
0x00007fffbff10000 - 0x00007fffbff18000 	C:\WINDOWS\System32\PSAPI.DLL
0x00007fffbb600000 - 0x00007fffbb624000 	C:\WINDOWS\SYSTEM32\WINMM.dll
0x00007fffa9f50000 - 0x00007fffa9f59000 	C:\WINDOWS\SYSTEM32\WSOCK32.dll
0x00007fffb8740000 - 0x00007fffb874a000 	C:\WINDOWS\SYSTEM32\VERSION.dll
0x00007fffbec50000 - 0x00007fffbecbf000 	C:\WINDOWS\System32\WS2_32.dll
0x00007fffbb4f0000 - 0x00007fffbb51d000 	C:\WINDOWS\SYSTEM32\WINMMBASE.dll
0x00007fffbdad0000 - 0x00007fffbdb1a000 	C:\WINDOWS\System32\cfgmgr32.dll
0x00007fffa9db0000 - 0x00007fffa9dbf000 	C:\Program Files\Android\Android Studio\jre\jre\bin\verify.dll
0x00007fffa9370000 - 0x00007fffa9399000 	C:\Program Files\Android\Android Studio\jre\jre\bin\java.dll
0x00007fffa9d40000 - 0x00007fffa9d56000 	C:\Program Files\Android\Android Studio\jre\jre\bin\zip.dll
0x00007fffbede0000 - 0x00007fffbf4c5000 	C:\WINDOWS\System32\SHELL32.dll
0x00007fffbfcc0000 - 0x00007fffbfd69000 	C:\WINDOWS\System32\shcore.dll
0x00007fffbe470000 - 0x00007fffbebf0000 	C:\WINDOWS\System32\windows.storage.dll
0x00007fffbda60000 - 0x00007fffbda83000 	C:\WINDOWS\System32\profapi.dll
0x00007fffbda10000 - 0x00007fffbda5a000 	C:\WINDOWS\System32\powrprof.dll
0x00007fffbda00000 - 0x00007fffbda10000 	C:\WINDOWS\System32\UMPDC.dll
0x00007fffbecd0000 - 0x00007fffbed22000 	C:\WINDOWS\System32\shlwapi.dll
0x00007fffbdab0000 - 0x00007fffbdac1000 	C:\WINDOWS\System32\kernel.appcore.dll
0x00007fffbe0d0000 - 0x00007fffbe0e7000 	C:\WINDOWS\System32\cryptsp.dll
0x00007fffa9750000 - 0x00007fffa976a000 	C:\Program Files\Android\Android Studio\jre\jre\bin\net.dll
0x00007fffb2b50000 - 0x00007fffb2d25000 	C:\WINDOWS\SYSTEM32\urlmon.dll
0x00007fffb3760000 - 0x00007fffb3a06000 	C:\WINDOWS\SYSTEM32\iertutil.dll
0x00007fffbd440000 - 0x00007fffbd44c000 	C:\WINDOWS\SYSTEM32\CRYPTBASE.DLL
0x00007fffbd270000 - 0x00007fffbd2d7000 	C:\WINDOWS\system32\mswsock.dll
0x00007fffa8bb0000 - 0x00007fffa8bc3000 	C:\Program Files\Android\Android Studio\jre\jre\bin\nio.dll
0x00007fffa4370000 - 0x00007fffa4396000 	C:\Users\Subin\.gradle\native\30\windows-amd64\native-platform.dll
0x00007fffa8b30000 - 0x00007fffa8b3d000 	C:\Program Files\Android\Android Studio\jre\jre\bin\management.dll
0x00007fffbcde0000 - 0x00007fffbce13000 	C:\WINDOWS\system32\rsaenh.dll
0x00007fffbe0f0000 - 0x00007fffbe116000 	C:\WINDOWS\System32\bcrypt.dll
0x00007fffbd920000 - 0x00007fffbd945000 	C:\WINDOWS\SYSTEM32\USERENV.dll
0x00007fffbcf80000 - 0x00007fffbcfba000 	C:\WINDOWS\SYSTEM32\IPHLPAPI.DLL
0x00007fffbecc0000 - 0x00007fffbecc8000 	C:\WINDOWS\System32\NSI.dll
0x00007fffb79b0000 - 0x00007fffb79c6000 	C:\WINDOWS\SYSTEM32\dhcpcsvc6.DLL
0x00007fffb84e0000 - 0x00007fffb84fc000 	C:\WINDOWS\SYSTEM32\dhcpcsvc.DLL
0x00007fffbcfc0000 - 0x00007fffbd08a000 	C:\WINDOWS\SYSTEM32\DNSAPI.dll
0x00007fff8c430000 - 0x00007fff8c5cc000 	C:\Program Files\Android\Android Studio\jre\jre\bin\awt.dll
0x00007fffbf4d0000 - 0x00007fffbf594000 	C:\WINDOWS\System32\OLEAUT32.dll
0x00007fffbc1a0000 - 0x00007fffbc1cd000 	C:\WINDOWS\SYSTEM32\dwmapi.dll
0x00007fffba530000 - 0x00007fffbaaf0000 	C:\WINDOWS\SYSTEM32\d2d1.dll
0x00007fffbbba0000 - 0x00007fffbbc2f000 	C:\WINDOWS\SYSTEM32\apphelp.dll
0x00007fffbbce0000 - 0x00007fffbbd79000 	C:\WINDOWS\system32\uxtheme.dll

VM Arguments:
jvm_args: -Xmx1536m -Dfile.encoding=x-windows-949 -Duser.country=KR -Duser.language=ko -Duser.variant 
java_command: org.gradle.launcher.daemon.bootstrap.GradleDaemon 5.6.4
java_class_path (initial): C:\Users\Subin\.gradle\wrapper\dists\gradle-5.6.4-all\ankdp27end7byghfw1q2sw75f\gradle-5.6.4\lib\gradle-launcher-5.6.4.jar
Launcher Type: SUN_STANDARD

Environment Variables:
PATH=C:\Program Files (x86)\NAT Service;C:\WINDOWS\system32;C:\WINDOWS;C:\WINDOWS\System32\Wbem;C:\WINDOWS\System32\WindowsPowerShell\v1.0\;C:\WINDOWS\System32\OpenSSH\;C:\Program Files (x86)\Brackets\command;C:\Program Files\Git\cmd;C:\Users\Subin\AppData\Local\Microsoft\WindowsApps;C:\Program Files\Bandizip\;
USERNAME=Subin
OS=Windows_NT
PROCESSOR_IDENTIFIER=Intel64 Family 6 Model 158 Stepping 10, GenuineIntel



---------------  S Y S T E M  ---------------

OS: Windows 10.0 , 64 bit Build 18362 (10.0.18362.329)

CPU:total 6 (initial active 6) (6 cores per cpu, 1 threads per core) family 6 model 158 stepping 10, cmov, cx8, fxsr, mmx, sse, sse2, sse3, ssse3, sse4.1, sse4.2, popcnt, avx, avx2, aes, clmul, erms, 3dnowpref, lzcnt, tsc, tscinvbit, bmi1, bmi2, adx

Memory: 4k page, physical 8320968k(2895752k free), swap 8320968k(3732k free)

vm_info: OpenJDK 64-Bit Server VM (25.212-b04) for windows-amd64 JRE (1.8.0_212-release-1586-b04), built by "builder" with MS VC++ 10.0 (VS2010)

time: Mon Mar 16 03:27:38 2020
timezone: 대한민국 표준시
elapsed time: 6 seconds (0d 0h 0m 6s)

