#
# There is insufficient memory for the Java Runtime Environment to continue.
# Native memory allocation (malloc) failed to allocate 707776 bytes for Chunk::new
# Possible reasons:
#   The system is out of physical RAM or swap space
#   The process is running with CompressedOops enabled, and the Java Heap may be blocking the growth of the native heap
# Possible solutions:
#   Reduce memory load on the system
#   Increase physical memory or swap space
#   Check if swap backing store is full
#   Decrease Java heap size (-Xmx/-Xms)
#   Decrease number of Java threads
#   Decrease Java thread stack sizes (-Xss)
#   Set larger code cache with -XX:ReservedCodeCacheSize=
#   JVM is running with Unscaled Compressed Oops mode in which the Java heap is
#     placed in the first 4GB address space. The Java Heap base address is the
#     maximum limit for the native heap growth. Please use -XX:HeapBaseMinAddress
#     to set the Java Heap base and to place the Java Heap above 4GB virtual address.
# This output file may be truncated or incomplete.
#
#  Out of Memory Error (allocation.cpp:389), pid=15776, tid=0x0000000000003db0
#
# JRE version: OpenJDK Runtime Environment (8.0_212-b04) (build 1.8.0_212-release-1586-b04)
# Java VM: OpenJDK 64-Bit Server VM (25.212-b04 mixed mode windows-amd64 compressed oops)
# Failed to write core dump. Minidumps are not enabled by default on client versions of Windows
#

---------------  T H R E A D  ---------------

Current thread (0x00000000184bb000):  JavaThread "C2 CompilerThread0" daemon [_thread_in_native, id=15792, stack(0x0000000018a70000,0x0000000018b70000)]

Stack: [0x0000000018a70000,0x0000000018b70000]
[error occurred during error reporting (printing stack bounds), id 0xc0000005]

Native frames: (J=compiled Java code, j=interpreted, Vv=VM code, C=native code)


Current CompileTask:
C2: 116062 18176       4       com.android.builder.symbols.BytecodeRClassWriterKt::generateResourceTypeClass (595 bytes)


---------------  P R O C E S S  ---------------

Java Threads: ( => current thread )
  0x000000001878f800 JavaThread "stdout" [_thread_in_native, id=15544, stack(0x0000000026650000,0x0000000026750000)]
  0x0000000018796000 JavaThread "stderr" [_thread_in_native, id=9604, stack(0x0000000026550000,0x0000000026650000)]
  0x0000000018795800 JavaThread "pool-11-thread-1" [_thread_blocked, id=15020, stack(0x0000000025f80000,0x0000000026080000)]
  0x0000000018793000 JavaThread "WorkerExecutor Queue Thread 2" [_thread_blocked, id=14956, stack(0x0000000025e80000,0x0000000025f80000)]
  0x0000000018792800 JavaThread "WorkerExecutor Queue" [_thread_blocked, id=16004, stack(0x0000000025d80000,0x0000000025e80000)]
  0x000000001878a000 JavaThread "Cache worker for execution history cache (C:\Users\Subin\Desktop\StudyRoomInfo.0.1.6\.gradle\5.6.4\executionHistory)" [_thread_blocked, id=15696, stack(0x0000000025a80000,0x0000000025b80000)]
  0x0000000018791000 JavaThread "Execution worker for ':' Thread 5" [_thread_blocked, id=16100, stack(0x0000000025680000,0x0000000025780000)]
  0x0000000018789800 JavaThread "Execution worker for ':' Thread 4" [_thread_blocked, id=14920, stack(0x0000000025380000,0x0000000025480000)]
  0x0000000018788000 JavaThread "Execution worker for ':' Thread 3" [_thread_blocked, id=16312, stack(0x0000000025080000,0x0000000025180000)]
  0x000000001878e800 JavaThread "Execution worker for ':' Thread 2" [_thread_in_native, id=3652, stack(0x0000000023bb0000,0x0000000023cb0000)]
  0x000000001878b000 JavaThread "Execution worker for ':'" [_thread_blocked, id=2888, stack(0x0000000022ff0000,0x00000000230f0000)]
  0x000000001878e000 JavaThread "Cache worker for file content cache (C:\Users\Subin\Desktop\StudyRoomInfo.0.1.6\.gradle\5.6.4\fileContent)" [_thread_blocked, id=10872, stack(0x00000000226c0000,0x00000000227c0000)]
  0x0000000018788800 JavaThread "Cache worker for Build Output Cleanup Cache (C:\Users\Subin\Desktop\StudyRoomInfo.0.1.6\.gradle\buildOutputCleanup)" [_thread_in_native, id=11216, stack(0x00000000225c0000,0x00000000226c0000)]
  0x0000000019bec000 JavaThread "Build operations Thread 6" [_thread_blocked, id=7560, stack(0x00000000224c0000,0x00000000225c0000)]
  0x0000000019beb800 JavaThread "Build operations Thread 5" [_thread_blocked, id=13608, stack(0x00000000223c0000,0x00000000224c0000)]
  0x0000000019bea800 JavaThread "Build operations Thread 4" [_thread_blocked, id=14772, stack(0x00000000222c0000,0x00000000223c0000)]
  0x0000000019bf0800 JavaThread "Build operations Thread 3" [_thread_blocked, id=7552, stack(0x00000000221c0000,0x00000000222c0000)]
  0x0000000019bf0000 JavaThread "Build operations Thread 2" [_thread_blocked, id=7564, stack(0x00000000220c0000,0x00000000221c0000)]
  0x0000000019bef000 JavaThread "Build operations" [_thread_blocked, id=13644, stack(0x000000001f340000,0x000000001f440000)]
  0x0000000019bed800 JavaThread "Cache worker for cache directory md-rule (C:\Users\Subin\.gradle\caches\5.6.4\md-rule)" [_thread_blocked, id=7572, stack(0x000000001ef90000,0x000000001f090000)]
  0x0000000019be1800 JavaThread "Cache worker for cache directory md-supplier (C:\Users\Subin\.gradle\caches\5.6.4\md-supplier)" [_thread_blocked, id=13664, stack(0x000000001ee90000,0x000000001ef90000)]
  0x0000000019be8800 JavaThread "Cache worker for file hash cache (C:\Users\Subin\Desktop\StudyRoomInfo.0.1.6\.gradle\5.6.4\fileHashes)" [_thread_blocked, id=13668, stack(0x000000001c2f0000,0x000000001c3f0000)]
  0x0000000019be6000 JavaThread "Thread-140" [_thread_blocked, id=2940, stack(0x000000001c0f0000,0x000000001c1f0000)]
  0x0000000019be5800 JavaThread "Stdin handler" [_thread_blocked, id=16800, stack(0x000000001bdf0000,0x000000001bef0000)]
  0x0000000019be4000 JavaThread "Asynchronous log dispatcher for DefaultDaemonConnection: socket connection from /127.0.0.1:49979 to /127.0.0.1:50104" [_thread_blocked, id=13376, stack(0x0000000000f60000,0x0000000001060000)]
  0x0000000019be7800 JavaThread "Cancel handler" [_thread_blocked, id=14556, stack(0x0000000000e60000,0x0000000000f60000)]
  0x0000000019be7000 JavaThread "Handler for socket connection from /127.0.0.1:49979 to /127.0.0.1:50104" [_thread_in_native, id=13164, stack(0x0000000000d60000,0x0000000000e60000)]
  0x0000000019bea000 JavaThread "Cache worker for Java compile cache (C:\Users\Subin\.gradle\caches\5.6.4\javaCompile)" [_thread_blocked, id=17060, stack(0x0000000026a50000,0x0000000026b50000)]
  0x0000000019bed000 JavaThread "MarlinRenderer Disposer" daemon [_thread_blocked, id=15324, stack(0x0000000026450000,0x0000000026550000)]
  0x0000000019be2800 JavaThread "Java2D Disposer" daemon [_thread_blocked, id=15460, stack(0x0000000026080000,0x0000000026180000)]
  0x000000001d710000 JavaThread "Cache worker for file content cache (C:\Users\Subin\.gradle\caches\5.6.4\fileContent)" [_thread_blocked, id=7664, stack(0x0000000023ab0000,0x0000000023bb0000)]
  0x000000001d70e800 JavaThread "Memory manager" [_thread_blocked, id=15492, stack(0x0000000023520000,0x0000000023620000)]
  0x0000000019a61800 JavaThread "Cache worker for execution history cache (C:\Users\Subin\.gradle\caches\5.6.4\executionHistory)" [_thread_blocked, id=4964, stack(0x00000000206e0000,0x00000000207e0000)]
  0x0000000019a64000 JavaThread "Cache worker for journal cache (C:\Users\Subin\.gradle\caches\journal-1)" [_thread_blocked, id=16360, stack(0x000000001c9f0000,0x000000001caf0000)]
  0x0000000019fce800 JavaThread "File lock request listener" [_thread_in_native, id=15008, stack(0x000000001c8f0000,0x000000001c9f0000)]
  0x0000000019fcd800 JavaThread "Cache worker for file hash cache (C:\Users\Subin\.gradle\caches\5.6.4\fileHashes)" [_thread_blocked, id=16380, stack(0x000000001c7f0000,0x000000001c8f0000)]
  0x000000001aa71800 JavaThread "Daemon worker" [_thread_blocked, id=8980, stack(0x000000001c1f0000,0x000000001c2f0000)]
  0x000000001a738000 JavaThread "Daemon" [_thread_blocked, id=14596, stack(0x000000001bcf0000,0x000000001bdf0000)]
  0x000000001a9b8000 JavaThread "Daemon periodic checks" [_thread_blocked, id=15580, stack(0x000000001bbf0000,0x000000001bcf0000)]
  0x000000001a9aa800 JavaThread "Incoming local TCP Connector on port 49979" [_thread_in_native, id=11024, stack(0x000000001ba10000,0x000000001bb10000)]
  0x000000001a46a000 JavaThread "Daemon health stats" [_thread_blocked, id=6216, stack(0x000000001b710000,0x000000001b810000)]
  0x0000000018549000 JavaThread "Service Thread" daemon [_thread_blocked, id=7996, stack(0x0000000018d70000,0x0000000018e70000)]
  0x00000000184be000 JavaThread "C1 CompilerThread2" daemon [_thread_blocked, id=14828, stack(0x0000000018c70000,0x0000000018d70000)]
  0x0000000016a8e800 JavaThread "C2 CompilerThread1" daemon [_thread_in_native, id=15820, stack(0x0000000018b70000,0x0000000018c70000)]
=>0x00000000184bb000 JavaThread "C2 CompilerThread0" daemon [_thread_in_native, id=15792, stack(0x0000000018a70000,0x0000000018b70000)]
  0x00000000184ba000 JavaThread "Attach Listener" daemon [_thread_blocked, id=8904, stack(0x0000000018970000,0x0000000018a70000)]
  0x0000000016a81000 JavaThread "Signal Dispatcher" daemon [_thread_blocked, id=15684, stack(0x0000000018870000,0x0000000018970000)]
  0x0000000002ebc000 JavaThread "Finalizer" daemon [_thread_blocked, id=15604, stack(0x00000000182e0000,0x00000000183e0000)]
  0x0000000002eb5800 JavaThread "Reference Handler" daemon [_thread_blocked, id=15740, stack(0x00000000181e0000,0x00000000182e0000)]
  0x0000000002dbd800 JavaThread "main" [_thread_blocked, id=14928, stack(0x0000000002c20000,0x0000000002d20000)]

Other Threads:
  0x0000000016a37000 VMThread [stack: 0x00000000180e0000,0x00000000181e0000] [id=6992]
  0x0000000018549800 WatcherThread [stack: 0x0000000018e70000,0x0000000018f70000] [id=10316]

VM state:not at safepoint (normal execution)

VM Mutex/Monitor currently owned by a thread: None

heap address: 0x00000000a0000000, size: 1536 MB, Compressed Oops mode: 32-bit
Narrow klass base: 0x0000000000000000, Narrow klass shift: 3
Compressed class space size: 1073741824 Address: 0x0000000100000000

Heap:
 PSYoungGen      total 254976K, used 35828K [0x00000000e0000000, 0x00000000f0f80000, 0x0000000100000000)
  eden space 231936K, 11% used [0x00000000e0000000,0x00000000e19410b0,0x00000000ee280000)
  from space 23040K, 43% used [0x00000000ee280000,0x00000000eec3c050,0x00000000ef900000)
  to   space 15360K, 0% used [0x00000000f0080000,0x00000000f0080000,0x00000000f0f80000)
 ParOldGen       total 125440K, used 57444K [0x00000000a0000000, 0x00000000a7a80000, 0x00000000e0000000)
  object space 125440K, 45% used [0x00000000a0000000,0x00000000a3819388,0x00000000a7a80000)
 Metaspace       used 91739K, capacity 95816K, committed 96088K, reserved 1132544K
  class space    used 11932K, capacity 12749K, committed 12888K, reserved 1048576K

Card table byte_map: [0x0000000012280000,0x0000000012590000] byte_map_base: 0x0000000011d80000

Marking Bits: (ParMarkBitMap*) 0x00000000561e9f30
 Begin Bits: [0x0000000012d90000, 0x0000000014590000)
 End Bits:   [0x0000000014590000, 0x0000000015d90000)

Polling page: 0x0000000000b80000

CodeCache: size=245760Kb used=47250Kb max_used=47264Kb free=198509Kb
 bounds [0x0000000002ec0000, 0x0000000005d20000, 0x0000000011ec0000]
 total_blobs=15986 nmethods=14996 adapters=899
 compilation: enabled

Compilation events (10 events):
Event: 116.049 Thread 0x00000000184be000 18190       3       sun.reflect.generics.repository.ClassRepository::getSuperInterfaces (77 bytes)
Event: 116.050 Thread 0x00000000184be000 nmethod 18190 0x0000000005d173d0 code [0x0000000005d175c0, 0x0000000005d18178]
Event: 116.050 Thread 0x00000000184be000 18191       3       com.google.wireless.android.sdk.stats.GradleBuildProfileSpan$Builder::setStartTimeInMs (21 bytes)
Event: 116.050 Thread 0x00000000184be000 nmethod 18191 0x0000000005d16dd0 code [0x0000000005d16f40, 0x0000000005d172c8]
Event: 116.050 Thread 0x00000000184be000 18192       3       com.google.wireless.android.sdk.stats.GradleBuildProfileSpan$Builder::setDurationInMs (22 bytes)
Event: 116.050 Thread 0x00000000184be000 nmethod 18192 0x0000000005d167d0 code [0x0000000005d16940, 0x0000000005d16cc8]
Event: 116.050 Thread 0x00000000184be000 18193       3       com.google.wireless.android.sdk.stats.GradleBuildProfileSpan$Builder::build (19 bytes)
Event: 116.050 Thread 0x00000000184be000 nmethod 18193 0x0000000005d15f10 code [0x0000000005d160c0, 0x0000000005d165c8]
Event: 116.056 Thread 0x0000000016a8e800 nmethod 18188 0x0000000005d1c850 code [0x0000000005d1ca00, 0x0000000005d1d8d8]
Event: 116.056 Thread 0x0000000016a8e800 18189       4       com.android.ide.common.symbols.SymbolListWithPackageNameWriter::symbol (51 bytes)

GC Heap History (10 events):
Event: 33.819 GC heap before
{Heap before GC invocations=20 (full 3):
 PSYoungGen      total 247296K, used 247271K [0x00000000e0000000, 0x00000000f0f80000, 0x0000000100000000)
  eden space 231936K, 100% used [0x00000000e0000000,0x00000000ee280000,0x00000000ee280000)
  from space 15360K, 99% used [0x00000000f0080000,0x00000000f0f79e68,0x00000000f0f80000)
  to   space 23040K, 0% used [0x00000000ee280000,0x00000000ee280000,0x00000000ef900000)
 ParOldGen       total 125440K, used 95815K [0x00000000a0000000, 0x00000000a7a80000, 0x00000000e0000000)
  object space 125440K, 76% used [0x00000000a0000000,0x00000000a5d91ec0,0x00000000a7a80000)
 Metaspace       used 88123K, capacity 92424K, committed 92504K, reserved 1130496K
  class space    used 11523K, capacity 12368K, committed 12376K, reserved 1048576K
Event: 33.861 GC heap after
Heap after GC invocations=20 (full 3):
 PSYoungGen      total 254976K, used 23030K [0x00000000e0000000, 0x00000000f0f80000, 0x0000000100000000)
  eden space 231936K, 0% used [0x00000000e0000000,0x00000000e0000000,0x00000000ee280000)
  from space 23040K, 99% used [0x00000000ee280000,0x00000000ef8fdb00,0x00000000ef900000)
  to   space 15360K, 0% used [0x00000000f0080000,0x00000000f0080000,0x00000000f0f80000)
 ParOldGen       total 125440K, used 124486K [0x00000000a0000000, 0x00000000a7a80000, 0x00000000e0000000)
  object space 125440K, 99% used [0x00000000a0000000,0x00000000a7991a98,0x00000000a7a80000)
 Metaspace       used 88123K, capacity 92424K, committed 92504K, reserved 1130496K
  class space    used 11523K, capacity 12368K, committed 12376K, reserved 1048576K
}
Event: 33.861 GC heap before
{Heap before GC invocations=21 (full 4):
 PSYoungGen      total 254976K, used 23030K [0x00000000e0000000, 0x00000000f0f80000, 0x0000000100000000)
  eden space 231936K, 0% used [0x00000000e0000000,0x00000000e0000000,0x00000000ee280000)
  from space 23040K, 99% used [0x00000000ee280000,0x00000000ef8fdb00,0x00000000ef900000)
  to   space 15360K, 0% used [0x00000000f0080000,0x00000000f0080000,0x00000000f0f80000)
 ParOldGen       total 125440K, used 124486K [0x00000000a0000000, 0x00000000a7a80000, 0x00000000e0000000)
  object space 125440K, 99% used [0x00000000a0000000,0x00000000a7991a98,0x00000000a7a80000)
 Metaspace       used 88123K, capacity 92424K, committed 92504K, reserved 1130496K
  class space    used 11523K, capacity 12368K, committed 12376K, reserved 1048576K
Event: 34.075 GC heap after
Heap after GC invocations=21 (full 4):
 PSYoungGen      total 254976K, used 0K [0x00000000e0000000, 0x00000000f0f80000, 0x0000000100000000)
  eden space 231936K, 0% used [0x00000000e0000000,0x00000000e0000000,0x00000000ee280000)
  from space 23040K, 0% used [0x00000000ee280000,0x00000000ee280000,0x00000000ef900000)
  to   space 15360K, 0% used [0x00000000f0080000,0x00000000f0080000,0x00000000f0f80000)
 ParOldGen       total 125440K, used 93242K [0x00000000a0000000, 0x00000000a7a80000, 0x00000000e0000000)
  object space 125440K, 74% used [0x00000000a0000000,0x00000000a5b0eb58,0x00000000a7a80000)
 Metaspace       used 87613K, capacity 90994K, committed 92504K, reserved 1130496K
  class space    used 11352K, capacity 12070K, committed 12376K, reserved 1048576K
}
Event: 45.184 GC heap before
{Heap before GC invocations=22 (full 4):
 PSYoungGen      total 254976K, used 231934K [0x00000000e0000000, 0x00000000f0f80000, 0x0000000100000000)
  eden space 231936K, 99% used [0x00000000e0000000,0x00000000ee27fa90,0x00000000ee280000)
  from space 23040K, 0% used [0x00000000ee280000,0x00000000ee280000,0x00000000ef900000)
  to   space 15360K, 0% used [0x00000000f0080000,0x00000000f0080000,0x00000000f0f80000)
 ParOldGen       total 125440K, used 93242K [0x00000000a0000000, 0x00000000a7a80000, 0x00000000e0000000)
  object space 125440K, 74% used [0x00000000a0000000,0x00000000a5b0eb58,0x00000000a7a80000)
 Metaspace       used 90979K, capacity 94700K, committed 95576K, reserved 1132544K
  class space    used 11858K, capacity 12649K, committed 12888K, reserved 1048576K
Event: 45.196 GC heap after
Heap after GC invocations=22 (full 4):
 PSYoungGen      total 247296K, used 14025K [0x00000000e0000000, 0x00000000f0f80000, 0x0000000100000000)
  eden space 231936K, 0% used [0x00000000e0000000,0x00000000e0000000,0x00000000ee280000)
  from space 15360K, 91% used [0x00000000f0080000,0x00000000f0e327c0,0x00000000f0f80000)
  to   space 23040K, 0% used [0x00000000ee280000,0x00000000ee280000,0x00000000ef900000)
 ParOldGen       total 125440K, used 97002K [0x00000000a0000000, 0x00000000a7a80000, 0x00000000e0000000)
  object space 125440K, 77% used [0x00000000a0000000,0x00000000a5ebaa90,0x00000000a7a80000)
 Metaspace       used 90979K, capacity 94700K, committed 95576K, reserved 1132544K
  class space    used 11858K, capacity 12649K, committed 12888K, reserved 1048576K
}
Event: 45.196 GC heap before
{Heap before GC invocations=23 (full 5):
 PSYoungGen      total 247296K, used 14025K [0x00000000e0000000, 0x00000000f0f80000, 0x0000000100000000)
  eden space 231936K, 0% used [0x00000000e0000000,0x00000000e0000000,0x00000000ee280000)
  from space 15360K, 91% used [0x00000000f0080000,0x00000000f0e327c0,0x00000000f0f80000)
  to   space 23040K, 0% used [0x00000000ee280000,0x00000000ee280000,0x00000000ef900000)
 ParOldGen       total 125440K, used 97002K [0x00000000a0000000, 0x00000000a7a80000, 0x00000000e0000000)
  object space 125440K, 77% used [0x00000000a0000000,0x00000000a5ebaa90,0x00000000a7a80000)
 Metaspace       used 90979K, capacity 94700K, committed 95576K, reserved 1132544K
  class space    used 11858K, capacity 12649K, committed 12888K, reserved 1048576K
Event: 45.283 GC heap after
Heap after GC invocations=23 (full 5):
 PSYoungGen      total 247296K, used 0K [0x00000000e0000000, 0x00000000f0f80000, 0x0000000100000000)
  eden space 231936K, 0% used [0x00000000e0000000,0x00000000e0000000,0x00000000ee280000)
  from space 15360K, 0% used [0x00000000f0080000,0x00000000f0080000,0x00000000f0f80000)
  to   space 23040K, 0% used [0x00000000ee280000,0x00000000ee280000,0x00000000ef900000)
 ParOldGen       total 125440K, used 57436K [0x00000000a0000000, 0x00000000a7a80000, 0x00000000e0000000)
  object space 125440K, 45% used [0x00000000a0000000,0x00000000a3817388,0x00000000a7a80000)
 Metaspace       used 90979K, capacity 94700K, committed 95576K, reserved 1132544K
  class space    used 11858K, capacity 12649K, committed 12888K, reserved 1048576K
}
Event: 115.978 GC heap before
{Heap before GC invocations=24 (full 5):
 PSYoungGen      total 247296K, used 231936K [0x00000000e0000000, 0x00000000f0f80000, 0x0000000100000000)
  eden space 231936K, 100% used [0x00000000e0000000,0x00000000ee280000,0x00000000ee280000)
  from space 15360K, 0% used [0x00000000f0080000,0x00000000f0080000,0x00000000f0f80000)
  to   space 23040K, 0% used [0x00000000ee280000,0x00000000ee280000,0x00000000ef900000)
 ParOldGen       total 125440K, used 57436K [0x00000000a0000000, 0x00000000a7a80000, 0x00000000e0000000)
  object space 125440K, 45% used [0x00000000a0000000,0x00000000a3817388,0x00000000a7a80000)
 Metaspace       used 91701K, capacity 95780K, committed 96088K, reserved 1132544K
  class space    used 11928K, capacity 12743K, committed 12888K, reserved 1048576K
Event: 115.986 GC heap after
Heap after GC invocations=24 (full 5):
 PSYoungGen      total 254976K, used 9968K [0x00000000e0000000, 0x00000000f0f80000, 0x0000000100000000)
  eden space 231936K, 0% used [0x00000000e0000000,0x00000000e0000000,0x00000000ee280000)
  from space 23040K, 43% used [0x00000000ee280000,0x00000000eec3c050,0x00000000ef900000)
  to   space 15360K, 0% used [0x00000000f0080000,0x00000000f0080000,0x00000000f0f80000)
 ParOldGen       total 125440K, used 57444K [0x00000000a0000000, 0x00000000a7a80000, 0x00000000e0000000)
  object space 125440K, 45% used [0x00000000a0000000,0x00000000a3819388,0x00000000a7a80000)
 Metaspace       used 91701K, capacity 95780K, committed 96088K, reserved 1132544K
  class space    used 11928K, capacity 12743K, committed 12888K, reserved 1048576K
}

Deoptimization events (10 events):
Event: 81.170 Thread 0x000000001a9b8000 Uncommon trap: reason=bimorphic action=maybe_recompile pc=0x00000000057bf874 method=java.util.HashMap.removeNode(ILjava/lang/Object;Ljava/lang/Object;ZZ)Ljava/util/HashMap$Node; @ 283
Event: 99.135 Thread 0x000000001aa71800 Uncommon trap: reason=unstable_if action=reinterpret pc=0x0000000004173a94 method=java.util.concurrent.locks.LockSupport.unpark(Ljava/lang/Thread;)V @ 1
Event: 99.438 Thread 0x0000000019be7000 Uncommon trap: reason=class_check action=maybe_recompile pc=0x0000000004eceb78 method=org.gradle.internal.fingerprint.classpath.impl.ClasspathFingerprintingStrategy$ClasspathContentFingerprintingVisitor.visitFile(Lorg/gradle/internal/snapshot/FileSystemLo
Event: 99.439 Thread 0x0000000019be7000 Uncommon trap: reason=class_check action=maybe_recompile pc=0x00000000059f8148 method=org.gradle.internal.execution.history.changes.SortedMapDiffUtil.diff(Ljava/util/SortedMap;Ljava/util/SortedMap;Lorg/gradle/internal/execution/history/changes/PropertyDif
Event: 115.037 Thread 0x000000001878e800 Uncommon trap: reason=unstable_if action=reinterpret pc=0x0000000005c7d528 method=com.google.common.collect.AbstractMapEntry.equals(Ljava/lang/Object;)Z @ 41
Event: 115.106 Thread 0x000000001878e800 Uncommon trap: reason=bimorphic action=maybe_recompile pc=0x0000000003b86318 method=com.google.common.collect.AbstractMapBasedMultimap.createCollection(Ljava/lang/Object;)Ljava/util/Collection; @ 1
Event: 115.107 Thread 0x000000001878e800 Uncommon trap: reason=bimorphic action=maybe_recompile pc=0x0000000003b86318 method=com.google.common.collect.AbstractMapBasedMultimap.createCollection(Ljava/lang/Object;)Ljava/util/Collection; @ 1
Event: 115.109 Thread 0x000000001878e800 Uncommon trap: reason=class_check action=maybe_recompile pc=0x0000000005c65094 method=com.google.common.collect.AbstractMapBasedMultimap$WrappedCollection.removeIfEmpty()V @ 40
Event: 115.997 Thread 0x0000000018792800 Uncommon trap: reason=bimorphic action=maybe_recompile pc=0x0000000004abffdc method=com.google.common.collect.AbstractIndexedListIterator.next()Ljava/lang/Object; @ 27
Event: 115.997 Thread 0x0000000018792800 Uncommon trap: reason=bimorphic action=maybe_recompile pc=0x0000000004abffdc method=com.google.common.collect.AbstractIndexedListIterator.next()Ljava/lang/Object; @ 27

Classes redefined (0 events):
No events

Internal exceptions (10 events):
Event: 34.374 Thread 0x0000000018794800 Exception <a 'java/lang/reflect/InvocationTargetException'> (0x00000000e3177eb0) thrown at [D:\src\AOSP-openjdk-cygwin\jdk8u\hotspot\src\share\vm\runtime\reflection.cpp, line 1092]
Event: 34.400 Thread 0x000000001aa71800 Exception <a 'sun/nio/fs/WindowsException'> (0x00000000e212c640) thrown at [D:\src\AOSP-openjdk-cygwin\jdk8u\hotspot\src\share\vm\prims\jni.cpp, line 710]
Event: 40.126 Thread 0x0000000018793000 Exception <a 'sun/nio/fs/WindowsException'> (0x00000000e8cb8340) thrown at [D:\src\AOSP-openjdk-cygwin\jdk8u\hotspot\src\share\vm\prims\jni.cpp, line 710]
Event: 40.126 Thread 0x0000000018793000 Exception <a 'sun/nio/fs/WindowsException'> (0x00000000e8cb8808) thrown at [D:\src\AOSP-openjdk-cygwin\jdk8u\hotspot\src\share\vm\prims\jni.cpp, line 710]
Event: 40.467 Thread 0x000000001aa71800 Exception <a 'sun/nio/fs/WindowsException'> (0x00000000ebc44608) thrown at [D:\src\AOSP-openjdk-cygwin\jdk8u\hotspot\src\share\vm\prims\jni.cpp, line 710]
Event: 45.663 Thread 0x000000001aa71800 Exception <a 'sun/nio/fs/WindowsException'> (0x00000000e314b788) thrown at [D:\src\AOSP-openjdk-cygwin\jdk8u\hotspot\src\share\vm\prims\jni.cpp, line 710]
Event: 99.456 Thread 0x000000001aa71800 Exception <a 'sun/nio/fs/WindowsException'> (0x00000000e88d3368) thrown at [D:\src\AOSP-openjdk-cygwin\jdk8u\hotspot\src\share\vm\prims\jni.cpp, line 710]
Event: 115.107 Thread 0x000000001878e800 Exception <a 'java/lang/NoSuchMethodError': java.lang.Object.lambda$comparingByKey$bbdbfea9$1(Ljava/util/Map$Entry;Ljava/util/Map$Entry;)I> (0x00000000ed43ea78) thrown at [D:\src\AOSP-openjdk-cygwin\jdk8u\hotspot\src\share\vm\interpreter\linkResolver.cpp,
Event: 115.996 Thread 0x0000000018792800 Exception <a 'sun/nio/fs/WindowsException'> (0x00000000e05bc568) thrown at [D:\src\AOSP-openjdk-cygwin\jdk8u\hotspot\src\share\vm\prims\jni.cpp, line 710]
Event: 115.996 Thread 0x0000000018792800 Exception <a 'sun/nio/fs/WindowsException'> (0x00000000e05bca10) thrown at [D:\src\AOSP-openjdk-cygwin\jdk8u\hotspot\src\share\vm\prims\jni.cpp, line 710]

Events (10 events):
Event: 116.047 Thread 0x0000000018792800 DEOPT PACKING pc=0x0000000005cbf433 sp=0x0000000025e7db30
Event: 116.047 Thread 0x0000000018792800 DEOPT UNPACKING pc=0x0000000002f075d0 sp=0x0000000025e7d920 mode 0
Event: 116.048 Thread 0x0000000018792800 DEOPT PACKING pc=0x0000000005cbf433 sp=0x0000000025e7db40
Event: 116.048 Thread 0x0000000018792800 DEOPT UNPACKING pc=0x0000000002f075d0 sp=0x0000000025e7d930 mode 0
Event: 116.048 Thread 0x0000000018792800 DEOPT PACKING pc=0x0000000005cbf433 sp=0x0000000025e7db40
Event: 116.048 Thread 0x0000000018792800 DEOPT UNPACKING pc=0x0000000002f075d0 sp=0x0000000025e7d930 mode 0
Event: 116.048 Thread 0x0000000018792800 DEOPT PACKING pc=0x0000000005cbf433 sp=0x0000000025e7db40
Event: 116.048 Thread 0x0000000018792800 DEOPT UNPACKING pc=0x0000000002f075d0 sp=0x0000000025e7d930 mode 0
Event: 116.048 Executing VM operation: RevokeBias
Event: 116.048 Executing VM operation: RevokeBias done


Dynamic libraries:
0x00007ff7ece00000 - 0x00007ff7ece31000 	C:\Program Files\Android\Android Studio\jre\bin\java.exe
0x00007fffc0ae0000 - 0x00007fffc0cd0000 	C:\WINDOWS\SYSTEM32\ntdll.dll
0x00007fffc09e0000 - 0x00007fffc0a92000 	C:\WINDOWS\System32\KERNEL32.DLL
0x00007fffbdb50000 - 0x00007fffbddf3000 	C:\WINDOWS\System32\KERNELBASE.dll
0x00007fffbf9e0000 - 0x00007fffbfa83000 	C:\WINDOWS\System32\ADVAPI32.dll
0x00007fffbf5a0000 - 0x00007fffbf63e000 	C:\WINDOWS\System32\msvcrt.dll
0x00007fffbf940000 - 0x00007fffbf9d7000 	C:\WINDOWS\System32\sechost.dll
0x00007fffbf6c0000 - 0x00007fffbf7e0000 	C:\WINDOWS\System32\RPCRT4.dll
0x00007fffbfd70000 - 0x00007fffbff04000 	C:\WINDOWS\System32\USER32.dll
0x00007fffbdb20000 - 0x00007fffbdb41000 	C:\WINDOWS\System32\win32u.dll
0x00007fffbec20000 - 0x00007fffbec46000 	C:\WINDOWS\System32\GDI32.dll
0x00007fffbdf30000 - 0x00007fffbe0c4000 	C:\WINDOWS\System32\gdi32full.dll
0x00007fffbe3d0000 - 0x00007fffbe46e000 	C:\WINDOWS\System32\msvcp_win.dll
0x00007fffbe120000 - 0x00007fffbe21a000 	C:\WINDOWS\System32\ucrtbase.dll
0x00007fffa9a90000 - 0x00007fffa9d15000 	C:\WINDOWS\WinSxS\amd64_microsoft.windows.common-controls_6595b64144ccf1df_6.0.18362.720_none_e6beb5c51314836b\COMCTL32.dll
0x00007fffc0010000 - 0x00007fffc0346000 	C:\WINDOWS\System32\combase.dll
0x00007fffbde00000 - 0x00007fffbde80000 	C:\WINDOWS\System32\bcryptPrimitives.dll
0x00007fffbebf0000 - 0x00007fffbec1e000 	C:\WINDOWS\System32\IMM32.DLL
0x0000000055080000 - 0x0000000055152000 	C:\Program Files\Android\Android Studio\jre\jre\bin\msvcr100.dll
0x0000000055a20000 - 0x0000000056266000 	C:\Program Files\Android\Android Studio\jre\jre\bin\server\jvm.dll
0x00007fffbff10000 - 0x00007fffbff18000 	C:\WINDOWS\System32\PSAPI.DLL
0x00007fffbb600000 - 0x00007fffbb624000 	C:\WINDOWS\SYSTEM32\WINMM.dll
0x00007fffa9f50000 - 0x00007fffa9f59000 	C:\WINDOWS\SYSTEM32\WSOCK32.dll
0x00007fffb8740000 - 0x00007fffb874a000 	C:\WINDOWS\SYSTEM32\VERSION.dll
0x00007fffbec50000 - 0x00007fffbecbf000 	C:\WINDOWS\System32\WS2_32.dll
0x00007fffbb4f0000 - 0x00007fffbb51d000 	C:\WINDOWS\SYSTEM32\WINMMBASE.dll
0x00007fffbdad0000 - 0x00007fffbdb1a000 	C:\WINDOWS\System32\cfgmgr32.dll
0x00007fffa9db0000 - 0x00007fffa9dbf000 	C:\Program Files\Android\Android Studio\jre\jre\bin\verify.dll
0x00007fffa9370000 - 0x00007fffa9399000 	C:\Program Files\Android\Android Studio\jre\jre\bin\java.dll
0x00007fffa9d40000 - 0x00007fffa9d56000 	C:\Program Files\Android\Android Studio\jre\jre\bin\zip.dll
0x00007fffbede0000 - 0x00007fffbf4c5000 	C:\WINDOWS\System32\SHELL32.dll
0x00007fffbfcc0000 - 0x00007fffbfd69000 	C:\WINDOWS\System32\shcore.dll
0x00007fffbe470000 - 0x00007fffbebf0000 	C:\WINDOWS\System32\windows.storage.dll
0x00007fffbda60000 - 0x00007fffbda83000 	C:\WINDOWS\System32\profapi.dll
0x00007fffbda10000 - 0x00007fffbda5a000 	C:\WINDOWS\System32\powrprof.dll
0x00007fffbda00000 - 0x00007fffbda10000 	C:\WINDOWS\System32\UMPDC.dll
0x00007fffbecd0000 - 0x00007fffbed22000 	C:\WINDOWS\System32\shlwapi.dll
0x00007fffbdab0000 - 0x00007fffbdac1000 	C:\WINDOWS\System32\kernel.appcore.dll
0x00007fffbe0d0000 - 0x00007fffbe0e7000 	C:\WINDOWS\System32\cryptsp.dll
0x00007fffa9750000 - 0x00007fffa976a000 	C:\Program Files\Android\Android Studio\jre\jre\bin\net.dll
0x00007fffb2b50000 - 0x00007fffb2d25000 	C:\WINDOWS\SYSTEM32\urlmon.dll
0x00007fffb3760000 - 0x00007fffb3a06000 	C:\WINDOWS\SYSTEM32\iertutil.dll
0x00007fffbd440000 - 0x00007fffbd44c000 	C:\WINDOWS\SYSTEM32\CRYPTBASE.DLL
0x00007fffbd270000 - 0x00007fffbd2d7000 	C:\WINDOWS\system32\mswsock.dll
0x00007fffa8bb0000 - 0x00007fffa8bc3000 	C:\Program Files\Android\Android Studio\jre\jre\bin\nio.dll
0x00007fffa4370000 - 0x00007fffa4396000 	C:\Users\Subin\.gradle\native\30\windows-amd64\native-platform.dll
0x00007fffa8b30000 - 0x00007fffa8b3d000 	C:\Program Files\Android\Android Studio\jre\jre\bin\management.dll
0x00007fffbcde0000 - 0x00007fffbce13000 	C:\WINDOWS\system32\rsaenh.dll
0x00007fffbe0f0000 - 0x00007fffbe116000 	C:\WINDOWS\System32\bcrypt.dll
0x00007fffbd920000 - 0x00007fffbd945000 	C:\WINDOWS\SYSTEM32\USERENV.dll
0x00007fffbcf80000 - 0x00007fffbcfba000 	C:\WINDOWS\SYSTEM32\IPHLPAPI.DLL
0x00007fffbecc0000 - 0x00007fffbecc8000 	C:\WINDOWS\System32\NSI.dll
0x00007fffb79b0000 - 0x00007fffb79c6000 	C:\WINDOWS\SYSTEM32\dhcpcsvc6.DLL
0x00007fffb84e0000 - 0x00007fffb84fc000 	C:\WINDOWS\SYSTEM32\dhcpcsvc.DLL
0x00007fffbcfc0000 - 0x00007fffbd08a000 	C:\WINDOWS\SYSTEM32\DNSAPI.dll
0x00007fff8c430000 - 0x00007fff8c5cc000 	C:\Program Files\Android\Android Studio\jre\jre\bin\awt.dll
0x00007fffbf4d0000 - 0x00007fffbf594000 	C:\WINDOWS\System32\OLEAUT32.dll
0x00007fffbc1a0000 - 0x00007fffbc1cd000 	C:\WINDOWS\SYSTEM32\dwmapi.dll
0x00007fffba530000 - 0x00007fffbaaf0000 	C:\WINDOWS\SYSTEM32\d2d1.dll
0x00007fffbbba0000 - 0x00007fffbbc2f000 	C:\WINDOWS\SYSTEM32\apphelp.dll
0x00007fffbbce0000 - 0x00007fffbbd79000 	C:\WINDOWS\system32\uxtheme.dll
0x00007fffbca60000 - 0x00007fffbca91000 	C:\WINDOWS\SYSTEM32\ntmarta.dll

VM Arguments:
jvm_args: -Xmx1536m -Dfile.encoding=x-windows-949 -Duser.country=KR -Duser.language=ko -Duser.variant 
java_command: org.gradle.launcher.daemon.bootstrap.GradleDaemon 5.6.4
java_class_path (initial): C:\Users\Subin\.gradle\wrapper\dists\gradle-5.6.4-all\ankdp27end7byghfw1q2sw75f\gradle-5.6.4\lib\gradle-launcher-5.6.4.jar
Launcher Type: SUN_STANDARD

Environment Variables:
PATH=C:\Program Files (x86)\NAT Service;C:\WINDOWS\system32;C:\WINDOWS;C:\WINDOWS\System32\Wbem;C:\WINDOWS\System32\WindowsPowerShell\v1.0\;C:\WINDOWS\System32\OpenSSH\;C:\Program Files (x86)\Brackets\command;C:\Program Files\Git\cmd;C:\Users\Subin\AppData\Local\Microsoft\WindowsApps;C:\Program Files\Bandizip\;
USERNAME=Subin
OS=Windows_NT
PROCESSOR_IDENTIFIER=Intel64 Family 6 Model 158 Stepping 10, GenuineIntel



---------------  S Y S T E M  ---------------

OS: Windows 10.0 , 64 bit Build 18362 (10.0.18362.329)

CPU:total 6 (initial active 6) (6 cores per cpu, 1 threads per core) family 6 model 158 stepping 10, cmov, cx8, fxsr, mmx, sse, sse2, sse3, ssse3, sse4.1, sse4.2, popcnt, avx, avx2, aes, clmul, erms, 3dnowpref, lzcnt, tsc, tscinvbit, bmi1, bmi2, adx

Memory: 4k page, physical 8320968k(2728316k free), swap 8320968k(5180k free)

vm_info: OpenJDK 64-Bit Server VM (25.212-b04) for windows-amd64 JRE (1.8.0_212-release-1586-b04), built by "builder" with MS VC++ 10.0 (VS2010)

time: Mon Mar 16 03:29:53 2020
timezone: 대한민국 표준시
elapsed time: 116 seconds (0d 0h 1m 56s)

