#
# There is insufficient memory for the Java Runtime Environment to continue.
# Native memory allocation (malloc) failed to allocate 1474384 bytes for Chunk::new
# Possible reasons:
#   The system is out of physical RAM or swap space
#   The process is running with CompressedOops enabled, and the Java Heap may be blocking the growth of the native heap
# Possible solutions:
#   Reduce memory load on the system
#   Increase physical memory or swap space
#   Check if swap backing store is full
#   Decrease Java heap size (-Xmx/-Xms)
#   Decrease number of Java threads
#   Decrease Java thread stack sizes (-Xss)
#   Set larger code cache with -XX:ReservedCodeCacheSize=
#   JVM is running with Unscaled Compressed Oops mode in which the Java heap is
#     placed in the first 4GB address space. The Java Heap base address is the
#     maximum limit for the native heap growth. Please use -XX:HeapBaseMinAddress
#     to set the Java Heap base and to place the Java Heap above 4GB virtual address.
# This output file may be truncated or incomplete.
#
#  Out of Memory Error (allocation.cpp:389), pid=16660, tid=0x0000000000000d7c
#
# JRE version: OpenJDK Runtime Environment (8.0_212-b04) (build 1.8.0_212-release-1586-b04)
# Java VM: OpenJDK 64-Bit Server VM (25.212-b04 mixed mode windows-amd64 compressed oops)
# Failed to write core dump. Minidumps are not enabled by default on client versions of Windows
#

---------------  T H R E A D  ---------------

Current thread (0x000000001898b000):  JavaThread "C2 CompilerThread0" daemon [_thread_in_native, id=3452, stack(0x0000000018f40000,0x0000000019040000)]

Stack: [0x0000000018f40000,0x0000000019040000]
[error occurred during error reporting (printing stack bounds), id 0xc0000005]

Native frames: (J=compiled Java code, j=interpreted, Vv=VM code, C=native code)


Current CompileTask:
C2:   3445 3206       4       groovy.lang.MetaClassImpl$1MOPIter::methodNameAction (325 bytes)


---------------  P R O C E S S  ---------------

Java Threads: ( => current thread )
  0x000000001d12b000 JavaThread "Cache worker for Build Output Cleanup Cache (C:\Users\Subin\Desktop\StudyRoomInfo.0.1.6\.gradle\buildOutputCleanup)" [_thread_blocked, id=15540, stack(0x00000000224f0000,0x00000000225f0000)]
  0x000000001d12e000 JavaThread "Build operations Thread 6" [_thread_blocked, id=15732, stack(0x0000000022b00000,0x0000000022c00000)]
  0x000000001d129000 JavaThread "Build operations Thread 5" [_thread_blocked, id=6864, stack(0x0000000022a00000,0x0000000022b00000)]
  0x000000001d12a800 JavaThread "Build operations Thread 4" [_thread_blocked, id=15836, stack(0x0000000022900000,0x0000000022a00000)]
  0x000000001d126000 JavaThread "Build operations Thread 3" [_thread_blocked, id=17256, stack(0x0000000022800000,0x0000000022900000)]
  0x000000001d125000 JavaThread "Build operations Thread 2" [_thread_blocked, id=14552, stack(0x0000000022700000,0x0000000022800000)]
  0x000000001d126800 JavaThread "Build operations" [_thread_blocked, id=6752, stack(0x0000000022600000,0x0000000022700000)]
  0x000000001d124800 JavaThread "Cache worker for execution history cache (C:\Users\Subin\.gradle\caches\5.6.4\executionHistory)" [_thread_blocked, id=16392, stack(0x00000000221f0000,0x00000000222f0000)]
  0x000000001d123800 JavaThread "Cache worker for cache directory md-rule (C:\Users\Subin\.gradle\caches\5.6.4\md-rule)" [_thread_blocked, id=16764, stack(0x0000000021e50000,0x0000000021f50000)]
  0x00000000199b8800 JavaThread "Cache worker for cache directory md-supplier (C:\Users\Subin\.gradle\caches\5.6.4\md-supplier)" [_thread_blocked, id=16412, stack(0x0000000020ae0000,0x0000000020be0000)]
  0x00000000199b5000 JavaThread "Cache worker for file hash cache (C:\Users\Subin\Desktop\StudyRoomInfo.0.1.6\.gradle\5.6.4\fileHashes)" [_thread_blocked, id=16348, stack(0x000000001f160000,0x000000001f260000)]
  0x00000000199ba000 JavaThread "Cache worker for journal cache (C:\Users\Subin\.gradle\caches\journal-1)" [_thread_blocked, id=11216, stack(0x000000001cec0000,0x000000001cfc0000)]
  0x00000000199b3800 JavaThread "File lock request listener" [_thread_in_native, id=16880, stack(0x000000001cdc0000,0x000000001cec0000)]
  0x0000000019f85800 JavaThread "Cache worker for file hash cache (C:\Users\Subin\.gradle\caches\5.6.4\fileHashes)" [_thread_blocked, id=15284, stack(0x000000001ccc0000,0x000000001cdc0000)]
  0x000000001af7c800 JavaThread "Thread-9" [_thread_blocked, id=17288, stack(0x000000001c9c0000,0x000000001cac0000)]
  0x000000001aee2000 JavaThread "Stdin handler" [_thread_blocked, id=14944, stack(0x000000001c8c0000,0x000000001c9c0000)]
  0x000000001aedd800 JavaThread "Asynchronous log dispatcher for DefaultDaemonConnection: socket connection from /127.0.0.1:50330 to /127.0.0.1:50331" [_thread_blocked, id=6704, stack(0x000000001c7c0000,0x000000001c8c0000)]
  0x000000001af21000 JavaThread "Daemon worker" [_thread_in_vm, id=17248, stack(0x000000001c6c0000,0x000000001c7c0000)]
  0x000000001afab000 JavaThread "Cancel handler" [_thread_blocked, id=17228, stack(0x000000001c5c0000,0x000000001c6c0000)]
  0x000000001aea7800 JavaThread "Handler for socket connection from /127.0.0.1:50330 to /127.0.0.1:50331" [_thread_in_native, id=17156, stack(0x000000001c2c0000,0x000000001c3c0000)]
  0x000000001aea6800 JavaThread "Daemon" [_thread_blocked, id=15092, stack(0x000000001c1c0000,0x000000001c2c0000)]
  0x000000001ae54000 JavaThread "Daemon periodic checks" [_thread_blocked, id=15244, stack(0x000000001c0c0000,0x000000001c1c0000)]
  0x000000001ae48000 JavaThread "Incoming local TCP Connector on port 50330" [_thread_in_native, id=16852, stack(0x000000001bee0000,0x000000001bfe0000)]
  0x000000001954c800 JavaThread "Daemon health stats" [_thread_blocked, id=16444, stack(0x000000001bbe0000,0x000000001bce0000)]
  0x0000000018a11000 JavaThread "Service Thread" daemon [_thread_blocked, id=13796, stack(0x0000000019240000,0x0000000019340000)]
  0x000000001898e800 JavaThread "C1 CompilerThread2" daemon [_thread_blocked, id=13856, stack(0x0000000019140000,0x0000000019240000)]
  0x000000001898c000 JavaThread "C2 CompilerThread1" daemon [_thread_in_native, id=12700, stack(0x0000000019040000,0x0000000019140000)]
=>0x000000001898b000 JavaThread "C2 CompilerThread0" daemon [_thread_in_native, id=3452, stack(0x0000000018f40000,0x0000000019040000)]
  0x000000001898a000 JavaThread "Attach Listener" daemon [_thread_blocked, id=14952, stack(0x0000000018e40000,0x0000000018f40000)]
  0x0000000016fd1000 JavaThread "Signal Dispatcher" daemon [_thread_blocked, id=13056, stack(0x0000000018d40000,0x0000000018e40000)]
  0x000000000340d000 JavaThread "Finalizer" daemon [_thread_blocked, id=17048, stack(0x0000000018840000,0x0000000018940000)]
  0x0000000016fab000 JavaThread "Reference Handler" daemon [_thread_blocked, id=16904, stack(0x0000000018740000,0x0000000018840000)]
  0x000000000330d800 JavaThread "main" [_thread_blocked, id=15268, stack(0x00000000031e0000,0x00000000032e0000)]

Other Threads:
  0x0000000016f86800 VMThread [stack: 0x0000000018640000,0x0000000018740000] [id=17132]
  0x0000000018a12000 WatcherThread [stack: 0x0000000019340000,0x0000000019440000] [id=12676]

VM state:not at safepoint (normal execution)

VM Mutex/Monitor currently owned by a thread: None

heap address: 0x00000000a0000000, size: 1536 MB, Compressed Oops mode: 32-bit
Narrow klass base: 0x0000000000000000, Narrow klass shift: 3
Compressed class space size: 1073741824 Address: 0x0000000100000000

Heap:
 PSYoungGen      total 77312K, used 65590K [0x00000000e0000000, 0x00000000e5700000, 0x0000000100000000)
  eden space 66048K, 99% used [0x00000000e0000000,0x00000000e400d878,0x00000000e4080000)
  from space 11264K, 0% used [0x00000000e4080000,0x00000000e4080000,0x00000000e4b80000)
  to   space 10752K, 0% used [0x00000000e4b80000,0x00000000e4b80000,0x00000000e5600000)
 ParOldGen       total 59904K, used 16962K [0x00000000a0000000, 0x00000000a3a80000, 0x00000000e0000000)
  object space 59904K, 28% used [0x00000000a0000000,0x00000000a10909a8,0x00000000a3a80000)
 Metaspace       used 42718K, capacity 43878K, committed 44032K, reserved 1087488K
  class space    used 5764K, capacity 6053K, committed 6144K, reserved 1048576K

Card table byte_map: [0x00000000127d0000,0x0000000012ae0000] byte_map_base: 0x00000000122d0000

Marking Bits: (ParMarkBitMap*) 0x00000000561e9f30
 Begin Bits: [0x00000000132e0000, 0x0000000014ae0000)
 End Bits:   [0x0000000014ae0000, 0x00000000162e0000)

Polling page: 0x0000000001080000

CodeCache: size=245760Kb used=12499Kb max_used=12499Kb free=233260Kb
 bounds [0x0000000003410000, 0x0000000004050000, 0x0000000012410000]
 total_blobs=4400 nmethods=3652 adapters=660
 compilation: enabled

Compilation events (10 events):
Event: 3.444 Thread 0x000000001898e800 nmethod 3660 0x0000000004043950 code [0x0000000004043aa0, 0x0000000004043bf0]
Event: 3.444 Thread 0x000000001898e800 3656       3       sun.security.provider.SHA2::lf_sigma1 (21 bytes)
Event: 3.444 Thread 0x000000001898e800 nmethod 3656 0x0000000004043c50 code [0x0000000004043dc0, 0x0000000004044030]
Event: 3.444 Thread 0x000000001898e800 3661       1       sun.security.provider.SHA2::lf_R (4 bytes)
Event: 3.444 Thread 0x000000001898e800 nmethod 3661 0x0000000004044110 code [0x0000000004044260, 0x0000000004044350]
Event: 3.444 Thread 0x000000001898e800 3657       3       sun.security.provider.SHA2::lf_ch (10 bytes)
Event: 3.444 Thread 0x000000001898e800 nmethod 3657 0x0000000004044390 code [0x00000000040444e0, 0x0000000004044630]
Event: 3.444 Thread 0x000000001898e800 3658       3       sun.security.provider.SHA2::lf_sigma0 (20 bytes)
Event: 3.444 Thread 0x000000001898e800 nmethod 3658 0x0000000004044690 code [0x0000000004044800, 0x0000000004044a70]
Event: 3.444 Thread 0x000000001898e800 3663       1       sun.security.provider.SHA2::lf_maj (12 bytes)

GC Heap History (10 events):
Event: 1.814 GC heap before
{Heap before GC invocations=7 (full 1):
 PSYoungGen      total 76800K, used 8617K [0x00000000e0000000, 0x00000000e5700000, 0x0000000100000000)
  eden space 66048K, 0% used [0x00000000e0000000,0x00000000e0000000,0x00000000e4080000)
  from space 10752K, 80% used [0x00000000e4b80000,0x00000000e53ea700,0x00000000e5600000)
  to   space 11264K, 0% used [0x00000000e4080000,0x00000000e4080000,0x00000000e4b80000)
 ParOldGen       total 87552K, used 8165K [0x00000000a0000000, 0x00000000a5580000, 0x00000000e0000000)
  object space 87552K, 9% used [0x00000000a0000000,0x00000000a07f9500,0x00000000a5580000)
 Metaspace       used 20621K, capacity 21182K, committed 21296K, reserved 1067008K
  class space    used 2972K, capacity 3133K, committed 3200K, reserved 1048576K
Event: 1.835 GC heap after
Heap after GC invocations=7 (full 1):
 PSYoungGen      total 76800K, used 0K [0x00000000e0000000, 0x00000000e5700000, 0x0000000100000000)
  eden space 66048K, 0% used [0x00000000e0000000,0x00000000e0000000,0x00000000e4080000)
  from space 10752K, 0% used [0x00000000e4b80000,0x00000000e4b80000,0x00000000e5600000)
  to   space 11264K, 0% used [0x00000000e4080000,0x00000000e4080000,0x00000000e4b80000)
 ParOldGen       total 59904K, used 9558K [0x00000000a0000000, 0x00000000a3a80000, 0x00000000e0000000)
  object space 59904K, 15% used [0x00000000a0000000,0x00000000a0955880,0x00000000a3a80000)
 Metaspace       used 20621K, capacity 21182K, committed 21296K, reserved 1067008K
  class space    used 2972K, capacity 3133K, committed 3200K, reserved 1048576K
}
Event: 2.299 GC heap before
{Heap before GC invocations=8 (full 1):
 PSYoungGen      total 76800K, used 66048K [0x00000000e0000000, 0x00000000e5700000, 0x0000000100000000)
  eden space 66048K, 100% used [0x00000000e0000000,0x00000000e4080000,0x00000000e4080000)
  from space 10752K, 0% used [0x00000000e4b80000,0x00000000e4b80000,0x00000000e5600000)
  to   space 11264K, 0% used [0x00000000e4080000,0x00000000e4080000,0x00000000e4b80000)
 ParOldGen       total 59904K, used 9558K [0x00000000a0000000, 0x00000000a3a80000, 0x00000000e0000000)
  object space 59904K, 15% used [0x00000000a0000000,0x00000000a0955880,0x00000000a3a80000)
 Metaspace       used 29082K, capacity 29640K, committed 29952K, reserved 1075200K
  class space    used 3917K, capacity 4071K, committed 4096K, reserved 1048576K
Event: 2.307 GC heap after
Heap after GC invocations=8 (full 1):
 PSYoungGen      total 77312K, used 8156K [0x00000000e0000000, 0x00000000e5700000, 0x0000000100000000)
  eden space 66048K, 0% used [0x00000000e0000000,0x00000000e0000000,0x00000000e4080000)
  from space 11264K, 72% used [0x00000000e4080000,0x00000000e4877208,0x00000000e4b80000)
  to   space 10752K, 0% used [0x00000000e4b80000,0x00000000e4b80000,0x00000000e5600000)
 ParOldGen       total 59904K, used 9566K [0x00000000a0000000, 0x00000000a3a80000, 0x00000000e0000000)
  object space 59904K, 15% used [0x00000000a0000000,0x00000000a0957880,0x00000000a3a80000)
 Metaspace       used 29082K, capacity 29640K, committed 29952K, reserved 1075200K
  class space    used 3917K, capacity 4071K, committed 4096K, reserved 1048576K
}
Event: 2.595 GC heap before
{Heap before GC invocations=9 (full 1):
 PSYoungGen      total 77312K, used 74204K [0x00000000e0000000, 0x00000000e5700000, 0x0000000100000000)
  eden space 66048K, 100% used [0x00000000e0000000,0x00000000e4080000,0x00000000e4080000)
  from space 11264K, 72% used [0x00000000e4080000,0x00000000e4877208,0x00000000e4b80000)
  to   space 10752K, 0% used [0x00000000e4b80000,0x00000000e4b80000,0x00000000e5600000)
 ParOldGen       total 59904K, used 9566K [0x00000000a0000000, 0x00000000a3a80000, 0x00000000e0000000)
  object space 59904K, 15% used [0x00000000a0000000,0x00000000a0957880,0x00000000a3a80000)
 Metaspace       used 32242K, capacity 32896K, committed 33152K, reserved 1077248K
  class space    used 4427K, capacity 4623K, committed 4736K, reserved 1048576K
Event: 2.600 GC heap after
Heap after GC invocations=9 (full 1):
 PSYoungGen      total 76800K, used 8704K [0x00000000e0000000, 0x00000000e5700000, 0x0000000100000000)
  eden space 66048K, 0% used [0x00000000e0000000,0x00000000e0000000,0x00000000e4080000)
  from space 10752K, 80% used [0x00000000e4b80000,0x00000000e54003c0,0x00000000e5600000)
  to   space 11264K, 0% used [0x00000000e4080000,0x00000000e4080000,0x00000000e4b80000)
 ParOldGen       total 59904K, used 9574K [0x00000000a0000000, 0x00000000a3a80000, 0x00000000e0000000)
  object space 59904K, 15% used [0x00000000a0000000,0x00000000a0959880,0x00000000a3a80000)
 Metaspace       used 32242K, capacity 32896K, committed 33152K, reserved 1077248K
  class space    used 4427K, capacity 4623K, committed 4736K, reserved 1048576K
}
Event: 2.928 GC heap before
{Heap before GC invocations=10 (full 1):
 PSYoungGen      total 76800K, used 59763K [0x00000000e0000000, 0x00000000e5700000, 0x0000000100000000)
  eden space 66048K, 77% used [0x00000000e0000000,0x00000000e31dc8a8,0x00000000e4080000)
  from space 10752K, 80% used [0x00000000e4b80000,0x00000000e54003c0,0x00000000e5600000)
  to   space 11264K, 0% used [0x00000000e4080000,0x00000000e4080000,0x00000000e4b80000)
 ParOldGen       total 59904K, used 9574K [0x00000000a0000000, 0x00000000a3a80000, 0x00000000e0000000)
  object space 59904K, 15% used [0x00000000a0000000,0x00000000a0959880,0x00000000a3a80000)
 Metaspace       used 34516K, capacity 35396K, committed 35456K, reserved 1079296K
  class space    used 4742K, capacity 4967K, committed 4992K, reserved 1048576K
Event: 2.935 GC heap after
Heap after GC invocations=10 (full 1):
 PSYoungGen      total 77312K, used 9866K [0x00000000e0000000, 0x00000000e5700000, 0x0000000100000000)
  eden space 66048K, 0% used [0x00000000e0000000,0x00000000e0000000,0x00000000e4080000)
  from space 11264K, 87% used [0x00000000e4080000,0x00000000e4a229d0,0x00000000e4b80000)
  to   space 10752K, 0% used [0x00000000e4b80000,0x00000000e4b80000,0x00000000e5600000)
 ParOldGen       total 59904K, used 9582K [0x00000000a0000000, 0x00000000a3a80000, 0x00000000e0000000)
  object space 59904K, 15% used [0x00000000a0000000,0x00000000a095b880,0x00000000a3a80000)
 Metaspace       used 34516K, capacity 35396K, committed 35456K, reserved 1079296K
  class space    used 4742K, capacity 4967K, committed 4992K, reserved 1048576K
}
Event: 2.935 GC heap before
{Heap before GC invocations=11 (full 2):
 PSYoungGen      total 77312K, used 9866K [0x00000000e0000000, 0x00000000e5700000, 0x0000000100000000)
  eden space 66048K, 0% used [0x00000000e0000000,0x00000000e0000000,0x00000000e4080000)
  from space 11264K, 87% used [0x00000000e4080000,0x00000000e4a229d0,0x00000000e4b80000)
  to   space 10752K, 0% used [0x00000000e4b80000,0x00000000e4b80000,0x00000000e5600000)
 ParOldGen       total 59904K, used 9582K [0x00000000a0000000, 0x00000000a3a80000, 0x00000000e0000000)
  object space 59904K, 15% used [0x00000000a0000000,0x00000000a095b880,0x00000000a3a80000)
 Metaspace       used 34516K, capacity 35396K, committed 35456K, reserved 1079296K
  class space    used 4742K, capacity 4967K, committed 4992K, reserved 1048576K
Event: 2.966 GC heap after
Heap after GC invocations=11 (full 2):
 PSYoungGen      total 77312K, used 0K [0x00000000e0000000, 0x00000000e5700000, 0x0000000100000000)
  eden space 66048K, 0% used [0x00000000e0000000,0x00000000e0000000,0x00000000e4080000)
  from space 11264K, 0% used [0x00000000e4080000,0x00000000e4080000,0x00000000e4b80000)
  to   space 10752K, 0% used [0x00000000e4b80000,0x00000000e4b80000,0x00000000e5600000)
 ParOldGen       total 59904K, used 16962K [0x00000000a0000000, 0x00000000a3a80000, 0x00000000e0000000)
  object space 59904K, 28% used [0x00000000a0000000,0x00000000a10909a8,0x00000000a3a80000)
 Metaspace       used 34498K, capacity 35336K, committed 35456K, reserved 1079296K
  class space    used 4737K, capacity 4957K, committed 4992K, reserved 1048576K
}

Deoptimization events (10 events):
Event: 2.887 Thread 0x000000001af21000 Uncommon trap: reason=unstable_if action=reinterpret pc=0x000000000372328c method=java.util.jar.JarFile.match([C[B[I[I)Z @ 29
Event: 2.971 Thread 0x000000001af21000 Uncommon trap: reason=range_check action=make_not_entrant pc=0x0000000003d6274c method=java.lang.String.charAt(I)C @ 27
Event: 3.087 Thread 0x000000001af21000 Uncommon trap: reason=unstable_if action=reinterpret pc=0x00000000039e6538 method=java.io.BufferedInputStream.read([BII)I @ 56
Event: 3.088 Thread 0x000000001af21000 Uncommon trap: reason=unstable_if action=reinterpret pc=0x00000000039b4090 method=java.util.regex.Pattern.has(I)Z @ 6
Event: 3.110 Thread 0x000000001af21000 Uncommon trap: reason=predicate action=maybe_recompile pc=0x0000000003f18534 method=java.util.Arrays.binarySearch0([Ljava/lang/Object;IILjava/lang/Object;Ljava/util/Comparator;)I @ 28
Event: 3.128 Thread 0x000000001af21000 Uncommon trap: reason=unstable_if action=reinterpret pc=0x0000000003e4cc10 method=java.security.CodeSource.hashCode()I @ 4
Event: 3.128 Thread 0x000000001af21000 Uncommon trap: reason=unstable_if action=reinterpret pc=0x0000000003d5bf8c method=java.security.CodeSource.hashCode()I @ 4
Event: 3.407 Thread 0x000000001af21000 Uncommon trap: reason=unstable_if action=reinterpret pc=0x0000000003cabc50 method=java.util.jar.JarFile.maybeInstantiateVerifier()V @ 75
Event: 3.408 Thread 0x000000001af21000 Uncommon trap: reason=unstable_if action=reinterpret pc=0x0000000003684260 method=java.util.jar.Manifest$FastInputStream.readLine([BII)I @ 87
Event: 3.431 Thread 0x000000001af21000 Uncommon trap: reason=unstable_if action=reinterpret pc=0x00000000038e77bc method=java.lang.CharacterDataLatin1.isWhitespace(I)Z @ 14

Classes redefined (0 events):
No events

Internal exceptions (10 events):
Event: 2.993 Thread 0x000000001af21000 Exception <a 'java/lang/ClassNotFoundException': org/gradle/api/DefaultTaskCustomizer> (0x00000000e04cbd08) thrown at [D:\src\AOSP-openjdk-cygwin\jdk8u\hotspot\src\share\vm\classfile\systemDictionary.cpp, line 210]
Event: 2.994 Thread 0x000000001af21000 Exception <a 'java/lang/ClassNotFoundException': org/gradle/api/internal/ConventionTaskCustomizer> (0x00000000e050e3e8) thrown at [D:\src\AOSP-openjdk-cygwin\jdk8u\hotspot\src\share\vm\classfile\systemDictionary.cpp, line 210]
Event: 2.995 Thread 0x000000001af21000 Exception <a 'java/lang/ClassNotFoundException': org/gradle/api/tasks/DeleteCustomizer> (0x00000000e054d430) thrown at [D:\src\AOSP-openjdk-cygwin\jdk8u\hotspot\src\share\vm\classfile\systemDictionary.cpp, line 210]
Event: 2.996 Thread 0x000000001af21000 Exception <a 'java/lang/ClassNotFoundException': org/gradle/api/tasks/Delete_DecoratedCustomizer> (0x00000000e0599f50) thrown at [D:\src\AOSP-openjdk-cygwin\jdk8u\hotspot\src\share\vm\classfile\systemDictionary.cpp, line 210]
Event: 3.010 Thread 0x000000001af21000 Exception <a 'java/lang/ClassNotFoundException': build_883wlxvxvtpc9f8r70ulo6psfBeanInfo> (0x00000000e06b9270) thrown at [D:\src\AOSP-openjdk-cygwin\jdk8u\hotspot\src\share\vm\classfile\systemDictionary.cpp, line 210]
Event: 3.010 Thread 0x000000001af21000 Exception <a 'java/lang/ClassNotFoundException': build_883wlxvxvtpc9f8r70ulo6psfCustomizer> (0x00000000e06c5c80) thrown at [D:\src\AOSP-openjdk-cygwin\jdk8u\hotspot\src\share\vm\classfile\systemDictionary.cpp, line 210]
Event: 3.012 Thread 0x000000001af21000 Exception <a 'java/lang/ClassNotFoundException': org/gradle/api/internal/plugins/DefaultObjectConfigurationActionBeanInfo> (0x00000000e073c350) thrown at [D:\src\AOSP-openjdk-cygwin\jdk8u\hotspot\src\share\vm\classfile\systemDictionary.cpp, line 210]
Event: 3.013 Thread 0x000000001af21000 Exception <a 'java/lang/ClassNotFoundException': org/gradle/api/internal/plugins/DefaultObjectConfigurationActionCustomizer> (0x00000000e077f1b0) thrown at [D:\src\AOSP-openjdk-cygwin\jdk8u\hotspot\src\share\vm\classfile\systemDictionary.cpp, line 210]
Event: 3.128 Thread 0x000000001af21000 Implicit null exception at 0x0000000003e4ac8a to 0x0000000003e4cbb9
Event: 3.128 Thread 0x000000001af21000 Implicit null exception at 0x0000000003d5bc95 to 0x0000000003d5bf7d

Events (10 events):
Event: 3.437 loading class java/security/spec/AlgorithmParameterSpec done
Event: 3.437 loading class java/security/spec/DSAParameterSpec done
Event: 3.438 loading class java/security/interfaces/DSAPrivateKey
Event: 3.438 loading class java/security/interfaces/DSAPrivateKey done
Event: 3.438 loading class sun/security/provider/DSA$SHA1withDSA
Event: 3.438 loading class sun/security/provider/DSA
Event: 3.438 loading class sun/security/provider/DSA done
Event: 3.438 loading class sun/security/provider/DSA$SHA1withDSA done
Event: 3.439 loading class java/math/SignedMutableBigInteger
Event: 3.439 loading class java/math/SignedMutableBigInteger done


Dynamic libraries:
0x00007ff7ece00000 - 0x00007ff7ece31000 	C:\Program Files\Android\Android Studio\jre\bin\java.exe
0x00007fffc0ae0000 - 0x00007fffc0cd0000 	C:\WINDOWS\SYSTEM32\ntdll.dll
0x00007fffc09e0000 - 0x00007fffc0a92000 	C:\WINDOWS\System32\KERNEL32.DLL
0x00007fffbdb50000 - 0x00007fffbddf3000 	C:\WINDOWS\System32\KERNELBASE.dll
0x00007fffbf9e0000 - 0x00007fffbfa83000 	C:\WINDOWS\System32\ADVAPI32.dll
0x00007fffbf5a0000 - 0x00007fffbf63e000 	C:\WINDOWS\System32\msvcrt.dll
0x00007fffbf940000 - 0x00007fffbf9d7000 	C:\WINDOWS\System32\sechost.dll
0x00007fffbf6c0000 - 0x00007fffbf7e0000 	C:\WINDOWS\System32\RPCRT4.dll
0x00007fffbfd70000 - 0x00007fffbff04000 	C:\WINDOWS\System32\USER32.dll
0x00007fffbdb20000 - 0x00007fffbdb41000 	C:\WINDOWS\System32\win32u.dll
0x00007fffbec20000 - 0x00007fffbec46000 	C:\WINDOWS\System32\GDI32.dll
0x00007fffbdf30000 - 0x00007fffbe0c4000 	C:\WINDOWS\System32\gdi32full.dll
0x00007fffbe3d0000 - 0x00007fffbe46e000 	C:\WINDOWS\System32\msvcp_win.dll
0x00007fffbe120000 - 0x00007fffbe21a000 	C:\WINDOWS\System32\ucrtbase.dll
0x00007fffa9a90000 - 0x00007fffa9d15000 	C:\WINDOWS\WinSxS\amd64_microsoft.windows.common-controls_6595b64144ccf1df_6.0.18362.720_none_e6beb5c51314836b\COMCTL32.dll
0x00007fffc0010000 - 0x00007fffc0346000 	C:\WINDOWS\System32\combase.dll
0x00007fffbde00000 - 0x00007fffbde80000 	C:\WINDOWS\System32\bcryptPrimitives.dll
0x00007fffbebf0000 - 0x00007fffbec1e000 	C:\WINDOWS\System32\IMM32.DLL
0x0000000055080000 - 0x0000000055152000 	C:\Program Files\Android\Android Studio\jre\jre\bin\msvcr100.dll
0x0000000055a20000 - 0x0000000056266000 	C:\Program Files\Android\Android Studio\jre\jre\bin\server\jvm.dll
0x00007fffbff10000 - 0x00007fffbff18000 	C:\WINDOWS\System32\PSAPI.DLL
0x00007fffa9f50000 - 0x00007fffa9f59000 	C:\WINDOWS\SYSTEM32\WSOCK32.dll
0x00007fffbb600000 - 0x00007fffbb624000 	C:\WINDOWS\SYSTEM32\WINMM.dll
0x00007fffbec50000 - 0x00007fffbecbf000 	C:\WINDOWS\System32\WS2_32.dll
0x00007fffb8740000 - 0x00007fffb874a000 	C:\WINDOWS\SYSTEM32\VERSION.dll
0x00007fffbb4f0000 - 0x00007fffbb51d000 	C:\WINDOWS\SYSTEM32\WINMMBASE.dll
0x00007fffbdad0000 - 0x00007fffbdb1a000 	C:\WINDOWS\System32\cfgmgr32.dll
0x00007fffa9db0000 - 0x00007fffa9dbf000 	C:\Program Files\Android\Android Studio\jre\jre\bin\verify.dll
0x00007fffa9370000 - 0x00007fffa9399000 	C:\Program Files\Android\Android Studio\jre\jre\bin\java.dll
0x00007fffa9d40000 - 0x00007fffa9d56000 	C:\Program Files\Android\Android Studio\jre\jre\bin\zip.dll
0x00007fffbede0000 - 0x00007fffbf4c5000 	C:\WINDOWS\System32\SHELL32.dll
0x00007fffbfcc0000 - 0x00007fffbfd69000 	C:\WINDOWS\System32\shcore.dll
0x00007fffbe470000 - 0x00007fffbebf0000 	C:\WINDOWS\System32\windows.storage.dll
0x00007fffbda60000 - 0x00007fffbda83000 	C:\WINDOWS\System32\profapi.dll
0x00007fffbda10000 - 0x00007fffbda5a000 	C:\WINDOWS\System32\powrprof.dll
0x00007fffbda00000 - 0x00007fffbda10000 	C:\WINDOWS\System32\UMPDC.dll
0x00007fffbecd0000 - 0x00007fffbed22000 	C:\WINDOWS\System32\shlwapi.dll
0x00007fffbdab0000 - 0x00007fffbdac1000 	C:\WINDOWS\System32\kernel.appcore.dll
0x00007fffbe0d0000 - 0x00007fffbe0e7000 	C:\WINDOWS\System32\cryptsp.dll
0x00007fffa9750000 - 0x00007fffa976a000 	C:\Program Files\Android\Android Studio\jre\jre\bin\net.dll
0x00007fffb2b50000 - 0x00007fffb2d25000 	C:\WINDOWS\SYSTEM32\urlmon.dll
0x00007fffb3760000 - 0x00007fffb3a06000 	C:\WINDOWS\SYSTEM32\iertutil.dll
0x00007fffbd440000 - 0x00007fffbd44c000 	C:\WINDOWS\SYSTEM32\CRYPTBASE.DLL
0x00007fffbd270000 - 0x00007fffbd2d7000 	C:\WINDOWS\system32\mswsock.dll
0x00007fffa8bb0000 - 0x00007fffa8bc3000 	C:\Program Files\Android\Android Studio\jre\jre\bin\nio.dll
0x00007fffa4370000 - 0x00007fffa4396000 	C:\Users\Subin\.gradle\native\30\windows-amd64\native-platform.dll
0x00007fffa8b30000 - 0x00007fffa8b3d000 	C:\Program Files\Android\Android Studio\jre\jre\bin\management.dll
0x00007fffbcde0000 - 0x00007fffbce13000 	C:\WINDOWS\system32\rsaenh.dll
0x00007fffbe0f0000 - 0x00007fffbe116000 	C:\WINDOWS\System32\bcrypt.dll
0x00007fffbd920000 - 0x00007fffbd945000 	C:\WINDOWS\SYSTEM32\USERENV.dll
0x00007fffbcf80000 - 0x00007fffbcfba000 	C:\WINDOWS\SYSTEM32\IPHLPAPI.DLL
0x00007fffbecc0000 - 0x00007fffbecc8000 	C:\WINDOWS\System32\NSI.dll
0x00007fffb79b0000 - 0x00007fffb79c6000 	C:\WINDOWS\SYSTEM32\dhcpcsvc6.DLL
0x00007fffb84e0000 - 0x00007fffb84fc000 	C:\WINDOWS\SYSTEM32\dhcpcsvc.DLL
0x00007fffbcfc0000 - 0x00007fffbd08a000 	C:\WINDOWS\SYSTEM32\DNSAPI.dll

VM Arguments:
jvm_args: -Xmx1536m -Dfile.encoding=x-windows-949 -Duser.country=KR -Duser.language=ko -Duser.variant 
java_command: org.gradle.launcher.daemon.bootstrap.GradleDaemon 5.6.4
java_class_path (initial): C:\Users\Subin\.gradle\wrapper\dists\gradle-5.6.4-all\ankdp27end7byghfw1q2sw75f\gradle-5.6.4\lib\gradle-launcher-5.6.4.jar
Launcher Type: SUN_STANDARD

Environment Variables:
PATH=C:\Program Files (x86)\NAT Service;C:\WINDOWS\system32;C:\WINDOWS;C:\WINDOWS\System32\Wbem;C:\WINDOWS\System32\WindowsPowerShell\v1.0\;C:\WINDOWS\System32\OpenSSH\;C:\Program Files (x86)\Brackets\command;C:\Program Files\Git\cmd;C:\Users\Subin\AppData\Local\Microsoft\WindowsApps;C:\Program Files\Bandizip\;
USERNAME=Subin
OS=Windows_NT
PROCESSOR_IDENTIFIER=Intel64 Family 6 Model 158 Stepping 10, GenuineIntel



---------------  S Y S T E M  ---------------

OS: Windows 10.0 , 64 bit Build 18362 (10.0.18362.329)

CPU:total 6 (initial active 6) (6 cores per cpu, 1 threads per core) family 6 model 158 stepping 10, cmov, cx8, fxsr, mmx, sse, sse2, sse3, ssse3, sse4.1, sse4.2, popcnt, avx, avx2, aes, clmul, erms, 3dnowpref, lzcnt, tsc, tscinvbit, bmi1, bmi2, adx

Memory: 4k page, physical 8320968k(2778264k free), swap 8320968k(6352k free)

vm_info: OpenJDK 64-Bit Server VM (25.212-b04) for windows-amd64 JRE (1.8.0_212-release-1586-b04), built by "builder" with MS VC++ 10.0 (VS2010)

time: Mon Mar 16 03:37:04 2020
timezone: 대한민국 표준시
elapsed time: 3 seconds (0d 0h 0m 3s)

