#
# There is insufficient memory for the Java Runtime Environment to continue.
# Native memory allocation (malloc) failed to allocate 863616 bytes for Chunk::new
# Possible reasons:
#   The system is out of physical RAM or swap space
#   The process is running with CompressedOops enabled, and the Java Heap may be blocking the growth of the native heap
# Possible solutions:
#   Reduce memory load on the system
#   Increase physical memory or swap space
#   Check if swap backing store is full
#   Decrease Java heap size (-Xmx/-Xms)
#   Decrease number of Java threads
#   Decrease Java thread stack sizes (-Xss)
#   Set larger code cache with -XX:ReservedCodeCacheSize=
#   JVM is running with Unscaled Compressed Oops mode in which the Java heap is
#     placed in the first 4GB address space. The Java Heap base address is the
#     maximum limit for the native heap growth. Please use -XX:HeapBaseMinAddress
#     to set the Java Heap base and to place the Java Heap above 4GB virtual address.
# This output file may be truncated or incomplete.
#
#  Out of Memory Error (allocation.cpp:389), pid=16592, tid=0x00000000000019fc
#
# JRE version: OpenJDK Runtime Environment (8.0_212-b04) (build 1.8.0_212-release-1586-b04)
# Java VM: OpenJDK 64-Bit Server VM (25.212-b04 mixed mode windows-amd64 compressed oops)
# Failed to write core dump. Minidumps are not enabled by default on client versions of Windows
#

---------------  T H R E A D  ---------------

Current thread (0x0000000018a5a000):  JavaThread "C2 CompilerThread0" daemon [_thread_in_native, id=6652, stack(0x0000000019010000,0x0000000019110000)]

Stack: [0x0000000019010000,0x0000000019110000]
[error occurred during error reporting (printing stack bounds), id 0xc0000005]

Native frames: (J=compiled Java code, j=interpreted, Vv=VM code, C=native code)


Current CompileTask:
C2:   3141 3199       4       groovy.lang.MetaClassImpl$1MOPIter::methodNameAction (325 bytes)


---------------  P R O C E S S  ---------------

Java Threads: ( => current thread )
  0x000000001e528000 JavaThread "Build operations Thread 6" [_thread_blocked, id=15448, stack(0x0000000022cd0000,0x0000000022dd0000)]
  0x000000001e52f000 JavaThread "Build operations Thread 5" [_thread_blocked, id=9212, stack(0x0000000022bd0000,0x0000000022cd0000)]
  0x000000001e52b000 JavaThread "Build operations Thread 4" [_thread_blocked, id=16508, stack(0x0000000022ad0000,0x0000000022bd0000)]
  0x000000001e529800 JavaThread "Build operations Thread 3" [_thread_blocked, id=16436, stack(0x00000000229d0000,0x0000000022ad0000)]
  0x000000001e52d800 JavaThread "Build operations Thread 2" [_thread_blocked, id=10792, stack(0x00000000228d0000,0x00000000229d0000)]
  0x000000001e529000 JavaThread "Build operations" [_thread_blocked, id=17088, stack(0x00000000227d0000,0x00000000228d0000)]
  0x000000001e52c800 JavaThread "Cache worker for execution history cache (C:\Users\Subin\.gradle\caches\5.6.4\executionHistory)" [_thread_blocked, id=16524, stack(0x0000000020a10000,0x0000000020b10000)]
  0x000000001a012000 JavaThread "Cache worker for cache directory md-rule (C:\Users\Subin\.gradle\caches\5.6.4\md-rule)" [_thread_blocked, id=15500, stack(0x00000000226d0000,0x00000000227d0000)]
  0x000000001a00f000 JavaThread "Cache worker for cache directory md-supplier (C:\Users\Subin\.gradle\caches\5.6.4\md-supplier)" [_thread_blocked, id=752, stack(0x0000000021f70000,0x0000000022070000)]
  0x000000001a00c000 JavaThread "Cache worker for file hash cache (C:\Users\Subin\Desktop\StudyRoomInfo.0.1.6\.gradle\5.6.4\fileHashes)" [_thread_blocked, id=17300, stack(0x000000001d090000,0x000000001d190000)]
  0x000000001a00b000 JavaThread "Cache worker for journal cache (C:\Users\Subin\.gradle\caches\journal-1)" [_thread_blocked, id=16476, stack(0x000000001cf90000,0x000000001d090000)]
  0x000000001a010800 JavaThread "File lock request listener" [_thread_in_native, id=2296, stack(0x000000001ce90000,0x000000001cf90000)]
  0x000000001a00f800 JavaThread "Cache worker for file hash cache (C:\Users\Subin\.gradle\caches\5.6.4\fileHashes)" [_thread_blocked, id=16976, stack(0x000000001cd90000,0x000000001ce90000)]
  0x000000001b006000 JavaThread "Thread-9" [_thread_blocked, id=16948, stack(0x000000001ca90000,0x000000001cb90000)]
  0x000000001b005000 JavaThread "Stdin handler" [_thread_blocked, id=15444, stack(0x000000001c990000,0x000000001ca90000)]
  0x000000001b01b000 JavaThread "Asynchronous log dispatcher for DefaultDaemonConnection: socket connection from /127.0.0.1:50311 to /127.0.0.1:50312" [_thread_blocked, id=16752, stack(0x000000001c890000,0x000000001c990000)]
  0x000000001b017000 JavaThread "Daemon worker" [_thread_in_vm, id=15692, stack(0x000000001c790000,0x000000001c890000)]
  0x000000001b014000 JavaThread "Cancel handler" [_thread_blocked, id=4964, stack(0x000000001c690000,0x000000001c790000)]
  0x000000001afc6800 JavaThread "Handler for socket connection from /127.0.0.1:50311 to /127.0.0.1:50312" [_thread_in_native, id=8852, stack(0x000000001c390000,0x000000001c490000)]
  0x000000001afc6000 JavaThread "Daemon" [_thread_blocked, id=12624, stack(0x000000001c290000,0x000000001c390000)]
  0x000000001afb4800 JavaThread "Daemon periodic checks" [_thread_blocked, id=17152, stack(0x000000001c190000,0x000000001c290000)]
  0x000000001af48000 JavaThread "Incoming local TCP Connector on port 50311" [_thread_in_native, id=16092, stack(0x000000001bfb0000,0x000000001c0b0000)]
  0x0000000018b41800 JavaThread "Daemon health stats" [_thread_blocked, id=17216, stack(0x000000001bcb0000,0x000000001bdb0000)]
  0x0000000018ae1000 JavaThread "Service Thread" daemon [_thread_blocked, id=16724, stack(0x0000000019310000,0x0000000019410000)]
  0x0000000018a5d000 JavaThread "C1 CompilerThread2" daemon [_thread_in_native, id=11068, stack(0x0000000019210000,0x0000000019310000)]
  0x0000000018a5b800 JavaThread "C2 CompilerThread1" daemon [_thread_in_native, id=17308, stack(0x0000000019110000,0x0000000019210000)]
=>0x0000000018a5a000 JavaThread "C2 CompilerThread0" daemon [_thread_in_native, id=6652, stack(0x0000000019010000,0x0000000019110000)]
  0x00000000170a0000 JavaThread "Attach Listener" daemon [_thread_blocked, id=17328, stack(0x0000000018f10000,0x0000000019010000)]
  0x000000001709f000 JavaThread "Signal Dispatcher" daemon [_thread_blocked, id=17116, stack(0x0000000018e10000,0x0000000018f10000)]
  0x00000000034dc000 JavaThread "Finalizer" daemon [_thread_blocked, id=14244, stack(0x0000000018910000,0x0000000018a10000)]
  0x00000000034d5800 JavaThread "Reference Handler" daemon [_thread_blocked, id=1376, stack(0x0000000018810000,0x0000000018910000)]
  0x00000000032dd800 JavaThread "main" [_thread_blocked, id=6216, stack(0x00000000032e0000,0x00000000033e0000)]

Other Threads:
  0x0000000017057000 VMThread [stack: 0x0000000018710000,0x0000000018810000] [id=16532]
  0x0000000018ae1800 WatcherThread [stack: 0x0000000019410000,0x0000000019510000] [id=17128]

VM state:not at safepoint (normal execution)

VM Mutex/Monitor currently owned by a thread: None

heap address: 0x00000000a0000000, size: 1536 MB, Compressed Oops mode: 32-bit
Narrow klass base: 0x0000000000000000, Narrow klass shift: 3
Compressed class space size: 1073741824 Address: 0x0000000100000000

Heap:
 PSYoungGen      total 77312K, used 3794K [0x00000000e0000000, 0x00000000e7100000, 0x0000000100000000)
  eden space 66048K, 5% used [0x00000000e0000000,0x00000000e03b48b0,0x00000000e4080000)
  from space 11264K, 0% used [0x00000000e4080000,0x00000000e4080000,0x00000000e4b80000)
  to   space 12288K, 0% used [0x00000000e6500000,0x00000000e6500000,0x00000000e7100000)
 ParOldGen       total 59904K, used 16961K [0x00000000a0000000, 0x00000000a3a80000, 0x00000000e0000000)
  object space 59904K, 28% used [0x00000000a0000000,0x00000000a1090668,0x00000000a3a80000)
 Metaspace       used 34739K, capacity 35632K, committed 35840K, reserved 1079296K
  class space    used 4780K, capacity 5003K, committed 5120K, reserved 1048576K

Card table byte_map: [0x00000000128a0000,0x0000000012bb0000] byte_map_base: 0x00000000123a0000

Marking Bits: (ParMarkBitMap*) 0x00000000561e9f30
 Begin Bits: [0x00000000133b0000, 0x0000000014bb0000)
 End Bits:   [0x0000000014bb0000, 0x00000000163b0000)

Polling page: 0x0000000002e40000

CodeCache: size=245760Kb used=11291Kb max_used=11291Kb free=234468Kb
 bounds [0x00000000034e0000, 0x0000000003ff0000, 0x00000000124e0000]
 total_blobs=3950 nmethods=3246 adapters=616
 compilation: enabled

Compilation events (10 events):
Event: 3.136 Thread 0x0000000018a5d000 3245       3       java.lang.invoke.DirectMethodHandle::maybeCompile (18 bytes)
Event: 3.137 Thread 0x0000000018a5d000 nmethod 3245 0x0000000003fe1c90 code [0x0000000003fe1e00, 0x0000000003fe2098]
Event: 3.137 Thread 0x0000000018a5d000 3246       3       java.lang.invoke.DirectMethodHandle::<init> (132 bytes)
Event: 3.137 Thread 0x0000000018a5d000 nmethod 3246 0x0000000003fe2190 code [0x0000000003fe2440, 0x0000000003fe3c58]
Event: 3.139 Thread 0x0000000018a5d000 3247       3       java.lang.invoke.InnerClassLambdaMetafactory::getLoadOpcode (25 bytes)
Event: 3.140 Thread 0x0000000018a5d000 nmethod 3247 0x0000000003fe4550 code [0x0000000003fe46e0, 0x0000000003fe4958]
Event: 3.140 Thread 0x0000000018a5d000 3248       3       java.lang.invoke.InnerClassLambdaMetafactory::getParameterSize (27 bytes)
Event: 3.140 Thread 0x0000000018a5d000 nmethod 3248 0x0000000003fe4a50 code [0x0000000003fe4bc0, 0x0000000003fe4df0]
Event: 3.140 Thread 0x0000000018a5d000 3249       3       java.lang.invoke.MemberName::isField (7 bytes)
Event: 3.140 Thread 0x0000000018a5d000 nmethod 3249 0x0000000003fe4e50 code [0x0000000003fe4fc0, 0x0000000003fe5230]

GC Heap History (10 events):
Event: 1.877 GC heap before
{Heap before GC invocations=7 (full 1):
 PSYoungGen      total 76800K, used 8560K [0x00000000e0000000, 0x00000000e5700000, 0x0000000100000000)
  eden space 66048K, 0% used [0x00000000e0000000,0x00000000e0000000,0x00000000e4080000)
  from space 10752K, 79% used [0x00000000e4b80000,0x00000000e53dc300,0x00000000e5600000)
  to   space 11264K, 0% used [0x00000000e4080000,0x00000000e4080000,0x00000000e4b80000)
 ParOldGen       total 87552K, used 8225K [0x00000000a0000000, 0x00000000a5580000, 0x00000000e0000000)
  object space 87552K, 9% used [0x00000000a0000000,0x00000000a0808610,0x00000000a5580000)
 Metaspace       used 20637K, capacity 21182K, committed 21296K, reserved 1067008K
  class space    used 2973K, capacity 3133K, committed 3200K, reserved 1048576K
Event: 1.904 GC heap after
Heap after GC invocations=7 (full 1):
 PSYoungGen      total 76800K, used 0K [0x00000000e0000000, 0x00000000e5700000, 0x0000000100000000)
  eden space 66048K, 0% used [0x00000000e0000000,0x00000000e0000000,0x00000000e4080000)
  from space 10752K, 0% used [0x00000000e4b80000,0x00000000e4b80000,0x00000000e5600000)
  to   space 11264K, 0% used [0x00000000e4080000,0x00000000e4080000,0x00000000e4b80000)
 ParOldGen       total 59904K, used 9566K [0x00000000a0000000, 0x00000000a3a80000, 0x00000000e0000000)
  object space 59904K, 15% used [0x00000000a0000000,0x00000000a0957bd8,0x00000000a3a80000)
 Metaspace       used 20637K, capacity 21182K, committed 21296K, reserved 1067008K
  class space    used 2973K, capacity 3133K, committed 3200K, reserved 1048576K
}
Event: 2.407 GC heap before
{Heap before GC invocations=8 (full 1):
 PSYoungGen      total 76800K, used 66048K [0x00000000e0000000, 0x00000000e5700000, 0x0000000100000000)
  eden space 66048K, 100% used [0x00000000e0000000,0x00000000e4080000,0x00000000e4080000)
  from space 10752K, 0% used [0x00000000e4b80000,0x00000000e4b80000,0x00000000e5600000)
  to   space 11264K, 0% used [0x00000000e4080000,0x00000000e4080000,0x00000000e4b80000)
 ParOldGen       total 59904K, used 9566K [0x00000000a0000000, 0x00000000a3a80000, 0x00000000e0000000)
  object space 59904K, 15% used [0x00000000a0000000,0x00000000a0957bd8,0x00000000a3a80000)
 Metaspace       used 29088K, capacity 29640K, committed 29952K, reserved 1075200K
  class space    used 3916K, capacity 4071K, committed 4096K, reserved 1048576K
Event: 2.417 GC heap after
Heap after GC invocations=8 (full 1):
 PSYoungGen      total 77312K, used 8237K [0x00000000e0000000, 0x00000000e5700000, 0x0000000100000000)
  eden space 66048K, 0% used [0x00000000e0000000,0x00000000e0000000,0x00000000e4080000)
  from space 11264K, 73% used [0x00000000e4080000,0x00000000e488b4a8,0x00000000e4b80000)
  to   space 10752K, 0% used [0x00000000e4b80000,0x00000000e4b80000,0x00000000e5600000)
 ParOldGen       total 59904K, used 9574K [0x00000000a0000000, 0x00000000a3a80000, 0x00000000e0000000)
  object space 59904K, 15% used [0x00000000a0000000,0x00000000a0959bd8,0x00000000a3a80000)
 Metaspace       used 29088K, capacity 29640K, committed 29952K, reserved 1075200K
  class space    used 3916K, capacity 4071K, committed 4096K, reserved 1048576K
}
Event: 2.701 GC heap before
{Heap before GC invocations=9 (full 1):
 PSYoungGen      total 77312K, used 74285K [0x00000000e0000000, 0x00000000e5700000, 0x0000000100000000)
  eden space 66048K, 100% used [0x00000000e0000000,0x00000000e4080000,0x00000000e4080000)
  from space 11264K, 73% used [0x00000000e4080000,0x00000000e488b4a8,0x00000000e4b80000)
  to   space 10752K, 0% used [0x00000000e4b80000,0x00000000e4b80000,0x00000000e5600000)
 ParOldGen       total 59904K, used 9574K [0x00000000a0000000, 0x00000000a3a80000, 0x00000000e0000000)
  object space 59904K, 15% used [0x00000000a0000000,0x00000000a0959bd8,0x00000000a3a80000)
 Metaspace       used 32264K, capacity 32896K, committed 33152K, reserved 1077248K
  class space    used 4431K, capacity 4623K, committed 4736K, reserved 1048576K
Event: 2.706 GC heap after
Heap after GC invocations=9 (full 1):
 PSYoungGen      total 76800K, used 8761K [0x00000000e0000000, 0x00000000e5700000, 0x0000000100000000)
  eden space 66048K, 0% used [0x00000000e0000000,0x00000000e0000000,0x00000000e4080000)
  from space 10752K, 81% used [0x00000000e4b80000,0x00000000e540e400,0x00000000e5600000)
  to   space 11264K, 0% used [0x00000000e4080000,0x00000000e4080000,0x00000000e4b80000)
 ParOldGen       total 59904K, used 9582K [0x00000000a0000000, 0x00000000a3a80000, 0x00000000e0000000)
  object space 59904K, 15% used [0x00000000a0000000,0x00000000a095bbd8,0x00000000a3a80000)
 Metaspace       used 32264K, capacity 32896K, committed 33152K, reserved 1077248K
  class space    used 4431K, capacity 4623K, committed 4736K, reserved 1048576K
}
Event: 3.067 GC heap before
{Heap before GC invocations=10 (full 1):
 PSYoungGen      total 76800K, used 58287K [0x00000000e0000000, 0x00000000e5700000, 0x0000000100000000)
  eden space 66048K, 74% used [0x00000000e0000000,0x00000000e305d980,0x00000000e4080000)
  from space 10752K, 81% used [0x00000000e4b80000,0x00000000e540e400,0x00000000e5600000)
  to   space 11264K, 0% used [0x00000000e4080000,0x00000000e4080000,0x00000000e4b80000)
 ParOldGen       total 59904K, used 9582K [0x00000000a0000000, 0x00000000a3a80000, 0x00000000e0000000)
  object space 59904K, 15% used [0x00000000a0000000,0x00000000a095bbd8,0x00000000a3a80000)
 Metaspace       used 34503K, capacity 35398K, committed 35456K, reserved 1079296K
  class space    used 4737K, capacity 4966K, committed 4992K, reserved 1048576K
Event: 3.077 GC heap after
Heap after GC invocations=10 (full 1):
 PSYoungGen      total 77312K, used 9796K [0x00000000e0000000, 0x00000000e7100000, 0x0000000100000000)
  eden space 66048K, 0% used [0x00000000e0000000,0x00000000e0000000,0x00000000e4080000)
  from space 11264K, 86% used [0x00000000e4080000,0x00000000e4a11100,0x00000000e4b80000)
  to   space 12288K, 0% used [0x00000000e6500000,0x00000000e6500000,0x00000000e7100000)
 ParOldGen       total 59904K, used 9590K [0x00000000a0000000, 0x00000000a3a80000, 0x00000000e0000000)
  object space 59904K, 16% used [0x00000000a0000000,0x00000000a095dbd8,0x00000000a3a80000)
 Metaspace       used 34503K, capacity 35398K, committed 35456K, reserved 1079296K
  class space    used 4737K, capacity 4966K, committed 4992K, reserved 1048576K
}
Event: 3.077 GC heap before
{Heap before GC invocations=11 (full 2):
 PSYoungGen      total 77312K, used 9796K [0x00000000e0000000, 0x00000000e7100000, 0x0000000100000000)
  eden space 66048K, 0% used [0x00000000e0000000,0x00000000e0000000,0x00000000e4080000)
  from space 11264K, 86% used [0x00000000e4080000,0x00000000e4a11100,0x00000000e4b80000)
  to   space 12288K, 0% used [0x00000000e6500000,0x00000000e6500000,0x00000000e7100000)
 ParOldGen       total 59904K, used 9590K [0x00000000a0000000, 0x00000000a3a80000, 0x00000000e0000000)
  object space 59904K, 16% used [0x00000000a0000000,0x00000000a095dbd8,0x00000000a3a80000)
 Metaspace       used 34503K, capacity 35398K, committed 35456K, reserved 1079296K
  class space    used 4737K, capacity 4966K, committed 4992K, reserved 1048576K
Event: 3.120 GC heap after
Heap after GC invocations=11 (full 2):
 PSYoungGen      total 77312K, used 0K [0x00000000e0000000, 0x00000000e7100000, 0x0000000100000000)
  eden space 66048K, 0% used [0x00000000e0000000,0x00000000e0000000,0x00000000e4080000)
  from space 11264K, 0% used [0x00000000e4080000,0x00000000e4080000,0x00000000e4b80000)
  to   space 12288K, 0% used [0x00000000e6500000,0x00000000e6500000,0x00000000e7100000)
 ParOldGen       total 59904K, used 16961K [0x00000000a0000000, 0x00000000a3a80000, 0x00000000e0000000)
  object space 59904K, 28% used [0x00000000a0000000,0x00000000a1090668,0x00000000a3a80000)
 Metaspace       used 34487K, capacity 35344K, committed 35456K, reserved 1079296K
  class space    used 4732K, capacity 4957K, committed 4992K, reserved 1048576K
}

Deoptimization events (10 events):
Event: 2.274 Thread 0x000000001b017000 Uncommon trap: reason=unstable_if action=reinterpret pc=0x00000000037b7ef0 method=java.util.LinkedHashMap.afterNodeInsertion(Z)V @ 1
Event: 2.393 Thread 0x000000001b017000 Uncommon trap: reason=class_check action=maybe_recompile pc=0x0000000003b05d2c method=sun.misc.URLClassPath.getLoader(I)Lsun/misc/URLClassPath$Loader; @ 94
Event: 2.396 Thread 0x000000001b017000 Uncommon trap: reason=class_check action=maybe_recompile pc=0x0000000003b207e4 method=sun.misc.URLClassPath.getLoader(I)Lsun/misc/URLClassPath$Loader; @ 239
Event: 2.453 Thread 0x000000001b017000 Uncommon trap: reason=unstable_if action=reinterpret pc=0x000000000377643c method=java.io.WinNTFileSystem.resolve(Ljava/lang/String;Ljava/lang/String;)Ljava/lang/String; @ 49
Event: 2.932 Thread 0x000000001e52f000 Uncommon trap: reason=class_check action=maybe_recompile pc=0x0000000003ad7860 method=java.util.concurrent.ConcurrentHashMap.putVal(Ljava/lang/Object;Ljava/lang/Object;Z)Ljava/lang/Object; @ 192
Event: 2.932 Thread 0x000000001e529000 Uncommon trap: reason=unstable_if action=reinterpret pc=0x0000000003e84bec method=java.util.concurrent.ConcurrentHashMap.get(Ljava/lang/Object;)Ljava/lang/Object; @ 86
Event: 2.932 Thread 0x000000001e528000 Uncommon trap: reason=unstable_if action=reinterpret pc=0x0000000003e84bec method=java.util.concurrent.ConcurrentHashMap.get(Ljava/lang/Object;)Ljava/lang/Object; @ 86
Event: 2.932 Thread 0x000000001e529800 Uncommon trap: reason=class_check action=maybe_recompile pc=0x0000000003ad7860 method=java.util.concurrent.ConcurrentHashMap.putVal(Ljava/lang/Object;Ljava/lang/Object;Z)Ljava/lang/Object; @ 192
Event: 2.932 Thread 0x000000001e52d800 Uncommon trap: reason=class_check action=maybe_recompile pc=0x0000000003ad7860 method=java.util.concurrent.ConcurrentHashMap.putVal(Ljava/lang/Object;Ljava/lang/Object;Z)Ljava/lang/Object; @ 192
Event: 3.127 Thread 0x000000001b017000 Uncommon trap: reason=range_check action=make_not_entrant pc=0x0000000003e57974 method=java.lang.String.charAt(I)C @ 27

Classes redefined (0 events):
No events

Internal exceptions (10 events):
Event: 3.049 Thread 0x000000001b017000 Exception <a 'java/security/PrivilegedActionException'> (0x00000000e2d676f8) thrown at [D:\src\AOSP-openjdk-cygwin\jdk8u\hotspot\src\share\vm\prims\jvm.cpp, line 1502]
Event: 3.049 Thread 0x000000001b017000 Exception <a 'java/security/PrivilegedActionException'> (0x00000000e2d68290) thrown at [D:\src\AOSP-openjdk-cygwin\jdk8u\hotspot\src\share\vm\prims\jvm.cpp, line 1502]
Event: 3.049 Thread 0x000000001b017000 Exception <a 'java/security/PrivilegedActionException'> (0x00000000e2d6af70) thrown at [D:\src\AOSP-openjdk-cygwin\jdk8u\hotspot\src\share\vm\prims\jvm.cpp, line 1502]
Event: 3.049 Thread 0x000000001b017000 Exception <a 'java/security/PrivilegedActionException'> (0x00000000e2d6bb08) thrown at [D:\src\AOSP-openjdk-cygwin\jdk8u\hotspot\src\share\vm\prims\jvm.cpp, line 1502]
Event: 3.049 Thread 0x000000001b017000 Exception <a 'java/security/PrivilegedActionException'> (0x00000000e2d6e8d8) thrown at [D:\src\AOSP-openjdk-cygwin\jdk8u\hotspot\src\share\vm\prims\jvm.cpp, line 1502]
Event: 3.049 Thread 0x000000001b017000 Exception <a 'java/security/PrivilegedActionException'> (0x00000000e2d6f470) thrown at [D:\src\AOSP-openjdk-cygwin\jdk8u\hotspot\src\share\vm\prims\jvm.cpp, line 1502]
Event: 3.051 Thread 0x000000001b017000 Exception <a 'java/lang/ClassNotFoundException': org/gradle/api/internal/project/DefaultProject_DecoratedBeanInfo> (0x00000000e2d860e8) thrown at [D:\src\AOSP-openjdk-cygwin\jdk8u\hotspot\src\share\vm\classfile\systemDictionary.cpp, line 210]
Event: 3.052 Thread 0x000000001b017000 Exception <a 'java/lang/ClassNotFoundException': org/gradle/api/internal/project/DefaultProjectBeanInfo> (0x00000000e2dbcc80) thrown at [D:\src\AOSP-openjdk-cygwin\jdk8u\hotspot\src\share\vm\classfile\systemDictionary.cpp, line 210]
Event: 3.052 Thread 0x000000001b017000 Exception <a 'java/lang/ClassNotFoundException': org/gradle/api/internal/project/DefaultProjectCustomizer> (0x00000000e2df5230) thrown at [D:\src\AOSP-openjdk-cygwin\jdk8u\hotspot\src\share\vm\classfile\systemDictionary.cpp, line 210]
Event: 3.054 Thread 0x000000001b017000 Exception <a 'java/lang/ClassNotFoundException': org/gradle/api/internal/project/DefaultProject_DecoratedCustomizer> (0x00000000e2f014d0) thrown at [D:\src\AOSP-openjdk-cygwin\jdk8u\hotspot\src\share\vm\classfile\systemDictionary.cpp, line 210]

Events (10 events):
Event: 3.139 loading class com/google/common/collect/SortedIterables
Event: 3.139 loading class com/google/common/collect/SortedIterables done
Event: 3.139 loading class org/gradle/internal/reflect/annotations/impl/DefaultTypeAnnotationMetadataStore$PropertyAnnotationMetadataBuilder
Event: 3.139 loading class org/gradle/internal/reflect/annotations/impl/DefaultTypeAnnotationMetadataStore$PropertyAnnotationMetadataBuilder done
Event: 3.139 loading class org/gradle/internal/reflect/annotations/impl/DefaultTypeAnnotationMetadataStore
Event: 3.139 loading class org/gradle/internal/reflect/annotations/impl/DefaultTypeAnnotationMetadataStore done
Event: 3.140 loading class org/gradle/internal/reflect/annotations/PropertyAnnotationMetadata
Event: 3.140 loading class org/gradle/internal/reflect/annotations/PropertyAnnotationMetadata done
Event: 3.140 loading class com/google/common/collect/HashMultimap
Event: 3.140 loading class com/google/common/collect/HashMultimap done


Dynamic libraries:
0x00007ff7ece00000 - 0x00007ff7ece31000 	C:\Program Files\Android\Android Studio\jre\bin\java.exe
0x00007fffc0ae0000 - 0x00007fffc0cd0000 	C:\WINDOWS\SYSTEM32\ntdll.dll
0x00007fffc09e0000 - 0x00007fffc0a92000 	C:\WINDOWS\System32\KERNEL32.DLL
0x00007fffbdb50000 - 0x00007fffbddf3000 	C:\WINDOWS\System32\KERNELBASE.dll
0x00007fffbf9e0000 - 0x00007fffbfa83000 	C:\WINDOWS\System32\ADVAPI32.dll
0x00007fffbf5a0000 - 0x00007fffbf63e000 	C:\WINDOWS\System32\msvcrt.dll
0x00007fffbf940000 - 0x00007fffbf9d7000 	C:\WINDOWS\System32\sechost.dll
0x00007fffbf6c0000 - 0x00007fffbf7e0000 	C:\WINDOWS\System32\RPCRT4.dll
0x00007fffbfd70000 - 0x00007fffbff04000 	C:\WINDOWS\System32\USER32.dll
0x00007fffbdb20000 - 0x00007fffbdb41000 	C:\WINDOWS\System32\win32u.dll
0x00007fffbec20000 - 0x00007fffbec46000 	C:\WINDOWS\System32\GDI32.dll
0x00007fffbdf30000 - 0x00007fffbe0c4000 	C:\WINDOWS\System32\gdi32full.dll
0x00007fffbe3d0000 - 0x00007fffbe46e000 	C:\WINDOWS\System32\msvcp_win.dll
0x00007fffbe120000 - 0x00007fffbe21a000 	C:\WINDOWS\System32\ucrtbase.dll
0x00007fffa9a90000 - 0x00007fffa9d15000 	C:\WINDOWS\WinSxS\amd64_microsoft.windows.common-controls_6595b64144ccf1df_6.0.18362.720_none_e6beb5c51314836b\COMCTL32.dll
0x00007fffc0010000 - 0x00007fffc0346000 	C:\WINDOWS\System32\combase.dll
0x00007fffbde00000 - 0x00007fffbde80000 	C:\WINDOWS\System32\bcryptPrimitives.dll
0x00007fffbebf0000 - 0x00007fffbec1e000 	C:\WINDOWS\System32\IMM32.DLL
0x0000000055080000 - 0x0000000055152000 	C:\Program Files\Android\Android Studio\jre\jre\bin\msvcr100.dll
0x0000000055a20000 - 0x0000000056266000 	C:\Program Files\Android\Android Studio\jre\jre\bin\server\jvm.dll
0x00007fffbff10000 - 0x00007fffbff18000 	C:\WINDOWS\System32\PSAPI.DLL
0x00007fffa9f50000 - 0x00007fffa9f59000 	C:\WINDOWS\SYSTEM32\WSOCK32.dll
0x00007fffbb600000 - 0x00007fffbb624000 	C:\WINDOWS\SYSTEM32\WINMM.dll
0x00007fffb8740000 - 0x00007fffb874a000 	C:\WINDOWS\SYSTEM32\VERSION.dll
0x00007fffbec50000 - 0x00007fffbecbf000 	C:\WINDOWS\System32\WS2_32.dll
0x00007fffbb4f0000 - 0x00007fffbb51d000 	C:\WINDOWS\SYSTEM32\winmmbase.dll
0x00007fffbdad0000 - 0x00007fffbdb1a000 	C:\WINDOWS\System32\cfgmgr32.dll
0x00007fffa9db0000 - 0x00007fffa9dbf000 	C:\Program Files\Android\Android Studio\jre\jre\bin\verify.dll
0x00007fffa9370000 - 0x00007fffa9399000 	C:\Program Files\Android\Android Studio\jre\jre\bin\java.dll
0x00007fffa9d40000 - 0x00007fffa9d56000 	C:\Program Files\Android\Android Studio\jre\jre\bin\zip.dll
0x00007fffbede0000 - 0x00007fffbf4c5000 	C:\WINDOWS\System32\SHELL32.dll
0x00007fffbfcc0000 - 0x00007fffbfd69000 	C:\WINDOWS\System32\shcore.dll
0x00007fffbe470000 - 0x00007fffbebf0000 	C:\WINDOWS\System32\windows.storage.dll
0x00007fffbda60000 - 0x00007fffbda83000 	C:\WINDOWS\System32\profapi.dll
0x00007fffbda10000 - 0x00007fffbda5a000 	C:\WINDOWS\System32\powrprof.dll
0x00007fffbda00000 - 0x00007fffbda10000 	C:\WINDOWS\System32\UMPDC.dll
0x00007fffbecd0000 - 0x00007fffbed22000 	C:\WINDOWS\System32\shlwapi.dll
0x00007fffbdab0000 - 0x00007fffbdac1000 	C:\WINDOWS\System32\kernel.appcore.dll
0x00007fffbe0d0000 - 0x00007fffbe0e7000 	C:\WINDOWS\System32\cryptsp.dll
0x00007fffa9750000 - 0x00007fffa976a000 	C:\Program Files\Android\Android Studio\jre\jre\bin\net.dll
0x00007fffb2b50000 - 0x00007fffb2d25000 	C:\WINDOWS\SYSTEM32\urlmon.dll
0x00007fffb3760000 - 0x00007fffb3a06000 	C:\WINDOWS\SYSTEM32\iertutil.dll
0x00007fffbd440000 - 0x00007fffbd44c000 	C:\WINDOWS\SYSTEM32\CRYPTBASE.DLL
0x00007fffbd270000 - 0x00007fffbd2d7000 	C:\WINDOWS\system32\mswsock.dll
0x00007fffa8bb0000 - 0x00007fffa8bc3000 	C:\Program Files\Android\Android Studio\jre\jre\bin\nio.dll
0x00007fffa4370000 - 0x00007fffa4396000 	C:\Users\Subin\.gradle\native\30\windows-amd64\native-platform.dll
0x00007fffa8b30000 - 0x00007fffa8b3d000 	C:\Program Files\Android\Android Studio\jre\jre\bin\management.dll
0x00007fffbcde0000 - 0x00007fffbce13000 	C:\WINDOWS\system32\rsaenh.dll
0x00007fffbe0f0000 - 0x00007fffbe116000 	C:\WINDOWS\System32\bcrypt.dll
0x00007fffbd920000 - 0x00007fffbd945000 	C:\WINDOWS\SYSTEM32\USERENV.dll
0x00007fffbcf80000 - 0x00007fffbcfba000 	C:\WINDOWS\SYSTEM32\IPHLPAPI.DLL
0x00007fffbecc0000 - 0x00007fffbecc8000 	C:\WINDOWS\System32\NSI.dll
0x00007fffb79b0000 - 0x00007fffb79c6000 	C:\WINDOWS\SYSTEM32\dhcpcsvc6.DLL
0x00007fffb84e0000 - 0x00007fffb84fc000 	C:\WINDOWS\SYSTEM32\dhcpcsvc.DLL
0x00007fffbcfc0000 - 0x00007fffbd08a000 	C:\WINDOWS\SYSTEM32\DNSAPI.dll

VM Arguments:
jvm_args: -Xmx1536m -Dfile.encoding=x-windows-949 -Duser.country=KR -Duser.language=ko -Duser.variant 
java_command: org.gradle.launcher.daemon.bootstrap.GradleDaemon 5.6.4
java_class_path (initial): C:\Users\Subin\.gradle\wrapper\dists\gradle-5.6.4-all\ankdp27end7byghfw1q2sw75f\gradle-5.6.4\lib\gradle-launcher-5.6.4.jar
Launcher Type: SUN_STANDARD

Environment Variables:
PATH=C:\Program Files (x86)\NAT Service;C:\WINDOWS\system32;C:\WINDOWS;C:\WINDOWS\System32\Wbem;C:\WINDOWS\System32\WindowsPowerShell\v1.0\;C:\WINDOWS\System32\OpenSSH\;C:\Program Files (x86)\Brackets\command;C:\Program Files\Git\cmd;C:\Users\Subin\AppData\Local\Microsoft\WindowsApps;C:\Program Files\Bandizip\;
USERNAME=Subin
OS=Windows_NT
PROCESSOR_IDENTIFIER=Intel64 Family 6 Model 158 Stepping 10, GenuineIntel



---------------  S Y S T E M  ---------------

OS: Windows 10.0 , 64 bit Build 18362 (10.0.18362.329)

CPU:total 6 (initial active 6) (6 cores per cpu, 1 threads per core) family 6 model 158 stepping 10, cmov, cx8, fxsr, mmx, sse, sse2, sse3, ssse3, sse4.1, sse4.2, popcnt, avx, avx2, aes, clmul, erms, 3dnowpref, lzcnt, tsc, tscinvbit, bmi1, bmi2, adx

Memory: 4k page, physical 8320968k(2784940k free), swap 8320968k(5288k free)

vm_info: OpenJDK 64-Bit Server VM (25.212-b04) for windows-amd64 JRE (1.8.0_212-release-1586-b04), built by "builder" with MS VC++ 10.0 (VS2010)

time: Mon Mar 16 03:36:44 2020
timezone: 대한민국 표준시
elapsed time: 3 seconds (0d 0h 0m 3s)

