#
# There is insufficient memory for the Java Runtime Environment to continue.
# Native memory allocation (malloc) failed to allocate 877056 bytes for Chunk::new
# Possible reasons:
#   The system is out of physical RAM or swap space
#   The process is running with CompressedOops enabled, and the Java Heap may be blocking the growth of the native heap
# Possible solutions:
#   Reduce memory load on the system
#   Increase physical memory or swap space
#   Check if swap backing store is full
#   Decrease Java heap size (-Xmx/-Xms)
#   Decrease number of Java threads
#   Decrease Java thread stack sizes (-Xss)
#   Set larger code cache with -XX:ReservedCodeCacheSize=
#   JVM is running with Unscaled Compressed Oops mode in which the Java heap is
#     placed in the first 4GB address space. The Java Heap base address is the
#     maximum limit for the native heap growth. Please use -XX:HeapBaseMinAddress
#     to set the Java Heap base and to place the Java Heap above 4GB virtual address.
# This output file may be truncated or incomplete.
#
#  Out of Memory Error (allocation.cpp:389), pid=16920, tid=0x0000000000004094
#
# JRE version: OpenJDK Runtime Environment (8.0_212-b04) (build 1.8.0_212-release-1586-b04)
# Java VM: OpenJDK 64-Bit Server VM (25.212-b04 mixed mode windows-amd64 compressed oops)
# Failed to write core dump. Minidumps are not enabled by default on client versions of Windows
#

---------------  T H R E A D  ---------------

Current thread (0x0000000018c1b000):  JavaThread "C2 CompilerThread0" daemon [_thread_in_native, id=16532, stack(0x00000000191d0000,0x00000000192d0000)]

Stack: [0x00000000191d0000,0x00000000192d0000]
[error occurred during error reporting (printing stack bounds), id 0xc0000005]

Native frames: (J=compiled Java code, j=interpreted, Vv=VM code, C=native code)


Current CompileTask:
C2:   3000 3196       4       groovy.lang.MetaClassImpl$1MOPIter::methodNameAction (325 bytes)


---------------  P R O C E S S  ---------------

Java Threads: ( => current thread )
  0x000000001dbce000 JavaThread "Build operations Thread 6" [_thread_blocked, id=17012, stack(0x0000000022ca0000,0x0000000022da0000)]
  0x000000001dbc9800 JavaThread "Build operations Thread 5" [_thread_blocked, id=16976, stack(0x0000000022ba0000,0x0000000022ca0000)]
  0x000000001dbc8000 JavaThread "Build operations Thread 4" [_thread_blocked, id=16436, stack(0x0000000022aa0000,0x0000000022ba0000)]
  0x000000001dbcb000 JavaThread "Build operations Thread 3" [_thread_blocked, id=16416, stack(0x00000000229a0000,0x0000000022aa0000)]
  0x000000001dbc6800 JavaThread "Build operations Thread 2" [_thread_blocked, id=16620, stack(0x0000000022640000,0x0000000022740000)]
  0x000000001dbcd000 JavaThread "Build operations" [_thread_blocked, id=16780, stack(0x00000000222a0000,0x00000000223a0000)]
  0x000000001dbc8800 JavaThread "Cache worker for execution history cache (C:\Users\Subin\.gradle\caches\5.6.4\executionHistory)" [_thread_blocked, id=15448, stack(0x0000000021fa0000,0x00000000220a0000)]
  0x000000001dbcc800 JavaThread "Cache worker for cache directory md-rule (C:\Users\Subin\.gradle\caches\5.6.4\md-rule)" [_thread_blocked, id=9212, stack(0x0000000020c00000,0x0000000020d00000)]
  0x000000001dbcb800 JavaThread "Cache worker for cache directory md-supplier (C:\Users\Subin\.gradle\caches\5.6.4\md-supplier)" [_thread_blocked, id=16508, stack(0x000000001f8f0000,0x000000001f9f0000)]
  0x000000001a206800 JavaThread "Cache worker for file hash cache (C:\Users\Subin\Desktop\StudyRoomInfo.0.1.6\.gradle\5.6.4\fileHashes)" [_thread_blocked, id=16524, stack(0x000000001f3f0000,0x000000001f4f0000)]
  0x000000001a205800 JavaThread "Cache worker for journal cache (C:\Users\Subin\.gradle\caches\journal-1)" [_thread_blocked, id=15500, stack(0x000000001d150000,0x000000001d250000)]
  0x000000001a20c800 JavaThread "File lock request listener" [_thread_in_native, id=752, stack(0x000000001d050000,0x000000001d150000)]
  0x000000001a208000 JavaThread "Cache worker for file hash cache (C:\Users\Subin\.gradle\caches\5.6.4\fileHashes)" [_thread_blocked, id=16752, stack(0x000000001cf50000,0x000000001d050000)]
  0x000000001b282800 JavaThread "Thread-9" [_thread_blocked, id=2296, stack(0x000000001cc50000,0x000000001cd50000)]
  0x000000001b29c800 JavaThread "Stdin handler" [_thread_blocked, id=16948, stack(0x000000001cb50000,0x000000001cc50000)]
  0x000000001b26a000 JavaThread "Asynchronous log dispatcher for DefaultDaemonConnection: socket connection from /127.0.0.1:50324 to /127.0.0.1:50325" [_thread_blocked, id=15444, stack(0x000000001ca50000,0x000000001cb50000)]
  0x000000001b278000 JavaThread "Daemon worker" [_thread_in_vm, id=12624, stack(0x000000001c950000,0x000000001ca50000)]
  0x000000001b241000 JavaThread "Cancel handler" [_thread_blocked, id=16092, stack(0x000000001c850000,0x000000001c950000)]
  0x000000001b175000 JavaThread "Handler for socket connection from /127.0.0.1:50324 to /127.0.0.1:50325" [_thread_in_native, id=17152, stack(0x000000001c550000,0x000000001c650000)]
  0x000000001b174800 JavaThread "Daemon" [_thread_blocked, id=17216, stack(0x000000001c450000,0x000000001c550000)]
  0x000000001b15e000 JavaThread "Daemon periodic checks" [_thread_blocked, id=17128, stack(0x000000001c350000,0x000000001c450000)]
  0x000000001b183800 JavaThread "Incoming local TCP Connector on port 50324" [_thread_in_native, id=16724, stack(0x000000001c170000,0x000000001c270000)]
  0x0000000019a2a800 JavaThread "Daemon health stats" [_thread_blocked, id=11068, stack(0x000000001be70000,0x000000001bf70000)]
  0x0000000018ca2800 JavaThread "Service Thread" daemon [_thread_blocked, id=17116, stack(0x00000000194d0000,0x00000000195d0000)]
  0x0000000018c1e000 JavaThread "C1 CompilerThread2" daemon [_thread_in_native, id=14244, stack(0x00000000193d0000,0x00000000194d0000)]
  0x000000001723e800 JavaThread "C2 CompilerThread1" daemon [_thread_in_native, id=1376, stack(0x00000000192d0000,0x00000000193d0000)]
=>0x0000000018c1b000 JavaThread "C2 CompilerThread0" daemon [_thread_in_native, id=16532, stack(0x00000000191d0000,0x00000000192d0000)]
  0x0000000018c1a000 JavaThread "Attach Listener" daemon [_thread_blocked, id=17040, stack(0x00000000190d0000,0x00000000191d0000)]
  0x0000000017231000 JavaThread "Signal Dispatcher" daemon [_thread_blocked, id=15856, stack(0x0000000018fd0000,0x00000000190d0000)]
  0x000000000366c000 JavaThread "Finalizer" daemon [_thread_blocked, id=8080, stack(0x0000000018ad0000,0x0000000018bd0000)]
  0x0000000003665800 JavaThread "Reference Handler" daemon [_thread_blocked, id=5624, stack(0x00000000189d0000,0x0000000018ad0000)]
  0x000000000346d800 JavaThread "main" [_thread_blocked, id=15936, stack(0x0000000003470000,0x0000000003570000)]

Other Threads:
  0x00000000171e7000 VMThread [stack: 0x00000000188d0000,0x00000000189d0000] [id=2112]
  0x0000000018ca3000 WatcherThread [stack: 0x00000000195d0000,0x00000000196d0000] [id=17328]

VM state:not at safepoint (normal execution)

VM Mutex/Monitor currently owned by a thread: None

heap address: 0x00000000a0000000, size: 1536 MB, Compressed Oops mode: 32-bit
Narrow klass base: 0x0000000000000000, Narrow klass shift: 3
Compressed class space size: 1073741824 Address: 0x0000000100000000

Heap:
 PSYoungGen      total 121856K, used 7067K [0x00000000e0000000, 0x00000000e8280000, 0x0000000100000000)
  eden space 110080K, 6% used [0x00000000e0000000,0x00000000e06e6d40,0x00000000e6b80000)
  from space 11776K, 0% used [0x00000000e6b80000,0x00000000e6b80000,0x00000000e7700000)
  to   space 11264K, 0% used [0x00000000e7700000,0x00000000e7700000,0x00000000e8200000)
 ParOldGen       total 58368K, used 17046K [0x00000000a0000000, 0x00000000a3900000, 0x00000000e0000000)
  object space 58368K, 29% used [0x00000000a0000000,0x00000000a10a5868,0x00000000a3900000)
 Metaspace       used 34765K, capacity 35634K, committed 35840K, reserved 1079296K
  class space    used 4784K, capacity 5004K, committed 5120K, reserved 1048576K

Card table byte_map: [0x0000000012a30000,0x0000000012d40000] byte_map_base: 0x0000000012530000

Marking Bits: (ParMarkBitMap*) 0x00000000561e9f30
 Begin Bits: [0x0000000013540000, 0x0000000014d40000)
 End Bits:   [0x0000000014d40000, 0x0000000016540000)

Polling page: 0x0000000000fe0000

CodeCache: size=245760Kb used=11349Kb max_used=11349Kb free=234411Kb
 bounds [0x0000000003670000, 0x0000000004190000, 0x0000000012670000]
 total_blobs=3960 nmethods=3256 adapters=616
 compilation: enabled

Compilation events (10 events):
Event: 2.992 Thread 0x0000000018c1e000 nmethod 3254 0x000000000417ca90 code [0x000000000417cc00, 0x000000000417ce70]
Event: 2.993 Thread 0x0000000018c1e000 3255       3       org.codehaus.groovy.util.ReferenceType$2::createReference (11 bytes)
Event: 2.994 Thread 0x0000000018c1e000 nmethod 3255 0x000000000417cf90 code [0x000000000417d120, 0x000000000417d510]
Event: 2.994 Thread 0x0000000018c1e000 3256       3       org.codehaus.groovy.util.ReferenceType$WeakRef::<init> (12 bytes)
Event: 2.994 Thread 0x0000000018c1e000 nmethod 3256 0x000000000417d710 code [0x000000000417d880, 0x000000000417dbb0]
Event: 2.994 Thread 0x0000000018c1e000 3257       3       java.util.Arrays::sort (24 bytes)
Event: 2.994 Thread 0x0000000018c1e000 nmethod 3257 0x000000000417dd10 code [0x000000000417de80, 0x000000000417e088]
Event: 2.995 Thread 0x0000000018c1e000 3259       1       groovy.lang.MetaClassImpl$MethodIndexAction::skipClass (2 bytes)
Event: 2.995 Thread 0x0000000018c1e000 nmethod 3259 0x000000000417e150 code [0x000000000417e2a0, 0x000000000417e3b0]
Event: 2.998 Thread 0x0000000018c1e000 3260       3       sun.reflect.generics.reflectiveObjects.WildcardTypeImpl::getLowerBounds (72 bytes)

GC Heap History (10 events):
Event: 1.823 GC heap before
{Heap before GC invocations=7 (full 1):
 PSYoungGen      total 76800K, used 8567K [0x00000000e0000000, 0x00000000e5700000, 0x0000000100000000)
  eden space 66048K, 0% used [0x00000000e0000000,0x00000000e0000000,0x00000000e4080000)
  from space 10752K, 79% used [0x00000000e4b80000,0x00000000e53dde68,0x00000000e5600000)
  to   space 11264K, 0% used [0x00000000e4080000,0x00000000e4080000,0x00000000e4b80000)
 ParOldGen       total 87552K, used 8208K [0x00000000a0000000, 0x00000000a5580000, 0x00000000e0000000)
  object space 87552K, 9% used [0x00000000a0000000,0x00000000a0804048,0x00000000a5580000)
 Metaspace       used 20634K, capacity 21182K, committed 21296K, reserved 1067008K
  class space    used 2973K, capacity 3133K, committed 3200K, reserved 1048576K
Event: 1.843 GC heap after
Heap after GC invocations=7 (full 1):
 PSYoungGen      total 76800K, used 0K [0x00000000e0000000, 0x00000000e5700000, 0x0000000100000000)
  eden space 66048K, 0% used [0x00000000e0000000,0x00000000e0000000,0x00000000e4080000)
  from space 10752K, 0% used [0x00000000e4b80000,0x00000000e4b80000,0x00000000e5600000)
  to   space 11264K, 0% used [0x00000000e4080000,0x00000000e4080000,0x00000000e4b80000)
 ParOldGen       total 58368K, used 9569K [0x00000000a0000000, 0x00000000a3900000, 0x00000000e0000000)
  object space 58368K, 16% used [0x00000000a0000000,0x00000000a0958430,0x00000000a3900000)
 Metaspace       used 20634K, capacity 21182K, committed 21296K, reserved 1067008K
  class space    used 2973K, capacity 3133K, committed 3200K, reserved 1048576K
}
Event: 2.312 GC heap before
{Heap before GC invocations=8 (full 1):
 PSYoungGen      total 76800K, used 66048K [0x00000000e0000000, 0x00000000e5700000, 0x0000000100000000)
  eden space 66048K, 100% used [0x00000000e0000000,0x00000000e4080000,0x00000000e4080000)
  from space 10752K, 0% used [0x00000000e4b80000,0x00000000e4b80000,0x00000000e5600000)
  to   space 11264K, 0% used [0x00000000e4080000,0x00000000e4080000,0x00000000e4b80000)
 ParOldGen       total 58368K, used 9569K [0x00000000a0000000, 0x00000000a3900000, 0x00000000e0000000)
  object space 58368K, 16% used [0x00000000a0000000,0x00000000a0958430,0x00000000a3900000)
 Metaspace       used 29050K, capacity 29570K, committed 29696K, reserved 1075200K
  class space    used 3913K, capacity 4069K, committed 4096K, reserved 1048576K
Event: 2.320 GC heap after
Heap after GC invocations=8 (full 1):
 PSYoungGen      total 77312K, used 8025K [0x00000000e0000000, 0x00000000e8200000, 0x0000000100000000)
  eden space 66048K, 0% used [0x00000000e0000000,0x00000000e0000000,0x00000000e4080000)
  from space 11264K, 71% used [0x00000000e4080000,0x00000000e4856508,0x00000000e4b80000)
  to   space 11264K, 0% used [0x00000000e7700000,0x00000000e7700000,0x00000000e8200000)
 ParOldGen       total 58368K, used 9577K [0x00000000a0000000, 0x00000000a3900000, 0x00000000e0000000)
  object space 58368K, 16% used [0x00000000a0000000,0x00000000a095a430,0x00000000a3900000)
 Metaspace       used 29050K, capacity 29570K, committed 29696K, reserved 1075200K
  class space    used 3913K, capacity 4069K, committed 4096K, reserved 1048576K
}
Event: 2.600 GC heap before
{Heap before GC invocations=9 (full 1):
 PSYoungGen      total 77312K, used 74073K [0x00000000e0000000, 0x00000000e8200000, 0x0000000100000000)
  eden space 66048K, 100% used [0x00000000e0000000,0x00000000e4080000,0x00000000e4080000)
  from space 11264K, 71% used [0x00000000e4080000,0x00000000e4856508,0x00000000e4b80000)
  to   space 11264K, 0% used [0x00000000e7700000,0x00000000e7700000,0x00000000e8200000)
 ParOldGen       total 58368K, used 9577K [0x00000000a0000000, 0x00000000a3900000, 0x00000000e0000000)
  object space 58368K, 16% used [0x00000000a0000000,0x00000000a095a430,0x00000000a3900000)
 Metaspace       used 32192K, capacity 32832K, committed 33152K, reserved 1077248K
  class space    used 4420K, capacity 4623K, committed 4736K, reserved 1048576K
Event: 2.606 GC heap after
Heap after GC invocations=9 (full 1):
 PSYoungGen      total 121344K, used 8590K [0x00000000e0000000, 0x00000000e8280000, 0x0000000100000000)
  eden space 110080K, 0% used [0x00000000e0000000,0x00000000e0000000,0x00000000e6b80000)
  from space 11264K, 76% used [0x00000000e7700000,0x00000000e7f63a00,0x00000000e8200000)
  to   space 11776K, 0% used [0x00000000e6b80000,0x00000000e6b80000,0x00000000e7700000)
 ParOldGen       total 58368K, used 9585K [0x00000000a0000000, 0x00000000a3900000, 0x00000000e0000000)
  object space 58368K, 16% used [0x00000000a0000000,0x00000000a095c430,0x00000000a3900000)
 Metaspace       used 32192K, capacity 32832K, committed 33152K, reserved 1077248K
  class space    used 4420K, capacity 4623K, committed 4736K, reserved 1048576K
}
Event: 2.935 GC heap before
{Heap before GC invocations=10 (full 1):
 PSYoungGen      total 121344K, used 61486K [0x00000000e0000000, 0x00000000e8280000, 0x0000000100000000)
  eden space 110080K, 48% used [0x00000000e0000000,0x00000000e33a7f88,0x00000000e6b80000)
  from space 11264K, 76% used [0x00000000e7700000,0x00000000e7f63a00,0x00000000e8200000)
  to   space 11776K, 0% used [0x00000000e6b80000,0x00000000e6b80000,0x00000000e7700000)
 ParOldGen       total 58368K, used 9585K [0x00000000a0000000, 0x00000000a3900000, 0x00000000e0000000)
  object space 58368K, 16% used [0x00000000a0000000,0x00000000a095c430,0x00000000a3900000)
 Metaspace       used 34518K, capacity 35394K, committed 35456K, reserved 1079296K
  class space    used 4742K, capacity 4966K, committed 4992K, reserved 1048576K
Event: 2.941 GC heap after
Heap after GC invocations=10 (full 1):
 PSYoungGen      total 121856K, used 9978K [0x00000000e0000000, 0x00000000e8280000, 0x0000000100000000)
  eden space 110080K, 0% used [0x00000000e0000000,0x00000000e0000000,0x00000000e6b80000)
  from space 11776K, 84% used [0x00000000e6b80000,0x00000000e753eb50,0x00000000e7700000)
  to   space 11264K, 0% used [0x00000000e7700000,0x00000000e7700000,0x00000000e8200000)
 ParOldGen       total 58368K, used 9593K [0x00000000a0000000, 0x00000000a3900000, 0x00000000e0000000)
  object space 58368K, 16% used [0x00000000a0000000,0x00000000a095e430,0x00000000a3900000)
 Metaspace       used 34518K, capacity 35394K, committed 35456K, reserved 1079296K
  class space    used 4742K, capacity 4966K, committed 4992K, reserved 1048576K
}
Event: 2.941 GC heap before
{Heap before GC invocations=11 (full 2):
 PSYoungGen      total 121856K, used 9978K [0x00000000e0000000, 0x00000000e8280000, 0x0000000100000000)
  eden space 110080K, 0% used [0x00000000e0000000,0x00000000e0000000,0x00000000e6b80000)
  from space 11776K, 84% used [0x00000000e6b80000,0x00000000e753eb50,0x00000000e7700000)
  to   space 11264K, 0% used [0x00000000e7700000,0x00000000e7700000,0x00000000e8200000)
 ParOldGen       total 58368K, used 9593K [0x00000000a0000000, 0x00000000a3900000, 0x00000000e0000000)
  object space 58368K, 16% used [0x00000000a0000000,0x00000000a095e430,0x00000000a3900000)
 Metaspace       used 34518K, capacity 35394K, committed 35456K, reserved 1079296K
  class space    used 4742K, capacity 4966K, committed 4992K, reserved 1048576K
Event: 2.971 GC heap after
Heap after GC invocations=11 (full 2):
 PSYoungGen      total 121856K, used 0K [0x00000000e0000000, 0x00000000e8280000, 0x0000000100000000)
  eden space 110080K, 0% used [0x00000000e0000000,0x00000000e0000000,0x00000000e6b80000)
  from space 11776K, 0% used [0x00000000e6b80000,0x00000000e6b80000,0x00000000e7700000)
  to   space 11264K, 0% used [0x00000000e7700000,0x00000000e7700000,0x00000000e8200000)
 ParOldGen       total 58368K, used 17046K [0x00000000a0000000, 0x00000000a3900000, 0x00000000e0000000)
  object space 58368K, 29% used [0x00000000a0000000,0x00000000a10a5868,0x00000000a3900000)
 Metaspace       used 34502K, capacity 35340K, committed 35456K, reserved 1079296K
  class space    used 4737K, capacity 4957K, committed 4992K, reserved 1048576K
}

Deoptimization events (10 events):
Event: 2.311 Thread 0x000000001b278000 Uncommon trap: reason=class_check action=maybe_recompile pc=0x0000000003c777f8 method=sun.misc.URLClassPath.getLoader(I)Lsun/misc/URLClassPath$Loader; @ 239
Event: 2.360 Thread 0x000000001b278000 Uncommon trap: reason=unstable_if action=reinterpret pc=0x000000000391b83c method=java.io.WinNTFileSystem.resolve(Ljava/lang/String;Ljava/lang/String;)Ljava/lang/String; @ 49
Event: 2.805 Thread 0x000000001dbcb000 Uncommon trap: reason=class_check action=maybe_recompile pc=0x0000000003c5af68 method=java.util.concurrent.ConcurrentHashMap.putVal(Ljava/lang/Object;Ljava/lang/Object;Z)Ljava/lang/Object; @ 192
Event: 2.805 Thread 0x000000001dbcb000 Uncommon trap: reason=unstable_if action=reinterpret pc=0x0000000004019eac method=java.util.concurrent.ConcurrentHashMap.get(Ljava/lang/Object;)Ljava/lang/Object; @ 86
Event: 2.805 Thread 0x000000001dbc9800 Uncommon trap: reason=unstable_if action=reinterpret pc=0x0000000004019eac method=java.util.concurrent.ConcurrentHashMap.get(Ljava/lang/Object;)Ljava/lang/Object; @ 86
Event: 2.805 Thread 0x000000001dbce000 Uncommon trap: reason=unstable_if action=reinterpret pc=0x0000000003c5ae28 method=java.util.concurrent.ConcurrentHashMap.putVal(Ljava/lang/Object;Ljava/lang/Object;Z)Ljava/lang/Object; @ 147
Event: 2.805 Thread 0x000000001dbc8000 Uncommon trap: reason=class_check action=maybe_recompile pc=0x0000000003c5af68 method=java.util.concurrent.ConcurrentHashMap.putVal(Ljava/lang/Object;Ljava/lang/Object;Z)Ljava/lang/Object; @ 192
Event: 2.810 Thread 0x000000001dbcd000 Uncommon trap: reason=unstable_if action=reinterpret pc=0x0000000003b0ac1c method=java.util.concurrent.ConcurrentHashMap.addCount(JI)V @ 34
Event: 2.894 Thread 0x000000001b278000 Uncommon trap: reason=unstable_if action=reinterpret pc=0x000000000398030c method=java.util.jar.JarFile.match([C[B[I[I)Z @ 29
Event: 2.976 Thread 0x000000001b278000 Uncommon trap: reason=range_check action=make_not_entrant pc=0x0000000003fc2178 method=java.lang.String.charAt(I)C @ 27

Classes redefined (0 events):
No events

Internal exceptions (10 events):
Event: 2.919 Thread 0x000000001b278000 Exception <a 'java/lang/ClassNotFoundException': org/gradle/api/internal/project/DefaultProject_DecoratedBeanInfo> (0x00000000e30707f8) thrown at [D:\src\AOSP-openjdk-cygwin\jdk8u\hotspot\src\share\vm\classfile\systemDictionary.cpp, line 210]
Event: 2.920 Thread 0x000000001b278000 Exception <a 'java/lang/ClassNotFoundException': org/gradle/api/internal/project/DefaultProjectBeanInfo> (0x00000000e30a7390) thrown at [D:\src\AOSP-openjdk-cygwin\jdk8u\hotspot\src\share\vm\classfile\systemDictionary.cpp, line 210]
Event: 2.920 Thread 0x000000001b278000 Exception <a 'java/lang/ClassNotFoundException': org/gradle/api/internal/project/DefaultProjectCustomizer> (0x00000000e30df940) thrown at [D:\src\AOSP-openjdk-cygwin\jdk8u\hotspot\src\share\vm\classfile\systemDictionary.cpp, line 210]
Event: 2.923 Thread 0x000000001b278000 Exception <a 'java/lang/ClassNotFoundException': org/gradle/api/internal/project/DefaultProject_DecoratedCustomizer> (0x00000000e31ebc80) thrown at [D:\src\AOSP-openjdk-cygwin\jdk8u\hotspot\src\share\vm\classfile\systemDictionary.cpp, line 210]
Event: 2.996 Thread 0x000000001b278000 Exception <a 'java/lang/ClassNotFoundException': org/gradle/api/tasks/Delete_DecoratedBeanInfo> (0x00000000e0406358) thrown at [D:\src\AOSP-openjdk-cygwin\jdk8u\hotspot\src\share\vm\classfile\systemDictionary.cpp, line 210]
Event: 2.996 Thread 0x000000001b278000 Exception <a 'java/lang/ClassNotFoundException': org/gradle/api/tasks/DeleteBeanInfo> (0x00000000e0432e10) thrown at [D:\src\AOSP-openjdk-cygwin\jdk8u\hotspot\src\share\vm\classfile\systemDictionary.cpp, line 210]
Event: 2.996 Thread 0x000000001b278000 Exception <a 'java/lang/ClassNotFoundException': org/gradle/api/internal/ConventionTaskBeanInfo> (0x00000000e0465b18) thrown at [D:\src\AOSP-openjdk-cygwin\jdk8u\hotspot\src\share\vm\classfile\systemDictionary.cpp, line 210]
Event: 2.997 Thread 0x000000001b278000 Exception <a 'java/lang/ClassNotFoundException': org/gradle/api/DefaultTaskBeanInfo> (0x00000000e048fc60) thrown at [D:\src\AOSP-openjdk-cygwin\jdk8u\hotspot\src\share\vm\classfile\systemDictionary.cpp, line 210]
Event: 2.997 Thread 0x000000001b278000 Exception <a 'java/lang/ClassNotFoundException': org/gradle/api/internal/AbstractTaskBeanInfo> (0x00000000e04c1af8) thrown at [D:\src\AOSP-openjdk-cygwin\jdk8u\hotspot\src\share\vm\classfile\systemDictionary.cpp, line 210]
Event: 2.998 Thread 0x000000001b278000 Exception <a 'java/lang/ClassNotFoundException': org/gradle/api/internal/AbstractTaskCustomizer> (0x00000000e04f49c0) thrown at [D:\src\AOSP-openjdk-cygwin\jdk8u\hotspot\src\share\vm\classfile\systemDictionary.cpp, line 210]

Events (10 events):
Event: 2.997 loading class org/gradle/api/internal/AbstractTaskCustomizer
Event: 2.997 loading class org/gradle/api/internal/AbstractTaskCustomizer done
Event: 2.997 loading class org/gradle/api/internal/AbstractTaskCustomizer
Event: 2.997 loading class org/gradle/api/internal/AbstractTaskCustomizer done
Event: 2.997 loading class org/gradle/api/internal/AbstractTaskCustomizer
Event: 2.997 loading class org/gradle/api/internal/AbstractTaskCustomizer done
Event: 2.998 loading class org/gradle/api/internal/AbstractTaskCustomizer
Event: 2.998 loading class org/gradle/api/internal/AbstractTaskCustomizer done
Event: 2.999 loading class org/gradle/api/DefaultTaskCustomizer
Event: 2.999 loading class org/gradle/api/DefaultTaskCustomizer done


Dynamic libraries:
0x00007ff7ece00000 - 0x00007ff7ece31000 	C:\Program Files\Android\Android Studio\jre\bin\java.exe
0x00007fffc0ae0000 - 0x00007fffc0cd0000 	C:\WINDOWS\SYSTEM32\ntdll.dll
0x00007fffc09e0000 - 0x00007fffc0a92000 	C:\WINDOWS\System32\KERNEL32.DLL
0x00007fffbdb50000 - 0x00007fffbddf3000 	C:\WINDOWS\System32\KERNELBASE.dll
0x00007fffbf9e0000 - 0x00007fffbfa83000 	C:\WINDOWS\System32\ADVAPI32.dll
0x00007fffbf5a0000 - 0x00007fffbf63e000 	C:\WINDOWS\System32\msvcrt.dll
0x00007fffbf940000 - 0x00007fffbf9d7000 	C:\WINDOWS\System32\sechost.dll
0x00007fffbf6c0000 - 0x00007fffbf7e0000 	C:\WINDOWS\System32\RPCRT4.dll
0x00007fffbfd70000 - 0x00007fffbff04000 	C:\WINDOWS\System32\USER32.dll
0x00007fffbdb20000 - 0x00007fffbdb41000 	C:\WINDOWS\System32\win32u.dll
0x00007fffbec20000 - 0x00007fffbec46000 	C:\WINDOWS\System32\GDI32.dll
0x00007fffbdf30000 - 0x00007fffbe0c4000 	C:\WINDOWS\System32\gdi32full.dll
0x00007fffbe3d0000 - 0x00007fffbe46e000 	C:\WINDOWS\System32\msvcp_win.dll
0x00007fffbe120000 - 0x00007fffbe21a000 	C:\WINDOWS\System32\ucrtbase.dll
0x00007fffa9a90000 - 0x00007fffa9d15000 	C:\WINDOWS\WinSxS\amd64_microsoft.windows.common-controls_6595b64144ccf1df_6.0.18362.720_none_e6beb5c51314836b\COMCTL32.dll
0x00007fffc0010000 - 0x00007fffc0346000 	C:\WINDOWS\System32\combase.dll
0x00007fffbde00000 - 0x00007fffbde80000 	C:\WINDOWS\System32\bcryptPrimitives.dll
0x00007fffbebf0000 - 0x00007fffbec1e000 	C:\WINDOWS\System32\IMM32.DLL
0x0000000055080000 - 0x0000000055152000 	C:\Program Files\Android\Android Studio\jre\jre\bin\msvcr100.dll
0x0000000055a20000 - 0x0000000056266000 	C:\Program Files\Android\Android Studio\jre\jre\bin\server\jvm.dll
0x00007fffbff10000 - 0x00007fffbff18000 	C:\WINDOWS\System32\PSAPI.DLL
0x00007fffa9f50000 - 0x00007fffa9f59000 	C:\WINDOWS\SYSTEM32\WSOCK32.dll
0x00007fffbb600000 - 0x00007fffbb624000 	C:\WINDOWS\SYSTEM32\WINMM.dll
0x00007fffb8740000 - 0x00007fffb874a000 	C:\WINDOWS\SYSTEM32\VERSION.dll
0x00007fffbec50000 - 0x00007fffbecbf000 	C:\WINDOWS\System32\WS2_32.dll
0x00007fffbb4f0000 - 0x00007fffbb51d000 	C:\WINDOWS\SYSTEM32\WINMMBASE.dll
0x00007fffbdad0000 - 0x00007fffbdb1a000 	C:\WINDOWS\System32\cfgmgr32.dll
0x00007fffa9db0000 - 0x00007fffa9dbf000 	C:\Program Files\Android\Android Studio\jre\jre\bin\verify.dll
0x00007fffa9370000 - 0x00007fffa9399000 	C:\Program Files\Android\Android Studio\jre\jre\bin\java.dll
0x00007fffa9d40000 - 0x00007fffa9d56000 	C:\Program Files\Android\Android Studio\jre\jre\bin\zip.dll
0x00007fffbede0000 - 0x00007fffbf4c5000 	C:\WINDOWS\System32\SHELL32.dll
0x00007fffbfcc0000 - 0x00007fffbfd69000 	C:\WINDOWS\System32\shcore.dll
0x00007fffbe470000 - 0x00007fffbebf0000 	C:\WINDOWS\System32\windows.storage.dll
0x00007fffbda60000 - 0x00007fffbda83000 	C:\WINDOWS\System32\profapi.dll
0x00007fffbda10000 - 0x00007fffbda5a000 	C:\WINDOWS\System32\powrprof.dll
0x00007fffbda00000 - 0x00007fffbda10000 	C:\WINDOWS\System32\UMPDC.dll
0x00007fffbecd0000 - 0x00007fffbed22000 	C:\WINDOWS\System32\shlwapi.dll
0x00007fffbdab0000 - 0x00007fffbdac1000 	C:\WINDOWS\System32\kernel.appcore.dll
0x00007fffbe0d0000 - 0x00007fffbe0e7000 	C:\WINDOWS\System32\cryptsp.dll
0x00007fffa9750000 - 0x00007fffa976a000 	C:\Program Files\Android\Android Studio\jre\jre\bin\net.dll
0x00007fffb2b50000 - 0x00007fffb2d25000 	C:\WINDOWS\SYSTEM32\urlmon.dll
0x00007fffb3760000 - 0x00007fffb3a06000 	C:\WINDOWS\SYSTEM32\iertutil.dll
0x00007fffbd440000 - 0x00007fffbd44c000 	C:\WINDOWS\SYSTEM32\CRYPTBASE.DLL
0x00007fffbd270000 - 0x00007fffbd2d7000 	C:\WINDOWS\system32\mswsock.dll
0x00007fffa8bb0000 - 0x00007fffa8bc3000 	C:\Program Files\Android\Android Studio\jre\jre\bin\nio.dll
0x00007fffa4370000 - 0x00007fffa4396000 	C:\Users\Subin\.gradle\native\30\windows-amd64\native-platform.dll
0x00007fffa8b30000 - 0x00007fffa8b3d000 	C:\Program Files\Android\Android Studio\jre\jre\bin\management.dll
0x00007fffbcde0000 - 0x00007fffbce13000 	C:\WINDOWS\system32\rsaenh.dll
0x00007fffbe0f0000 - 0x00007fffbe116000 	C:\WINDOWS\System32\bcrypt.dll
0x00007fffbd920000 - 0x00007fffbd945000 	C:\WINDOWS\SYSTEM32\USERENV.dll
0x00007fffbcf80000 - 0x00007fffbcfba000 	C:\WINDOWS\SYSTEM32\IPHLPAPI.DLL
0x00007fffbecc0000 - 0x00007fffbecc8000 	C:\WINDOWS\System32\NSI.dll
0x00007fffb79b0000 - 0x00007fffb79c6000 	C:\WINDOWS\SYSTEM32\dhcpcsvc6.DLL
0x00007fffb84e0000 - 0x00007fffb84fc000 	C:\WINDOWS\SYSTEM32\dhcpcsvc.DLL
0x00007fffbcfc0000 - 0x00007fffbd08a000 	C:\WINDOWS\SYSTEM32\DNSAPI.dll

VM Arguments:
jvm_args: -Xmx1536m -Dfile.encoding=x-windows-949 -Duser.country=KR -Duser.language=ko -Duser.variant 
java_command: org.gradle.launcher.daemon.bootstrap.GradleDaemon 5.6.4
java_class_path (initial): C:\Users\Subin\.gradle\wrapper\dists\gradle-5.6.4-all\ankdp27end7byghfw1q2sw75f\gradle-5.6.4\lib\gradle-launcher-5.6.4.jar
Launcher Type: SUN_STANDARD

Environment Variables:
PATH=C:\Program Files (x86)\NAT Service;C:\WINDOWS\system32;C:\WINDOWS;C:\WINDOWS\System32\Wbem;C:\WINDOWS\System32\WindowsPowerShell\v1.0\;C:\WINDOWS\System32\OpenSSH\;C:\Program Files (x86)\Brackets\command;C:\Program Files\Git\cmd;C:\Users\Subin\AppData\Local\Microsoft\WindowsApps;C:\Program Files\Bandizip\;
USERNAME=Subin
OS=Windows_NT
PROCESSOR_IDENTIFIER=Intel64 Family 6 Model 158 Stepping 10, GenuineIntel



---------------  S Y S T E M  ---------------

OS: Windows 10.0 , 64 bit Build 18362 (10.0.18362.329)

CPU:total 6 (initial active 6) (6 cores per cpu, 1 threads per core) family 6 model 158 stepping 10, cmov, cx8, fxsr, mmx, sse, sse2, sse3, ssse3, sse4.1, sse4.2, popcnt, avx, avx2, aes, clmul, erms, 3dnowpref, lzcnt, tsc, tscinvbit, bmi1, bmi2, adx

Memory: 4k page, physical 8320968k(2804588k free), swap 8320968k(5380k free)

vm_info: OpenJDK 64-Bit Server VM (25.212-b04) for windows-amd64 JRE (1.8.0_212-release-1586-b04), built by "builder" with MS VC++ 10.0 (VS2010)

time: Mon Mar 16 03:36:57 2020
timezone: 대한민국 표준시
elapsed time: 3 seconds (0d 0h 0m 3s)

