#
# There is insufficient memory for the Java Runtime Environment to continue.
# Native memory allocation (malloc) failed to allocate 662016 bytes for Chunk::new
# Possible reasons:
#   The system is out of physical RAM or swap space
#   The process is running with CompressedOops enabled, and the Java Heap may be blocking the growth of the native heap
# Possible solutions:
#   Reduce memory load on the system
#   Increase physical memory or swap space
#   Check if swap backing store is full
#   Decrease Java heap size (-Xmx/-Xms)
#   Decrease number of Java threads
#   Decrease Java thread stack sizes (-Xss)
#   Set larger code cache with -XX:ReservedCodeCacheSize=
#   JVM is running with Unscaled Compressed Oops mode in which the Java heap is
#     placed in the first 4GB address space. The Java Heap base address is the
#     maximum limit for the native heap growth. Please use -XX:HeapBaseMinAddress
#     to set the Java Heap base and to place the Java Heap above 4GB virtual address.
# This output file may be truncated or incomplete.
#
#  Out of Memory Error (allocation.cpp:389), pid=16320, tid=0x000000000000401c
#
# JRE version: OpenJDK Runtime Environment (8.0_212-b04) (build 1.8.0_212-release-1586-b04)
# Java VM: OpenJDK 64-Bit Server VM (25.212-b04 mixed mode windows-amd64 compressed oops)
# Failed to write core dump. Minidumps are not enabled by default on client versions of Windows
#

---------------  T H R E A D  ---------------

Current thread (0x0000000018a9d000):  JavaThread "C2 CompilerThread1" daemon [_thread_in_native, id=16412, stack(0x0000000019150000,0x0000000019250000)]

Stack: [0x0000000019150000,0x0000000019250000]
[error occurred during error reporting (printing stack bounds), id 0xc0000005]

Native frames: (J=compiled Java code, j=interpreted, Vv=VM code, C=native code)


Current CompileTask:
C2:   4005 4134   !   4       com.sun.beans.TypeResolver::resolve (274 bytes)


---------------  P R O C E S S  ---------------

Java Threads: ( => current thread )
  0x000000001b220000 JavaThread "Cache worker for Build Output Cleanup Cache (C:\Users\Subin\Desktop\StudyRoomInfo.0.1.6\.gradle\buildOutputCleanup)" [_thread_blocked, id=1704, stack(0x0000000020bf0000,0x0000000020cf0000)]
  0x000000001b21b800 JavaThread "Build operations Thread 6" [_thread_blocked, id=16856, stack(0x0000000022cb0000,0x0000000022db0000)]
  0x000000001b21b000 JavaThread "Build operations Thread 5" [_thread_blocked, id=10820, stack(0x0000000022bb0000,0x0000000022cb0000)]
  0x000000001b21d000 JavaThread "Build operations Thread 4" [_thread_blocked, id=16000, stack(0x0000000022ab0000,0x0000000022bb0000)]
  0x000000001b218800 JavaThread "Build operations Thread 3" [_thread_blocked, id=16824, stack(0x00000000229b0000,0x0000000022ab0000)]
  0x000000001b21e000 JavaThread "Build operations Thread 2" [_thread_blocked, id=7564, stack(0x00000000228b0000,0x00000000229b0000)]
  0x000000001b21f800 JavaThread "Build operations" [_thread_blocked, id=16848, stack(0x0000000022500000,0x0000000022600000)]
  0x000000001b21c800 JavaThread "Cache worker for execution history cache (C:\Users\Subin\.gradle\caches\5.6.4\executionHistory)" [_thread_blocked, id=1848, stack(0x0000000020af0000,0x0000000020bf0000)]
  0x000000001a060800 JavaThread "Cache worker for cache directory md-rule (C:\Users\Subin\.gradle\caches\5.6.4\md-rule)" [_thread_blocked, id=2784, stack(0x00000000209f0000,0x0000000020af0000)]
  0x000000001a064000 JavaThread "Cache worker for cache directory md-supplier (C:\Users\Subin\.gradle\caches\5.6.4\md-supplier)" [_thread_blocked, id=16652, stack(0x0000000021f60000,0x0000000022060000)]
  0x000000001a05f000 JavaThread "Cache worker for file hash cache (C:\Users\Subin\Desktop\StudyRoomInfo.0.1.6\.gradle\5.6.4\fileHashes)" [_thread_blocked, id=12972, stack(0x000000001f270000,0x000000001f370000)]
  0x000000001a062800 JavaThread "Cache worker for journal cache (C:\Users\Subin\.gradle\caches\journal-1)" [_thread_blocked, id=15284, stack(0x000000001cfd0000,0x000000001d0d0000)]
  0x000000001a061000 JavaThread "File lock request listener" [_thread_in_native, id=15076, stack(0x000000001ced0000,0x000000001cfd0000)]
  0x000000001a05e000 JavaThread "Cache worker for file hash cache (C:\Users\Subin\.gradle\caches\5.6.4\fileHashes)" [_thread_blocked, id=10124, stack(0x000000001cdd0000,0x000000001ced0000)]
  0x000000001afe5800 JavaThread "Thread-9" [_thread_blocked, id=2848, stack(0x000000001cad0000,0x000000001cbd0000)]
  0x000000001afe4800 JavaThread "Stdin handler" [_thread_blocked, id=14984, stack(0x000000001c9d0000,0x000000001cad0000)]
  0x000000001afe4000 JavaThread "Asynchronous log dispatcher for DefaultDaemonConnection: socket connection from /127.0.0.1:50341 to /127.0.0.1:50342" [_thread_blocked, id=16664, stack(0x000000001c8d0000,0x000000001c9d0000)]
  0x000000001b025000 JavaThread "Daemon worker" [_thread_in_Java, id=16704, stack(0x000000001c7d0000,0x000000001c8d0000)]
  0x000000001b02c000 JavaThread "Cancel handler" [_thread_blocked, id=15732, stack(0x000000001c6d0000,0x000000001c7d0000)]
  0x000000001afba000 JavaThread "Handler for socket connection from /127.0.0.1:50341 to /127.0.0.1:50342" [_thread_in_native, id=6864, stack(0x000000001c3d0000,0x000000001c4d0000)]
  0x000000001af66000 JavaThread "Daemon" [_thread_blocked, id=15836, stack(0x000000001c2d0000,0x000000001c3d0000)]
  0x000000001af63000 JavaThread "Daemon periodic checks" [_thread_blocked, id=17256, stack(0x000000001c1d0000,0x000000001c2d0000)]
  0x000000001af57000 JavaThread "Incoming local TCP Connector on port 50341" [_thread_in_native, id=14552, stack(0x000000001bff0000,0x000000001c0f0000)]
  0x0000000018e04000 JavaThread "Daemon health stats" [_thread_blocked, id=6752, stack(0x000000001bcf0000,0x000000001bdf0000)]
  0x0000000018b22800 JavaThread "Service Thread" daemon [_thread_blocked, id=16392, stack(0x0000000019350000,0x0000000019450000)]
  0x0000000018a9e000 JavaThread "C1 CompilerThread2" daemon [_thread_blocked, id=16764, stack(0x0000000019250000,0x0000000019350000)]
=>0x0000000018a9d000 JavaThread "C2 CompilerThread1" daemon [_thread_in_native, id=16412, stack(0x0000000019150000,0x0000000019250000)]
  0x0000000018a9b000 JavaThread "C2 CompilerThread0" daemon [_thread_in_native, id=11216, stack(0x0000000019050000,0x0000000019150000)]
  0x0000000018a9a000 JavaThread "Attach Listener" daemon [_thread_blocked, id=16348, stack(0x0000000018f50000,0x0000000019050000)]
  0x0000000017041000 JavaThread "Signal Dispatcher" daemon [_thread_blocked, id=6704, stack(0x0000000018e50000,0x0000000018f50000)]
  0x000000000347c000 JavaThread "Finalizer" daemon [_thread_blocked, id=16880, stack(0x00000000188c0000,0x00000000189c0000)]
  0x0000000003475800 JavaThread "Reference Handler" daemon [_thread_blocked, id=17288, stack(0x00000000187c0000,0x00000000188c0000)]
  0x00000000016ed800 JavaThread "main" [_thread_blocked, id=12676, stack(0x0000000003280000,0x0000000003380000)]

Other Threads:
  0x0000000016ff7000 VMThread [stack: 0x00000000186c0000,0x00000000187c0000] [id=14944]
  0x0000000018b23800 WatcherThread [stack: 0x0000000019450000,0x0000000019550000] [id=1524]

VM state:not at safepoint (normal execution)

VM Mutex/Monitor currently owned by a thread: None

heap address: 0x00000000a0000000, size: 1536 MB, Compressed Oops mode: 32-bit
Narrow klass base: 0x0000000000000000, Narrow klass shift: 3
Compressed class space size: 1073741824 Address: 0x0000000100000000

Heap:
 PSYoungGen      total 77312K, used 10032K [0x00000000e0000000, 0x00000000e5700000, 0x0000000100000000)
  eden space 66048K, 15% used [0x00000000e0000000,0x00000000e09cc2d8,0x00000000e4080000)
  from space 11264K, 0% used [0x00000000e4080000,0x00000000e4080000,0x00000000e4b80000)
  to   space 10752K, 0% used [0x00000000e4b80000,0x00000000e4b80000,0x00000000e5600000)
 ParOldGen       total 59392K, used 25612K [0x00000000a0000000, 0x00000000a3a00000, 0x00000000e0000000)
  object space 59392K, 43% used [0x00000000a0000000,0x00000000a19032b8,0x00000000a3a00000)
 Metaspace       used 47438K, capacity 48658K, committed 49024K, reserved 1093632K
  class space    used 6339K, capacity 6668K, committed 6784K, reserved 1048576K

Card table byte_map: [0x0000000012840000,0x0000000012b50000] byte_map_base: 0x0000000012340000

Marking Bits: (ParMarkBitMap*) 0x00000000561e9f30
 Begin Bits: [0x0000000013350000, 0x0000000014b50000)
 End Bits:   [0x0000000014b50000, 0x0000000016350000)

Polling page: 0x0000000001160000

CodeCache: size=245760Kb used=14594Kb max_used=14606Kb free=231165Kb
 bounds [0x0000000003480000, 0x00000000042d0000, 0x0000000012480000]
 total_blobs=4933 nmethods=4164 adapters=681
 compilation: enabled

Compilation events (10 events):
Event: 4.000 Thread 0x0000000018a9e000 nmethod 4163 0x00000000042abd50 code [0x00000000042abea0, 0x00000000042abf90]
Event: 4.002 Thread 0x0000000018a9e000 4164       3       org.codehaus.groovy.reflection.stdclasses.CachedSAMClass$1::run (5 bytes)
Event: 4.002 Thread 0x0000000018a9e000 nmethod 4164 0x00000000042c37d0 code [0x00000000042c3980, 0x00000000042c3d78]
Event: 4.002 Thread 0x0000000018a9e000 4165       3       org.codehaus.groovy.reflection.stdclasses.CachedSAMClass$1::run (8 bytes)
Event: 4.002 Thread 0x0000000018a9e000 nmethod 4165 0x00000000042c31d0 code [0x00000000042c3360, 0x00000000042c3678]
Event: 4.002 Thread 0x0000000018a9e000 4166       1       org.codehaus.groovy.reflection.CachedClass::isInterface (5 bytes)
Event: 4.003 Thread 0x0000000018a9e000 nmethod 4166 0x00000000042bd110 code [0x00000000042bd260, 0x00000000042bd370]
Event: 4.003 Thread 0x0000000018a9e000 4167   !   3       org.codehaus.groovy.reflection.stdclasses.CachedSAMClass::getSAMMethodImpl (181 bytes)
Event: 4.003 Thread 0x0000000018a9b000 nmethod 4149 0x00000000042c1290 code [0x00000000042c1420, 0x00000000042c1898]
Event: 4.004 Thread 0x0000000018a9e000 nmethod 4167 0x00000000042c6590 code [0x00000000042c6960, 0x00000000042c8a88]

GC Heap History (10 events):
Event: 2.968 GC heap before
{Heap before GC invocations=10 (full 1):
 PSYoungGen      total 76800K, used 59515K [0x00000000e0000000, 0x00000000e5700000, 0x0000000100000000)
  eden space 66048K, 76% used [0x00000000e0000000,0x00000000e3199598,0x00000000e4080000)
  from space 10752K, 81% used [0x00000000e4b80000,0x00000000e54057f8,0x00000000e5600000)
  to   space 11264K, 0% used [0x00000000e4080000,0x00000000e4080000,0x00000000e4b80000)
 ParOldGen       total 59392K, used 9598K [0x00000000a0000000, 0x00000000a3a00000, 0x00000000e0000000)
  object space 59392K, 16% used [0x00000000a0000000,0x00000000a095f898,0x00000000a3a00000)
 Metaspace       used 34538K, capacity 35386K, committed 35456K, reserved 1079296K
  class space    used 4741K, capacity 4964K, committed 4992K, reserved 1048576K
Event: 2.974 GC heap after
Heap after GC invocations=10 (full 1):
 PSYoungGen      total 77312K, used 9989K [0x00000000e0000000, 0x00000000e5700000, 0x0000000100000000)
  eden space 66048K, 0% used [0x00000000e0000000,0x00000000e0000000,0x00000000e4080000)
  from space 11264K, 88% used [0x00000000e4080000,0x00000000e4a41500,0x00000000e4b80000)
  to   space 10752K, 0% used [0x00000000e4b80000,0x00000000e4b80000,0x00000000e5600000)
 ParOldGen       total 59392K, used 9606K [0x00000000a0000000, 0x00000000a3a00000, 0x00000000e0000000)
  object space 59392K, 16% used [0x00000000a0000000,0x00000000a0961898,0x00000000a3a00000)
 Metaspace       used 34538K, capacity 35386K, committed 35456K, reserved 1079296K
  class space    used 4741K, capacity 4964K, committed 4992K, reserved 1048576K
}
Event: 2.974 GC heap before
{Heap before GC invocations=11 (full 2):
 PSYoungGen      total 77312K, used 9989K [0x00000000e0000000, 0x00000000e5700000, 0x0000000100000000)
  eden space 66048K, 0% used [0x00000000e0000000,0x00000000e0000000,0x00000000e4080000)
  from space 11264K, 88% used [0x00000000e4080000,0x00000000e4a41500,0x00000000e4b80000)
  to   space 10752K, 0% used [0x00000000e4b80000,0x00000000e4b80000,0x00000000e5600000)
 ParOldGen       total 59392K, used 9606K [0x00000000a0000000, 0x00000000a3a00000, 0x00000000e0000000)
  object space 59392K, 16% used [0x00000000a0000000,0x00000000a0961898,0x00000000a3a00000)
 Metaspace       used 34538K, capacity 35386K, committed 35456K, reserved 1079296K
  class space    used 4741K, capacity 4964K, committed 4992K, reserved 1048576K
Event: 3.004 GC heap after
Heap after GC invocations=11 (full 2):
 PSYoungGen      total 77312K, used 0K [0x00000000e0000000, 0x00000000e5700000, 0x0000000100000000)
  eden space 66048K, 0% used [0x00000000e0000000,0x00000000e0000000,0x00000000e4080000)
  from space 11264K, 0% used [0x00000000e4080000,0x00000000e4080000,0x00000000e4b80000)
  to   space 10752K, 0% used [0x00000000e4b80000,0x00000000e4b80000,0x00000000e5600000)
 ParOldGen       total 59392K, used 17007K [0x00000000a0000000, 0x00000000a3a00000, 0x00000000e0000000)
  object space 59392K, 28% used [0x00000000a0000000,0x00000000a109be20,0x00000000a3a00000)
 Metaspace       used 34524K, capacity 35344K, committed 35456K, reserved 1079296K
  class space    used 4737K, capacity 4957K, committed 4992K, reserved 1048576K
}
Event: 3.517 GC heap before
{Heap before GC invocations=12 (full 2):
 PSYoungGen      total 77312K, used 66048K [0x00000000e0000000, 0x00000000e5700000, 0x0000000100000000)
  eden space 66048K, 100% used [0x00000000e0000000,0x00000000e4080000,0x00000000e4080000)
  from space 11264K, 0% used [0x00000000e4080000,0x00000000e4080000,0x00000000e4b80000)
  to   space 10752K, 0% used [0x00000000e4b80000,0x00000000e4b80000,0x00000000e5600000)
 ParOldGen       total 59392K, used 17007K [0x00000000a0000000, 0x00000000a3a00000, 0x00000000e0000000)
  object space 59392K, 28% used [0x00000000a0000000,0x00000000a109be20,0x00000000a3a00000)
 Metaspace       used 42728K, capacity 43886K, committed 44032K, reserved 1087488K
  class space    used 5766K, capacity 6053K, committed 6144K, reserved 1048576K
Event: 3.523 GC heap after
Heap after GC invocations=12 (full 2):
 PSYoungGen      total 76800K, used 8860K [0x00000000e0000000, 0x00000000e5700000, 0x0000000100000000)
  eden space 66048K, 0% used [0x00000000e0000000,0x00000000e0000000,0x00000000e4080000)
  from space 10752K, 82% used [0x00000000e4b80000,0x00000000e5427020,0x00000000e5600000)
  to   space 11264K, 0% used [0x00000000e4080000,0x00000000e4080000,0x00000000e4b80000)
 ParOldGen       total 59392K, used 17015K [0x00000000a0000000, 0x00000000a3a00000, 0x00000000e0000000)
  object space 59392K, 28% used [0x00000000a0000000,0x00000000a109de20,0x00000000a3a00000)
 Metaspace       used 42728K, capacity 43886K, committed 44032K, reserved 1087488K
  class space    used 5766K, capacity 6053K, committed 6144K, reserved 1048576K
}
Event: 3.869 GC heap before
{Heap before GC invocations=13 (full 2):
 PSYoungGen      total 76800K, used 67670K [0x00000000e0000000, 0x00000000e5700000, 0x0000000100000000)
  eden space 66048K, 89% used [0x00000000e0000000,0x00000000e396e970,0x00000000e4080000)
  from space 10752K, 82% used [0x00000000e4b80000,0x00000000e5427020,0x00000000e5600000)
  to   space 11264K, 0% used [0x00000000e4080000,0x00000000e4080000,0x00000000e4b80000)
 ParOldGen       total 59392K, used 17015K [0x00000000a0000000, 0x00000000a3a00000, 0x00000000e0000000)
  object space 59392K, 28% used [0x00000000a0000000,0x00000000a109de20,0x00000000a3a00000)
 Metaspace       used 47389K, capacity 48528K, committed 48640K, reserved 1095680K
  class space    used 6329K, capacity 6602K, committed 6656K, reserved 1048576K
Event: 3.875 GC heap after
Heap after GC invocations=13 (full 2):
 PSYoungGen      total 77312K, used 11249K [0x00000000e0000000, 0x00000000e5700000, 0x0000000100000000)
  eden space 66048K, 0% used [0x00000000e0000000,0x00000000e0000000,0x00000000e4080000)
  from space 11264K, 99% used [0x00000000e4080000,0x00000000e4b7c660,0x00000000e4b80000)
  to   space 10752K, 0% used [0x00000000e4b80000,0x00000000e4b80000,0x00000000e5600000)
 ParOldGen       total 59392K, used 17110K [0x00000000a0000000, 0x00000000a3a00000, 0x00000000e0000000)
  object space 59392K, 28% used [0x00000000a0000000,0x00000000a10b5bb8,0x00000000a3a00000)
 Metaspace       used 47389K, capacity 48528K, committed 48640K, reserved 1095680K
  class space    used 6329K, capacity 6602K, committed 6656K, reserved 1048576K
}
Event: 3.875 GC heap before
{Heap before GC invocations=14 (full 3):
 PSYoungGen      total 77312K, used 11249K [0x00000000e0000000, 0x00000000e5700000, 0x0000000100000000)
  eden space 66048K, 0% used [0x00000000e0000000,0x00000000e0000000,0x00000000e4080000)
  from space 11264K, 99% used [0x00000000e4080000,0x00000000e4b7c660,0x00000000e4b80000)
  to   space 10752K, 0% used [0x00000000e4b80000,0x00000000e4b80000,0x00000000e5600000)
 ParOldGen       total 59392K, used 17110K [0x00000000a0000000, 0x00000000a3a00000, 0x00000000e0000000)
  object space 59392K, 28% used [0x00000000a0000000,0x00000000a10b5bb8,0x00000000a3a00000)
 Metaspace       used 47389K, capacity 48528K, committed 48640K, reserved 1095680K
  class space    used 6329K, capacity 6602K, committed 6656K, reserved 1048576K
Event: 3.985 GC heap after
Heap after GC invocations=14 (full 3):
 PSYoungGen      total 77312K, used 0K [0x00000000e0000000, 0x00000000e5700000, 0x0000000100000000)
  eden space 66048K, 0% used [0x00000000e0000000,0x00000000e0000000,0x00000000e4080000)
  from space 11264K, 0% used [0x00000000e4080000,0x00000000e4080000,0x00000000e4b80000)
  to   space 10752K, 0% used [0x00000000e4b80000,0x00000000e4b80000,0x00000000e5600000)
 ParOldGen       total 59392K, used 25612K [0x00000000a0000000, 0x00000000a3a00000, 0x00000000e0000000)
  object space 59392K, 43% used [0x00000000a0000000,0x00000000a19032b8,0x00000000a3a00000)
 Metaspace       used 47389K, capacity 48528K, committed 48640K, reserved 1093632K
  class space    used 6329K, capacity 6602K, committed 6656K, reserved 1048576K
}

Deoptimization events (10 events):
Event: 3.515 Thread 0x000000001b025000 Uncommon trap: reason=unstable_if action=reinterpret pc=0x0000000003a5bb6c method=java.security.CodeSource.getCertificates()[Ljava/security/cert/Certificate; @ 22
Event: 3.515 Thread 0x000000001b025000 Uncommon trap: reason=unstable_if action=reinterpret pc=0x0000000003d22f98 method=java.util.jar.JarFile.maybeInstantiateVerifier()V @ 4
Event: 3.532 Thread 0x000000001b025000 Uncommon trap: reason=unstable_if action=reinterpret pc=0x0000000003f1617c method=java.util.LinkedHashMap.get(Ljava/lang/Object;)Ljava/lang/Object; @ 20
Event: 3.570 Thread 0x000000001b025000 Uncommon trap: reason=unstable_if action=reinterpret pc=0x0000000003d8cfe4 method=org.objectweb.asm.ByteVector.putUTF8(Ljava/lang/String;)Lorg/objectweb/asm/ByteVector; @ 93
Event: 3.614 Thread 0x000000001b025000 Uncommon trap: reason=unstable_if action=reinterpret pc=0x0000000003af36f0 method=org.objectweb.asm.ByteVector.putUTF8(Ljava/lang/String;)Lorg/objectweb/asm/ByteVector; @ 93
Event: 3.751 Thread 0x000000001b025000 Uncommon trap: reason=unstable_if action=reinterpret pc=0x0000000003d3ca28 method=org.gradle.internal.reflect.PropertyAccessorType.of(Ljava/lang/reflect/Method;)Lorg/gradle/internal/reflect/PropertyAccessorType; @ 56
Event: 3.836 Thread 0x000000001b025000 Uncommon trap: reason=speculate_class_check action=maybe_recompile pc=0x0000000003ec7928 method=com.google.common.collect.AbstractIndexedListIterator.next()Ljava/lang/Object; @ 27
Event: 3.836 Thread 0x000000001b025000 Uncommon trap: reason=speculate_class_check action=maybe_recompile pc=0x0000000003ec7928 method=com.google.common.collect.AbstractIndexedListIterator.next()Ljava/lang/Object; @ 27
Event: 3.836 Thread 0x000000001b025000 Uncommon trap: reason=speculate_class_check action=maybe_recompile pc=0x0000000003ec7928 method=com.google.common.collect.AbstractIndexedListIterator.next()Ljava/lang/Object; @ 27
Event: 3.836 Thread 0x000000001b025000 Uncommon trap: reason=speculate_class_check action=maybe_recompile pc=0x0000000003ec7928 method=com.google.common.collect.AbstractIndexedListIterator.next()Ljava/lang/Object; @ 27

Classes redefined (0 events):
No events

Internal exceptions (10 events):
Event: 3.992 Thread 0x000000001b025000 Exception <a 'java/lang/ClassNotFoundException': org/gradle/api/internal/AbstractNamedDomainObjectContainerBeanInfo> (0x00000000e03cd868) thrown at [D:\src\AOSP-openjdk-cygwin\jdk8u\hotspot\src\share\vm\classfile\systemDictionary.cpp, line 210]
Event: 3.993 Thread 0x000000001b025000 Exception <a 'java/lang/ClassNotFoundException': org/gradle/api/internal/DefaultNamedDomainObjectSetBeanInfo> (0x00000000e040b5e8) thrown at [D:\src\AOSP-openjdk-cygwin\jdk8u\hotspot\src\share\vm\classfile\systemDictionary.cpp, line 210]
Event: 3.993 Thread 0x000000001b025000 Exception <a 'java/lang/ClassNotFoundException': org/gradle/api/internal/DefaultNamedDomainObjectSetCustomizer> (0x00000000e044a190) thrown at [D:\src\AOSP-openjdk-cygwin\jdk8u\hotspot\src\share\vm\classfile\systemDictionary.cpp, line 210]
Event: 3.994 Thread 0x000000001b025000 Exception <a 'java/lang/ClassNotFoundException': org/gradle/api/internal/AbstractNamedDomainObjectContainerCustomizer> (0x00000000e04a7b90) thrown at [D:\src\AOSP-openjdk-cygwin\jdk8u\hotspot\src\share\vm\classfile\systemDictionary.cpp, line 210]
Event: 3.995 Thread 0x000000001b025000 Exception <a 'java/lang/ClassNotFoundException': org/gradle/api/internal/FactoryNamedDomainObjectContainerCustomizer> (0x00000000e0505c28) thrown at [D:\src\AOSP-openjdk-cygwin\jdk8u\hotspot\src\share\vm\classfile\systemDictionary.cpp, line 210]
Event: 3.996 Thread 0x000000001b025000 Exception <a 'java/lang/ClassNotFoundException': org/gradle/api/internal/FactoryNamedDomainObjectContainer_DecoratedCustomizer> (0x00000000e0559fd0) thrown at [D:\src\AOSP-openjdk-cygwin\jdk8u\hotspot\src\share\vm\classfile\systemDictionary.cpp, line 210]
Event: 3.997 Thread 0x000000001b025000 Exception <a 'java/lang/ClassNotFoundException': build_883wlxvxvtpc9f8r70ulo6psf$_run_closure1$_closure4BeanInfo> (0x00000000e05b7980) thrown at [D:\src\AOSP-openjdk-cygwin\jdk8u\hotspot\src\share\vm\classfile\systemDictionary.cpp, line 210]
Event: 3.997 Thread 0x000000001b025000 Exception <a 'java/lang/ClassNotFoundException': build_883wlxvxvtpc9f8r70ulo6psf$_run_closure1$_closure4Customizer> (0x00000000e05c9818) thrown at [D:\src\AOSP-openjdk-cygwin\jdk8u\hotspot\src\share\vm\classfile\systemDictionary.cpp, line 210]
Event: 3.998 Thread 0x000000001b025000 Exception <a 'java/lang/ClassNotFoundException': build_883wlxvxvtpc9f8r70ulo6psf$_run_closure1BeanInfo> (0x00000000e05f3790) thrown at [D:\src\AOSP-openjdk-cygwin\jdk8u\hotspot\src\share\vm\classfile\systemDictionary.cpp, line 210]
Event: 3.999 Thread 0x000000001b025000 Exception <a 'java/lang/ClassNotFoundException': build_883wlxvxvtpc9f8r70ulo6psf$_run_closure1Customizer> (0x00000000e0604b50) thrown at [D:\src\AOSP-openjdk-cygwin\jdk8u\hotspot\src\share\vm\classfile\systemDictionary.cpp, line 210]

Events (10 events):
Event: 4.001 loading class org/gradle/api/internal/file/CompositeFileTree
Event: 4.001 loading class org/gradle/api/internal/file/CompositeFileTree done
Event: 4.001 loading class groovy/runtime/metaclass/org/gradle/api/internal/file/collections/DefaultConfigurableFileTreeMetaClass
Event: 4.001 loading class groovy/runtime/metaclass/org/gradle/api/internal/file/collections/DefaultConfigurableFileTreeMetaClass done
Event: 4.003 loading class org/gradle/api/file/FileVisitDetails
Event: 4.003 loading class org/gradle/api/file/FileVisitDetails done
Event: 4.003 loading class org/gradle/api/file/FileTreeElement
Event: 4.003 loading class org/gradle/api/file/FileTreeElement done
Event: 4.003 loading class org/gradle/api/internal/file/collections/ResolvableFileCollectionResolveContext
Event: 4.003 loading class org/gradle/api/internal/file/collections/ResolvableFileCollectionResolveContext done


Dynamic libraries:
0x00007ff7ece00000 - 0x00007ff7ece31000 	C:\Program Files\Android\Android Studio\jre\bin\java.exe
0x00007fffc0ae0000 - 0x00007fffc0cd0000 	C:\WINDOWS\SYSTEM32\ntdll.dll
0x00007fffc09e0000 - 0x00007fffc0a92000 	C:\WINDOWS\System32\KERNEL32.DLL
0x00007fffbdb50000 - 0x00007fffbddf3000 	C:\WINDOWS\System32\KERNELBASE.dll
0x00007fffbf9e0000 - 0x00007fffbfa83000 	C:\WINDOWS\System32\ADVAPI32.dll
0x00007fffbf5a0000 - 0x00007fffbf63e000 	C:\WINDOWS\System32\msvcrt.dll
0x00007fffbf940000 - 0x00007fffbf9d7000 	C:\WINDOWS\System32\sechost.dll
0x00007fffbf6c0000 - 0x00007fffbf7e0000 	C:\WINDOWS\System32\RPCRT4.dll
0x00007fffbfd70000 - 0x00007fffbff04000 	C:\WINDOWS\System32\USER32.dll
0x00007fffbdb20000 - 0x00007fffbdb41000 	C:\WINDOWS\System32\win32u.dll
0x00007fffbec20000 - 0x00007fffbec46000 	C:\WINDOWS\System32\GDI32.dll
0x00007fffbdf30000 - 0x00007fffbe0c4000 	C:\WINDOWS\System32\gdi32full.dll
0x00007fffbe3d0000 - 0x00007fffbe46e000 	C:\WINDOWS\System32\msvcp_win.dll
0x00007fffbe120000 - 0x00007fffbe21a000 	C:\WINDOWS\System32\ucrtbase.dll
0x00007fffa9a90000 - 0x00007fffa9d15000 	C:\WINDOWS\WinSxS\amd64_microsoft.windows.common-controls_6595b64144ccf1df_6.0.18362.720_none_e6beb5c51314836b\COMCTL32.dll
0x00007fffc0010000 - 0x00007fffc0346000 	C:\WINDOWS\System32\combase.dll
0x00007fffbde00000 - 0x00007fffbde80000 	C:\WINDOWS\System32\bcryptPrimitives.dll
0x00007fffbebf0000 - 0x00007fffbec1e000 	C:\WINDOWS\System32\IMM32.DLL
0x0000000055080000 - 0x0000000055152000 	C:\Program Files\Android\Android Studio\jre\jre\bin\msvcr100.dll
0x0000000055a20000 - 0x0000000056266000 	C:\Program Files\Android\Android Studio\jre\jre\bin\server\jvm.dll
0x00007fffbff10000 - 0x00007fffbff18000 	C:\WINDOWS\System32\PSAPI.DLL
0x00007fffa9f50000 - 0x00007fffa9f59000 	C:\WINDOWS\SYSTEM32\WSOCK32.dll
0x00007fffbb600000 - 0x00007fffbb624000 	C:\WINDOWS\SYSTEM32\WINMM.dll
0x00007fffbec50000 - 0x00007fffbecbf000 	C:\WINDOWS\System32\WS2_32.dll
0x00007fffb8740000 - 0x00007fffb874a000 	C:\WINDOWS\SYSTEM32\VERSION.dll
0x00007fffbb4f0000 - 0x00007fffbb51d000 	C:\WINDOWS\SYSTEM32\winmmbase.dll
0x00007fffbdad0000 - 0x00007fffbdb1a000 	C:\WINDOWS\System32\cfgmgr32.dll
0x00007fffa9db0000 - 0x00007fffa9dbf000 	C:\Program Files\Android\Android Studio\jre\jre\bin\verify.dll
0x00007fffa9370000 - 0x00007fffa9399000 	C:\Program Files\Android\Android Studio\jre\jre\bin\java.dll
0x00007fffa9d40000 - 0x00007fffa9d56000 	C:\Program Files\Android\Android Studio\jre\jre\bin\zip.dll
0x00007fffbede0000 - 0x00007fffbf4c5000 	C:\WINDOWS\System32\SHELL32.dll
0x00007fffbfcc0000 - 0x00007fffbfd69000 	C:\WINDOWS\System32\shcore.dll
0x00007fffbe470000 - 0x00007fffbebf0000 	C:\WINDOWS\System32\windows.storage.dll
0x00007fffbda60000 - 0x00007fffbda83000 	C:\WINDOWS\System32\profapi.dll
0x00007fffbda10000 - 0x00007fffbda5a000 	C:\WINDOWS\System32\powrprof.dll
0x00007fffbda00000 - 0x00007fffbda10000 	C:\WINDOWS\System32\UMPDC.dll
0x00007fffbecd0000 - 0x00007fffbed22000 	C:\WINDOWS\System32\shlwapi.dll
0x00007fffbdab0000 - 0x00007fffbdac1000 	C:\WINDOWS\System32\kernel.appcore.dll
0x00007fffbe0d0000 - 0x00007fffbe0e7000 	C:\WINDOWS\System32\cryptsp.dll
0x00007fffa9750000 - 0x00007fffa976a000 	C:\Program Files\Android\Android Studio\jre\jre\bin\net.dll
0x00007fffb2b50000 - 0x00007fffb2d25000 	C:\WINDOWS\SYSTEM32\urlmon.dll
0x00007fffb3760000 - 0x00007fffb3a06000 	C:\WINDOWS\SYSTEM32\iertutil.dll
0x00007fffbd440000 - 0x00007fffbd44c000 	C:\WINDOWS\SYSTEM32\CRYPTBASE.DLL
0x00007fffbd270000 - 0x00007fffbd2d7000 	C:\WINDOWS\system32\mswsock.dll
0x00007fffa8bb0000 - 0x00007fffa8bc3000 	C:\Program Files\Android\Android Studio\jre\jre\bin\nio.dll
0x00007fffa4370000 - 0x00007fffa4396000 	C:\Users\Subin\.gradle\native\30\windows-amd64\native-platform.dll
0x00007fffa8b30000 - 0x00007fffa8b3d000 	C:\Program Files\Android\Android Studio\jre\jre\bin\management.dll
0x00007fffbcde0000 - 0x00007fffbce13000 	C:\WINDOWS\system32\rsaenh.dll
0x00007fffbe0f0000 - 0x00007fffbe116000 	C:\WINDOWS\System32\bcrypt.dll
0x00007fffbd920000 - 0x00007fffbd945000 	C:\WINDOWS\SYSTEM32\USERENV.dll
0x00007fffbcf80000 - 0x00007fffbcfba000 	C:\WINDOWS\SYSTEM32\IPHLPAPI.DLL
0x00007fffbecc0000 - 0x00007fffbecc8000 	C:\WINDOWS\System32\NSI.dll
0x00007fffb79b0000 - 0x00007fffb79c6000 	C:\WINDOWS\SYSTEM32\dhcpcsvc6.DLL
0x00007fffb84e0000 - 0x00007fffb84fc000 	C:\WINDOWS\SYSTEM32\dhcpcsvc.DLL
0x00007fffbcfc0000 - 0x00007fffbd08a000 	C:\WINDOWS\SYSTEM32\DNSAPI.dll

VM Arguments:
jvm_args: -Xmx1536m -Dfile.encoding=x-windows-949 -Duser.country=KR -Duser.language=ko -Duser.variant 
java_command: org.gradle.launcher.daemon.bootstrap.GradleDaemon 5.6.4
java_class_path (initial): C:\Users\Subin\.gradle\wrapper\dists\gradle-5.6.4-all\ankdp27end7byghfw1q2sw75f\gradle-5.6.4\lib\gradle-launcher-5.6.4.jar
Launcher Type: SUN_STANDARD

Environment Variables:
PATH=C:\Program Files (x86)\NAT Service;C:\WINDOWS\system32;C:\WINDOWS;C:\WINDOWS\System32\Wbem;C:\WINDOWS\System32\WindowsPowerShell\v1.0\;C:\WINDOWS\System32\OpenSSH\;C:\Program Files (x86)\Brackets\command;C:\Program Files\Git\cmd;C:\Users\Subin\AppData\Local\Microsoft\WindowsApps;C:\Program Files\Bandizip\;
USERNAME=Subin
OS=Windows_NT
PROCESSOR_IDENTIFIER=Intel64 Family 6 Model 158 Stepping 10, GenuineIntel



---------------  S Y S T E M  ---------------

OS: Windows 10.0 , 64 bit Build 18362 (10.0.18362.329)

CPU:total 6 (initial active 6) (6 cores per cpu, 1 threads per core) family 6 model 158 stepping 10, cmov, cx8, fxsr, mmx, sse, sse2, sse3, ssse3, sse4.1, sse4.2, popcnt, avx, avx2, aes, clmul, erms, 3dnowpref, lzcnt, tsc, tscinvbit, bmi1, bmi2, adx

Memory: 4k page, physical 8320968k(2768016k free), swap 8320968k(5168k free)

vm_info: OpenJDK 64-Bit Server VM (25.212-b04) for windows-amd64 JRE (1.8.0_212-release-1586-b04), built by "builder" with MS VC++ 10.0 (VS2010)

time: Mon Mar 16 03:37:23 2020
timezone: 대한민국 표준시
elapsed time: 4 seconds (0d 0h 0m 4s)

